#
# A fatal error has been detected by the Java Runtime Environment:
#
#  SIGSEGV (0xb) at pc=0xb75ec3dc, pid=25668, tid=0x62effb40
#
# JRE version: OpenJDK Runtime Environment (8.0_151-b12) (build 1.8.0_151-8u151-b12-1~deb9u1-b12)
# Java VM: OpenJDK Server VM (25.151-b12 mixed mode linux-x86 )
# Problematic frame:
# C  [libc.so.6+0x1283dc]
#
# Failed to write core dump. Core dumps have been disabled. To enable core dumping, try "ulimit -c unlimited" before starting Java again
#
# If you would like to submit a bug report, please visit:
#   http://bugreport.java.com/bugreport/crash.jsp
# The crash happened outside the Java Virtual Machine in native code.
# See problematic frame for where to report the bug.
#

---------------  T H R E A D  ---------------

Current thread (0x62d21000):  JavaThread "QuantumRenderer-0" daemon [_thread_in_native, id=25686, stack(0x62eaf000,0x62f00000)]

siginfo: si_signo: 11 (SIGSEGV), si_code: 2 (SEGV_ACCERR), si_addr: 0x93aeaa84

Registers:
EAX=0x93aeaa84, EBX=0x61982000, ECX=0x0000000c, EDX=0x5c111bb0
ESP=0x62efe7b8, EBP=0x93aeaa84, ESI=0x00111bbc, EDI=0x5dcae1c8
EIP=0xb75ec3dc, EFLAGS=0x00010202, CR2=0x93aeaa84

Top of Stack: (sp=0x62efe7b8)
0x62efe7b8:   61982000 613a4c4b 5c111bb0 93aeaa84
0x62efe7c8:   0000000c 61982000 00000008 61485336
0x62efe7d8:   00111bb0 00000000 5dcae1c8 00000001
0x62efe7e8:   613a4be9 61982000 00000001 61982000
0x62efe7f8:   5dcae1c8 614a300d 5dcae1c8 93aeaa84
0x62efe808:   00000000 0000000c 62efe848 00000001
0x62efe818:   62d6db40 00000102 00000000 0000000c
0x62efe828:   007b0000 00000000 00000004 62da7910 

Instructions: (pc=0xb75ec3dc)
0xb75ec3bc:   04 8d 76 00 75 30 85 c9 74 38 0f b6 18 f6 c1 02
0xb75ec3cc:   88 1a 74 2e 0f b7 5c 08 fe 66 89 5c 0a fe eb 22
0xb75ec3dc:   f3 0f 7e 00 f3 0f 7e 4c 08 f8 66 0f d6 02 66 0f
0xb75ec3ec:   d6 4c 0a f8 eb 0c 8b 18 89 1a 8b 5c 08 fc 89 5c 

Register to memory mapping:

EAX=0x93aeaa84 is an unallocated location in the heap
EBX=0x61982000: <offset 0xa39000> in /usr/lib/i386-linux-gnu/dri/nouveau_dri.so at 0x60f49000
ECX=0x0000000c is an unknown value
EDX=0x5c111bb0 is an unknown value
ESP=0x62efe7b8 is pointing into the stack for thread: 0x62d21000
EBP=0x93aeaa84 is an unallocated location in the heap
ESI=0x00111bbc is an unknown value
EDI=0x5dcae1c8 is an unknown value


Stack: [0x62eaf000,0x62f00000],  sp=0x62efe7b8,  free space=317k
Native frames: (J=compiled Java code, j=interpreted, Vv=VM code, C=native code)
C  [libc.so.6+0x1283dc]

Java frames: (J=compiled Java code, j=interpreted, Vv=VM code)
j  com.sun.prism.es2.GLContext.nClearBuffers(JFFFFZZZ)V+0
j  com.sun.prism.es2.GLContext.clearBuffers(Lcom/sun/prism/paint/Color;ZZZ)V+40
j  com.sun.prism.es2.ES2Graphics.clearBuffers(Lcom/sun/prism/es2/ES2Context;Lcom/sun/prism/paint/Color;ZZZ)V+9
j  com.sun.prism.es2.ES2Graphics.clear(Lcom/sun/prism/paint/Color;)V+32
j  com.sun.javafx.tk.quantum.ViewPainter.doPaint(Lcom/sun/prism/Graphics;Lcom/sun/javafx/sg/prism/NodePath;)V+104
j  com.sun.javafx.tk.quantum.ViewPainter.paintImpl(Lcom/sun/prism/Graphics;)V+953
j  com.sun.javafx.tk.quantum.PresentingPainter.run()V+326
j  java.util.concurrent.Executors$RunnableAdapter.call()Ljava/lang/Object;+4
j  java.util.concurrent.FutureTask.runAndReset()Z+47
j  com.sun.javafx.tk.RenderJob.run()V+1
j  java.util.concurrent.ThreadPoolExecutor.runWorker(Ljava/util/concurrent/ThreadPoolExecutor$Worker;)V+95
j  java.util.concurrent.ThreadPoolExecutor$Worker.run()V+5
j  com.sun.javafx.tk.quantum.QuantumRenderer$PipelineRunnable.run()V+8
j  java.lang.Thread.run()V+11
v  ~StubRoutines::call_stub

---------------  P R O C E S S  ---------------

Java Threads: ( => current thread )
  0x5961b800 JavaThread "Timer-0" daemon [_thread_blocked, id=25698, stack(0x47244000,0x47295000)]
  0x59619000 JavaThread "Media Resource Disposer" daemon [_thread_blocked, id=25696, stack(0x47a96000,0x47ae7000)]
  0x59600400 JavaThread "JFXMedia Player EventQueueThread" daemon [_thread_blocked, id=25692, stack(0x595af000,0x59600000)]
  0x636c9000 JavaThread "Prism Font Disposer" daemon [_thread_blocked, id=25690, stack(0x5d2f6000,0x5d347000)]
  0x5dcd4400 JavaThread "JavaFX-Launcher" [_thread_blocked, id=25689, stack(0x5d855000,0x5d8a6000)]
  0x5dc28c00 JavaThread "JavaFX Application Thread" [_thread_in_vm, id=25688, stack(0x5d926000,0x5d977000)]
  0x5dc26000 JavaThread "Thread-1" daemon [_thread_blocked, id=25687, stack(0x5d977000,0x5d9c8000)]
=>0x62d21000 JavaThread "QuantumRenderer-0" daemon [_thread_in_native, id=25686, stack(0x62eaf000,0x62f00000)]
  0x637aa000 JavaThread "Service Thread" daemon [_thread_blocked, id=25684, stack(0x63140000,0x63191000)]
  0x637a6c00 JavaThread "C1 CompilerThread2" daemon [_thread_blocked, id=25683, stack(0x63191000,0x63212000)]
  0x637a5800 JavaThread "C2 CompilerThread1" daemon [_thread_blocked, id=25682, stack(0x63212000,0x63293000)]
  0x637a3800 JavaThread "C2 CompilerThread0" daemon [_thread_blocked, id=25681, stack(0x63293000,0x63314000)]
  0x637a2000 JavaThread "Signal Dispatcher" daemon [_thread_blocked, id=25680, stack(0x63314000,0x63365000)]
  0x63788400 JavaThread "Finalizer" daemon [_thread_blocked, id=25679, stack(0x63813000,0x63864000)]
  0x63785800 JavaThread "Reference Handler" daemon [_thread_blocked, id=25678, stack(0x6642e000,0x6647f000)]
  0xb6207800 JavaThread "main" [_thread_blocked, id=25671, stack(0xb634b000,0xb639c000)]

Other Threads:
  0x63781000 VMThread [stack: 0x63864000,0x638e5000] [id=25677]
  0x637abc00 WatcherThread [stack: 0x630bf000,0x63140000] [id=25685]

VM state:not at safepoint (normal execution)

VM Mutex/Monitor currently owned by a thread: None

Heap:
 PSYoungGen      total 19200K, used 2753K [0x916c0000, 0x93a00000, 0xa6c00000)
  eden space 16640K, 1% used [0x916c0000,0x916f0db8,0x92700000)
  from space 2560K, 99% used [0x92700000,0x9297f948,0x92980000)
  to   space 2560K, 0% used [0x93780000,0x93780000,0x93a00000)
 ParOldGen       total 43776K, used 6491K [0x66c00000, 0x696c0000, 0x916c0000)
  object space 43776K, 14% used [0x66c00000,0x67256c48,0x696c0000)
 Metaspace       used 9365K, capacity 9902K, committed 10008K, reserved 10544K

Card table byte_map: [0x669ff000,0x66c00000] byte_map_base: 0x666c9000

Marking Bits: (ParMarkBitMap*) 0xb70b1900
 Begin Bits: [0x64300000, 0x65300000)
 End Bits:   [0x65300000, 0x66300000)

Polling page: 0xb76d5000

CodeCache: size=245760Kb used=4067Kb max_used=4067Kb free=241692Kb
 bounds [0xa71b5000, 0xa75b5000, 0xb61b5000]
 total_blobs=2109 nmethods=1715 adapters=308
 compilation: enabled

Compilation events (10 events):
Event: 4,279 Thread 0x637a6c00 1708       3       com.sun.javafx.geom.RectBounds::setMinX (6 bytes)
Event: 4,279 Thread 0x637a6c00 nmethod 1708 0xa75a8788 code [0xa75a88a0, 0xa75a8980]
Event: 4,279 Thread 0x637a6c00 1709       3       com.sun.javafx.geom.RectBounds::setMaxX (6 bytes)
Event: 4,279 Thread 0x637a6c00 nmethod 1709 0xa75a8508 code [0xa75a8620, 0xa75a8700]
Event: 4,285 Thread 0x637a6c00 1710       3       com.sun.glass.ui.View::checkNotClosed (20 bytes)
Event: 4,286 Thread 0x637a6c00 nmethod 1710 0xa75a8108 code [0xa75a8240, 0xa75a840c]
Event: 4,286 Thread 0x637a6c00 1711       3       com.sun.javafx.sg.prism.NGNode::invalidateOpaqueRegion (20 bytes)
Event: 4,286 Thread 0x637a6c00 nmethod 1711 0xa75a7c08 code [0xa75a7d20, 0xa75a7fac]
Event: 4,286 Thread 0x637a6c00 1712       3       java.util.concurrent.ThreadPoolExecutor::workerCountOf (5 bytes)
Event: 4,286 Thread 0x637a6c00 nmethod 1712 0xa75a8c48 code [0xa75a8d40, 0xa75a8e00]

GC Heap History (6 events):
Event: 0,404 GC heap before
{Heap before GC invocations=1 (full 0):
 PSYoungGen      total 19200K, used 16640K [0x916c0000, 0x92c00000, 0xa6c00000)
  eden space 16640K, 100% used [0x916c0000,0x92700000,0x92700000)
  from space 2560K, 0% used [0x92980000,0x92980000,0x92c00000)
  to   space 2560K, 0% used [0x92700000,0x92700000,0x92980000)
 ParOldGen       total 43776K, used 0K [0x66c00000, 0x696c0000, 0x916c0000)
  object space 43776K, 0% used [0x66c00000,0x66c00000,0x696c0000)
 Metaspace       used 5631K, capacity 5921K, committed 6040K, reserved 6448K
Event: 0,409 GC heap after
Heap after GC invocations=1 (full 0):
 PSYoungGen      total 19200K, used 2554K [0x916c0000, 0x93c40000, 0xa6c00000)
  eden space 16640K, 0% used [0x916c0000,0x916c0000,0x92700000)
  from space 2560K, 99% used [0x92700000,0x9297eb98,0x92980000)
  to   space 2560K, 0% used [0x939c0000,0x939c0000,0x93c40000)
 ParOldGen       total 43776K, used 2133K [0x66c00000, 0x696c0000, 0x916c0000)
  object space 43776K, 4% used [0x66c00000,0x66e15400,0x696c0000)
 Metaspace       used 5631K, capacity 5921K, committed 6040K, reserved 6448K
}
Event: 2,864 GC heap before
{Heap before GC invocations=2 (full 0):
 PSYoungGen      total 19200K, used 19194K [0x916c0000, 0x93c40000, 0xa6c00000)
  eden space 16640K, 100% used [0x916c0000,0x92700000,0x92700000)
  from space 2560K, 99% used [0x92700000,0x9297eb98,0x92980000)
  to   space 2560K, 0% used [0x939c0000,0x939c0000,0x93c40000)
 ParOldGen       total 43776K, used 2133K [0x66c00000, 0x696c0000, 0x916c0000)
  object space 43776K, 4% used [0x66c00000,0x66e15400,0x696c0000)
 Metaspace       used 8107K, capacity 8577K, committed 8600K, reserved 9520K
Event: 2,869 GC heap after
Heap after GC invocations=2 (full 0):
 PSYoungGen      total 19200K, used 2546K [0x916c0000, 0x93c40000, 0xa6c00000)
  eden space 16640K, 0% used [0x916c0000,0x916c0000,0x92700000)
  from space 2560K, 99% used [0x939c0000,0x93c3cab8,0x93c40000)
  to   space 2560K, 0% used [0x92700000,0x92700000,0x92980000)
 ParOldGen       total 43776K, used 4364K [0x66c00000, 0x696c0000, 0x916c0000)
  object space 43776K, 9% used [0x66c00000,0x67043208,0x696c0000)
 Metaspace       used 8107K, capacity 8577K, committed 8600K, reserved 9520K
}
Event: 4,288 GC heap before
{Heap before GC invocations=3 (full 0):
 PSYoungGen      total 19200K, used 19186K [0x916c0000, 0x93c40000, 0xa6c00000)
  eden space 16640K, 100% used [0x916c0000,0x92700000,0x92700000)
  from space 2560K, 99% used [0x939c0000,0x93c3cab8,0x93c40000)
  to   space 2560K, 0% used [0x92700000,0x92700000,0x92980000)
 ParOldGen       total 43776K, used 4364K [0x66c00000, 0x696c0000, 0x916c0000)
  object space 43776K, 9% used [0x66c00000,0x67043208,0x696c0000)
 Metaspace       used 9359K, capacity 9899K, committed 10008K, reserved 10544K
Event: 4,308 GC heap after
Heap after GC invocations=3 (full 0):
 PSYoungGen      total 19200K, used 2558K [0x916c0000, 0x93a00000, 0xa6c00000)
  eden space 16640K, 0% used [0x916c0000,0x916c0000,0x92700000)
  from space 2560K, 99% used [0x92700000,0x9297f948,0x92980000)
  to   space 2560K, 0% used [0x93780000,0x93780000,0x93a00000)
 ParOldGen       total 43776K, used 6491K [0x66c00000, 0x696c0000, 0x916c0000)
  object space 43776K, 14% used [0x66c00000,0x67256c48,0x696c0000)
 Metaspace       used 9359K, capacity 9899K, committed 10008K, reserved 10544K
}

Deoptimization events (10 events):
Event: 0,535 Thread 0x5dc28c00 Uncommon trap: reason=class_check action=maybe_recompile pc=0xa7266110 method=java.lang.String.equals(Ljava/lang/Object;)Z @ 8
Event: 0,535 Thread 0x5dc28c00 Uncommon trap: reason=class_check action=maybe_recompile pc=0xa7266110 method=java.lang.String.equals(Ljava/lang/Object;)Z @ 8
Event: 0,535 Thread 0x5dc28c00 Uncommon trap: reason=class_check action=maybe_recompile pc=0xa7266110 method=java.lang.String.equals(Ljava/lang/Object;)Z @ 8
Event: 0,581 Thread 0x5dc28c00 Uncommon trap: reason=unstable_if action=reinterpret pc=0xa73d2a18 method=jdk.internal.org.objectweb.asm.Type.getArgumentsAndReturnSizes(Ljava/lang/String;)I @ 47
Event: 2,879 Thread 0x5dc28c00 Uncommon trap: reason=unstable_if action=reinterpret pc=0xa73ff6a8 method=java.lang.AbstractStringBuilder.append(Ljava/lang/String;)Ljava/lang/AbstractStringBuilder; @ 1
Event: 2,880 Thread 0x5dc28c00 Uncommon trap: reason=unstable_if action=reinterpret pc=0xa7331fb0 method=java.lang.AbstractStringBuilder.append(Ljava/lang/String;)Ljava/lang/AbstractStringBuilder; @ 1
Event: 2,896 Thread 0x62d21000 Uncommon trap: reason=unstable_if action=reinterpret pc=0xa745340c method=java.lang.StrictMath.floorOrCeil(DDDD)D @ 8
Event: 2,896 Thread 0x62d21000 Uncommon trap: reason=unstable_if action=reinterpret pc=0xa744ef60 method=java.lang.StrictMath.floorOrCeil(DDDD)D @ 90
Event: 2,904 Thread 0x5dc28c00 Uncommon trap: reason=unstable_if action=reinterpret pc=0xa73b733c method=java.util.HashMap.getNode(ILjava/lang/Object;)Ljava/util/HashMap$Node; @ 84
Event: 2,921 Thread 0x5dc28c00 Uncommon trap: reason=unstable_if action=reinterpret pc=0xa738ae5c method=java.util.HashMap.getNode(ILjava/lang/Object;)Ljava/util/HashMap$Node; @ 84

Internal exceptions (10 events):
Event: 0,092 Thread 0xb6207800 Exception <a 'java/security/PrivilegedActionException'> (0x91912170) thrown at [/build/openjdk-8-5vUtj8/openjdk-8-8u151-b12/src/hotspot/src/share/vm/prims/jvm.cpp, line 1390]
Event: 0,092 Thread 0xb6207800 Exception <a 'java/security/PrivilegedActionException'> (0x91912370) thrown at [/build/openjdk-8-5vUtj8/openjdk-8-8u151-b12/src/hotspot/src/share/vm/prims/jvm.cpp, line 1390]
Event: 0,092 Thread 0xb6207800 Exception <a 'java/security/PrivilegedActionException'> (0x91912da8) thrown at [/build/openjdk-8-5vUtj8/openjdk-8-8u151-b12/src/hotspot/src/share/vm/prims/jvm.cpp, line 1390]
Event: 0,092 Thread 0xb6207800 Exception <a 'java/security/PrivilegedActionException'> (0x91912fa8) thrown at [/build/openjdk-8-5vUtj8/openjdk-8-8u151-b12/src/hotspot/src/share/vm/prims/jvm.cpp, line 1390]
Event: 0,092 Thread 0xb6207800 Exception <a 'java/lang/NullPointerException'> (0x91914430) thrown at [/build/openjdk-8-5vUtj8/openjdk-8-8u151-b12/src/hotspot/src/share/vm/interpreter/linkResolver.cpp, line 1183]
Event: 0,338 Thread 0x5dc28c00 Exception <a 'java/lang/NullPointerException'> (0x923525f8) thrown at [/build/openjdk-8-5vUtj8/openjdk-8-8u151-b12/src/hotspot/src/share/vm/interpreter/linkResolver.cpp, line 1183]
Event: 0,338 Thread 0x5dc28c00 Exception <a 'java/lang/NullPointerException'> (0x923525f8) thrown at [/build/openjdk-8-5vUtj8/openjdk-8-8u151-b12/src/hotspot/src/share/vm/prims/jvm.cpp, line 1394]
Event: 2,879 Thread 0x5dc28c00 Implicit null exception at 0xa73ff31f to 0xa73ff695
Event: 2,880 Thread 0x5dc28c00 Implicit null exception at 0xa7331c1f to 0xa7331f9d
Event: 2,894 Thread 0x5dc28c00 Exception <a 'java/lang/NullPointerException'> (0x91873b70) thrown at [/build/openjdk-8-5vUtj8/openjdk-8-8u151-b12/src/hotspot/src/share/vm/interpreter/linkResolver.cpp, line 1285]

Events (10 events):
Event: 4,274 loading class javafx/scene/media/MediaPlayer$_PlayerStateListener
Event: 4,274 loading class javafx/scene/media/MediaPlayer$_PlayerStateListener done
Event: 4,286 loading class javafx/beans/property/ReadOnlyIntegerWrapper
Event: 4,286 loading class javafx/beans/property/ReadOnlyIntegerWrapper done
Event: 4,287 loading class javafx/beans/property/SimpleIntegerProperty
Event: 4,287 loading class javafx/beans/property/SimpleIntegerProperty done
Event: 4,288 loading class javafx/beans/property/ReadOnlyIntegerWrapper$ReadOnlyPropertyImpl
Event: 4,288 loading class javafx/beans/property/ReadOnlyIntegerWrapper$ReadOnlyPropertyImpl done
Event: 4,288 Executing VM operation: ParallelGCFailedAllocation
Event: 4,308 Executing VM operation: ParallelGCFailedAllocation done


Dynamic libraries:
00484000-00485000 r-xp 00000000 08:01 1582295    /usr/lib/jvm/java-8-openjdk-i386/jre/bin/java
00485000-00486000 r--p 00000000 08:01 1582295    /usr/lib/jvm/java-8-openjdk-i386/jre/bin/java
00486000-00487000 rw-p 00001000 08:01 1582295    /usr/lib/jvm/java-8-openjdk-i386/jre/bin/java
01eba000-01efd000 rw-p 00000000 00:00 0          [heap]
471c4000-47244000 rw-s 1209d6000 00:06 12993     /dev/dri/card0
47244000-47247000 ---p 00000000 00:00 0 
47247000-47295000 rw-p 00000000 00:00 0 
47295000-47296000 ---p 00000000 00:00 0 
47296000-47a96000 rw-p 00000000 00:00 0 
47a96000-47a99000 ---p 00000000 00:00 0 
47a99000-47ae7000 rw-p 00000000 00:00 0 
47ae7000-47aea000 ---p 00000000 00:00 0 
47aea000-482e8000 rw-p 00000000 00:00 0 
482e8000-482e9000 ---p 00000000 00:00 0 
482e9000-48ae9000 rw-p 00000000 00:00 0 
48ae9000-4cae9000 rw-s 00000000 00:05 327661     /memfd:pulseaudio (deleted)
4cae9000-50ae9000 rw-s 00000000 00:05 19922      /memfd:pulseaudio (deleted)
50ae9000-54ae9000 rw-s 00000000 00:05 331916     /memfd:pulseaudio (deleted)
54ae9000-54aea000 ---p 00000000 00:00 0 
54aea000-552ea000 rw-p 00000000 00:00 0 
552ea000-592ea000 rw-s 00000000 00:05 331916     /memfd:pulseaudio (deleted)
592ea000-59364000 r-xp 00000000 08:01 1189170    /usr/lib/i386-linux-gnu/libvorbisenc.so.2.0.11
59364000-59375000 r--p 00079000 08:01 1189170    /usr/lib/i386-linux-gnu/libvorbisenc.so.2.0.11
59375000-59376000 rw-p 0008a000 08:01 1189170    /usr/lib/i386-linux-gnu/libvorbisenc.so.2.0.11
59376000-593a0000 r-xp 00000000 08:01 1189172    /usr/lib/i386-linux-gnu/libvorbis.so.0.4.8
593a0000-593a1000 r--p 00029000 08:01 1189172    /usr/lib/i386-linux-gnu/libvorbis.so.0.4.8
593a1000-593a2000 rw-p 0002a000 08:01 1189172    /usr/lib/i386-linux-gnu/libvorbis.so.0.4.8
593a2000-593a9000 r-xp 00000000 08:01 1187829    /usr/lib/i386-linux-gnu/libogg.so.0.8.2
593a9000-593aa000 r--p 00006000 08:01 1187829    /usr/lib/i386-linux-gnu/libogg.so.0.8.2
593aa000-593ab000 rw-p 00007000 08:01 1187829    /usr/lib/i386-linux-gnu/libogg.so.0.8.2
593ab000-59408000 r-xp 00000000 08:01 1190480    /usr/lib/i386-linux-gnu/libFLAC.so.8.3.0
59408000-59409000 r--p 0005c000 08:01 1190480    /usr/lib/i386-linux-gnu/libFLAC.so.8.3.0
59409000-5940a000 rw-p 0005d000 08:01 1190480    /usr/lib/i386-linux-gnu/libFLAC.so.8.3.0
5940a000-5940f000 r-xp 00000000 08:01 1190478    /usr/lib/i386-linux-gnu/libasyncns.so.0.3.1
5940f000-59410000 r--p 00004000 08:01 1190478    /usr/lib/i386-linux-gnu/libasyncns.so.0.3.1
59410000-59411000 rw-p 00005000 08:01 1190478    /usr/lib/i386-linux-gnu/libasyncns.so.0.3.1
59411000-59499000 r-xp 00000000 08:01 1190487    /usr/lib/i386-linux-gnu/libsndfile.so.1.0.27
59499000-5949b000 r--p 00087000 08:01 1190487    /usr/lib/i386-linux-gnu/libsndfile.so.1.0.27
5949b000-5949c000 rw-p 00089000 08:01 1190487    /usr/lib/i386-linux-gnu/libsndfile.so.1.0.27
5949c000-5949e000 rw-p 00000000 00:00 0 
5949e000-594a6000 r-xp 00000000 08:01 134683     /lib/i386-linux-gnu/libwrap.so.0.7.6
594a6000-594a7000 ---p 00008000 08:01 134683     /lib/i386-linux-gnu/libwrap.so.0.7.6
594a7000-594a8000 r--p 00008000 08:01 134683     /lib/i386-linux-gnu/libwrap.so.0.7.6
594a8000-594a9000 rw-p 00009000 08:01 134683     /lib/i386-linux-gnu/libwrap.so.0.7.6
594a9000-594c2000 r-xp 00000000 08:01 1187749    /usr/lib/i386-linux-gnu/libICE.so.6.3.0
594c2000-594c3000 r--p 00018000 08:01 1187749    /usr/lib/i386-linux-gnu/libICE.so.6.3.0
594c3000-594c4000 rw-p 00019000 08:01 1187749    /usr/lib/i386-linux-gnu/libICE.so.6.3.0
594c4000-594c6000 rw-p 00000000 00:00 0 
594c6000-59552000 r-xp 00000000 08:01 1190498    /usr/lib/i386-linux-gnu/pulseaudio/libpulsecommon-10.0.so
59552000-59553000 ---p 0008c000 08:01 1190498    /usr/lib/i386-linux-gnu/pulseaudio/libpulsecommon-10.0.so
59553000-59554000 r--p 0008c000 08:01 1190498    /usr/lib/i386-linux-gnu/pulseaudio/libpulsecommon-10.0.so
59554000-59555000 rw-p 0008d000 08:01 1190498    /usr/lib/i386-linux-gnu/pulseaudio/libpulsecommon-10.0.so
59555000-595ad000 r-xp 00000000 08:01 1190496    /usr/lib/i386-linux-gnu/libpulse.so.0.20.1
595ad000-595ae000 r--p 00057000 08:01 1190496    /usr/lib/i386-linux-gnu/libpulse.so.0.20.1
595ae000-595af000 rw-p 00058000 08:01 1190496    /usr/lib/i386-linux-gnu/libpulse.so.0.20.1
595af000-595b2000 ---p 00000000 00:00 0 
595b2000-59600000 rw-p 00000000 00:00 0 
59600000-59625000 rw-p 00000000 00:00 0 
59625000-59700000 ---p 00000000 00:00 0 
59705000-5970d000 r-xp 00000000 08:01 1187755    /usr/lib/i386-linux-gnu/libSM.so.6.0.1
5970d000-5970e000 r--p 00007000 08:01 1187755    /usr/lib/i386-linux-gnu/libSM.so.6.0.1
5970e000-5970f000 rw-p 00008000 08:01 1187755    /usr/lib/i386-linux-gnu/libSM.so.6.0.1
5970f000-59713000 r-xp 00000000 08:01 130985     /lib/i386-linux-gnu/libcap.so.2.25
59713000-59714000 r--p 00003000 08:01 130985     /lib/i386-linux-gnu/libcap.so.2.25
59714000-59715000 rw-p 00004000 08:01 130985     /lib/i386-linux-gnu/libcap.so.2.25
59721000-59727000 r-xp 00000000 08:01 1212487    /usr/lib/i386-linux-gnu/alsa-lib/libasound_module_pcm_pulse.so
59727000-59728000 r--p 00005000 08:01 1212487    /usr/lib/i386-linux-gnu/alsa-lib/libasound_module_pcm_pulse.so
59728000-59729000 rw-p 00006000 08:01 1212487    /usr/lib/i386-linux-gnu/alsa-lib/libasound_module_pcm_pulse.so
59729000-59733000 r--p 00000000 08:01 1212623    /usr/share/locale/es/LC_MESSAGES/pulseaudio.mo
59736000-59747000 r-xp 00000000 08:01 1589133    /usr/lib/jvm/java-8-openjdk-i386/jre/lib/i386/libnio.so
59747000-59748000 r--p 00010000 08:01 1589133    /usr/lib/jvm/java-8-openjdk-i386/jre/lib/i386/libnio.so
59748000-59749000 rw-p 00011000 08:01 1589133    /usr/lib/jvm/java-8-openjdk-i386/jre/lib/i386/libnio.so
59749000-5b34a000 rw-p 00000000 00:00 0 
5b34a000-5b360000 r-xp 00000000 08:01 1589132    /usr/lib/jvm/java-8-openjdk-i386/jre/lib/i386/libnet.so
5b360000-5b361000 r--p 00015000 08:01 1589132    /usr/lib/jvm/java-8-openjdk-i386/jre/lib/i386/libnet.so
5b361000-5b362000 rw-p 00016000 08:01 1589132    /usr/lib/jvm/java-8-openjdk-i386/jre/lib/i386/libnet.so
5b362000-5b3e2000 rw-p 00000000 00:00 0 
5b3e2000-5b462000 ---p 00000000 00:00 0 
5b462000-5b465000 ---p 00000000 00:00 0 
5b465000-5bc63000 rw-p 00000000 00:00 0 
5bc63000-5bd81000 r-xp 00000000 08:01 1190549    /usr/lib/i386-linux-gnu/libasound.so.2.0.0
5bd81000-5bd86000 r--p 0011d000 08:01 1190549    /usr/lib/i386-linux-gnu/libasound.so.2.0.0
5bd86000-5bd87000 rw-p 00122000 08:01 1190549    /usr/lib/i386-linux-gnu/libasound.so.2.0.0
5bd90000-5bd9b000 r-xp 00000000 08:01 1591090    /usr/lib/jvm/java-8-openjdk-i386/jre/lib/i386/libfxplugins.so
5bd9b000-5bd9c000 r--p 0000a000 08:01 1591090    /usr/lib/jvm/java-8-openjdk-i386/jre/lib/i386/libfxplugins.so
5bd9c000-5bd9d000 rw-p 0000b000 08:01 1591090    /usr/lib/jvm/java-8-openjdk-i386/jre/lib/i386/libfxplugins.so
5bda5000-5bf63000 r-xp 00000000 08:01 1591092    /usr/lib/jvm/java-8-openjdk-i386/jre/lib/i386/libgstreamer-lite.so
5bf63000-5bf68000 r--p 001bd000 08:01 1591092    /usr/lib/jvm/java-8-openjdk-i386/jre/lib/i386/libgstreamer-lite.so
5bf68000-5bf6b000 rw-p 001c2000 08:01 1591092    /usr/lib/jvm/java-8-openjdk-i386/jre/lib/i386/libgstreamer-lite.so
5bf6b000-5bf6c000 rw-p 00000000 00:00 0 
5bf6c000-5bf9b000 r-xp 00000000 08:01 1591097    /usr/lib/jvm/java-8-openjdk-i386/jre/lib/i386/libjfxmedia.so
5bf9b000-5bf9c000 r--p 0002e000 08:01 1591097    /usr/lib/jvm/java-8-openjdk-i386/jre/lib/i386/libjfxmedia.so
5bf9c000-5bf9d000 rw-p 0002f000 08:01 1591097    /usr/lib/jvm/java-8-openjdk-i386/jre/lib/i386/libjfxmedia.so
5bf9d000-5c000000 r--p 00000000 08:01 1708611    /usr/share/fonts/truetype/hack/Hack-Bold.ttf
5c000000-5c200000 rw-s 1201c7000 00:06 12993     /dev/dri/card0
5c200000-5cc00000 rwxp 00000000 00:00 0 
5cc00000-5cd00000 rw-p 00000000 00:00 0 
5cd00000-5ce00000 rw-p 00000000 00:00 0 
5ce00000-5d000000 rw-p 00000000 00:00 0 
5d000000-5d100000 rw-p 00000000 00:00 0 
5d100000-5d1ff000 rw-p 00000000 00:00 0 
5d1ff000-5d200000 ---p 00000000 00:00 0 
5d218000-5d21d000 rw-s 1138b1000 00:06 12993     /dev/dri/card0
5d21d000-5d281000 r--p 00000000 08:01 1708610    /usr/share/fonts/truetype/hack/Hack-Italic.ttf
5d281000-5d294000 r--s 00346000 08:01 1589157    /usr/lib/jvm/java-8-openjdk-i386/jre/lib/resources.jar
5d294000-5d2f6000 r--p 00000000 08:01 1708612    /usr/share/fonts/truetype/hack/Hack-Regular.ttf
5d2f6000-5d2f9000 ---p 00000000 00:00 0 
5d2f9000-5d347000 rw-p 00000000 00:00 0 
5d347000-5d400000 r--p 00000000 08:01 1439533    /usr/share/fonts/truetype/dejavu/DejaVuSans.ttf
5d400000-5d500000 rw-p 00000000 00:00 0 
5d500000-5d600000 rw-p 00000000 00:00 0 
5d600000-5d695000 rw-p 00000000 00:00 0 
5d695000-5d700000 ---p 00000000 00:00 0 
5d700000-5d701000 rw-s 1138b6000 00:06 12993     /dev/dri/card0
5d701000-5d705000 rw-s 1138ad000 00:06 12993     /dev/dri/card0
5d705000-5d70f000 r-xp 00000000 08:01 1199065    /usr/lib/i386-linux-gnu/gtk-2.0/2.10.0/engines/libpixmap.so
5d70f000-5d710000 r--p 00009000 08:01 1199065    /usr/lib/i386-linux-gnu/gtk-2.0/2.10.0/engines/libpixmap.so
5d710000-5d711000 rw-p 0000a000 08:01 1199065    /usr/lib/i386-linux-gnu/gtk-2.0/2.10.0/engines/libpixmap.so
5d711000-5d719000 r--s 00000000 08:01 530841     /var/cache/fontconfig/945677eb7aeaf62f1d50efc3fb3ec7d8-le32d4.cache-4
5d719000-5d74a000 r--s 00000000 08:01 537827     /var/cache/fontconfig/0bd3dc0958fa2205aaaa8ebb13e2872b-le32d4.cache-4
5d74a000-5d74f000 r--s 00000000 08:01 537759     /var/cache/fontconfig/3047814df9a2f067bd2d96a2b9c36e5a-le32d4.cache-4
5d74f000-5d755000 r--s 00000000 08:01 537754     /var/cache/fontconfig/bf3b770c553c462765856025a94f1ce6-le32d4.cache-4
5d755000-5d855000 rw-p 00000000 00:00 0 
5d855000-5d858000 ---p 00000000 00:00 0 
5d858000-5d8a6000 rw-p 00000000 00:00 0 
5d8a6000-5d926000 rw-s 11f560000 00:06 12993     /dev/dri/card0
5d926000-5d929000 ---p 00000000 00:00 0 
5d929000-5d977000 rw-p 00000000 00:00 0 
5d977000-5d97a000 ---p 00000000 00:00 0 
5d97a000-5d9c8000 rw-p 00000000 00:00 0 
5d9c8000-5d9d9000 r-xp 00000000 08:01 1178776    /usr/lib/i386-linux-gnu/liblz4.so.1.7.1
5d9d9000-5d9da000 r--p 00010000 08:01 1178776    /usr/lib/i386-linux-gnu/liblz4.so.1.7.1
5d9da000-5d9db000 rw-p 00011000 08:01 1178776    /usr/lib/i386-linux-gnu/liblz4.so.1.7.1
5d9db000-5da05000 r-xp 00000000 08:01 130902     /lib/i386-linux-gnu/liblzma.so.5.2.2
5da05000-5da06000 r--p 00029000 08:01 130902     /lib/i386-linux-gnu/liblzma.so.5.2.2
5da06000-5da07000 rw-p 0002a000 08:01 130902     /lib/i386-linux-gnu/liblzma.so.5.2.2
5da07000-5da96000 r-xp 00000000 08:01 130955     /lib/i386-linux-gnu/libsystemd.so.0.17.0
5da96000-5da98000 r--p 0008e000 08:01 130955     /lib/i386-linux-gnu/libsystemd.so.0.17.0
5da98000-5da99000 rw-p 00090000 08:01 130955     /lib/i386-linux-gnu/libsystemd.so.0.17.0
5da99000-5daca000 r-xp 00000000 08:01 1189430    /usr/lib/i386-linux-gnu/libatk-bridge-2.0.so.0.0.0
5daca000-5dacb000 r--p 00030000 08:01 1189430    /usr/lib/i386-linux-gnu/libatk-bridge-2.0.so.0.0.0
5dacb000-5dacc000 rw-p 00031000 08:01 1189430    /usr/lib/i386-linux-gnu/libatk-bridge-2.0.so.0.0.0
5dacc000-5dacd000 rw-p 00000000 00:00 0 
5dacd000-5db26000 r-xp 00000000 08:01 134679     /lib/i386-linux-gnu/libdbus-1.so.3.14.14
5db26000-5db27000 ---p 00059000 08:01 134679     /lib/i386-linux-gnu/libdbus-1.so.3.14.14
5db27000-5db28000 r--p 00059000 08:01 134679     /lib/i386-linux-gnu/libdbus-1.so.3.14.14
5db28000-5db29000 rw-p 0005a000 08:01 134679     /lib/i386-linux-gnu/libdbus-1.so.3.14.14
5db29000-5db57000 r-xp 00000000 08:01 1189428    /usr/lib/i386-linux-gnu/libatspi.so.0.0.1
5db57000-5db58000 ---p 0002e000 08:01 1189428    /usr/lib/i386-linux-gnu/libatspi.so.0.0.1
5db58000-5db5a000 r--p 0002e000 08:01 1189428    /usr/lib/i386-linux-gnu/libatspi.so.0.0.1
5db5a000-5db5b000 rw-p 00030000 08:01 1189428    /usr/lib/i386-linux-gnu/libatspi.so.0.0.1
5db5c000-5db5d000 r--s 00000000 08:01 537832     /var/cache/fontconfig/69fb4bbe1b2fa860e172a32ebf28505c-le32d4.cache-4
5db5d000-5db5f000 r--s 00000000 08:01 537748     /var/cache/fontconfig/a0107c79d978dfcc5e42cb1335b71036-le32d4.cache-4
5db5f000-5db62000 r--s 00000000 08:01 537737     /var/cache/fontconfig/e49e89034d371f0f9de17aab02136486-le32d4.cache-4
5db62000-5db6b000 r--s 00000000 08:01 537593     /var/cache/fontconfig/d589a48862398ed80a3d6066f4f56f4c-le32d4.cache-4
5db6b000-5db79000 r--s 00000000 08:01 537517     /var/cache/fontconfig/9b89f8e3dae116d678bbf48e5f21f69b-le32d4.cache-4
5db79000-5dbd4000 r-xp 00000000 08:01 1454775    /usr/lib/i386-linux-gnu/gtk-2.0/modules/libgail.so
5dbd4000-5dbd5000 r--p 0005a000 08:01 1454775    /usr/lib/i386-linux-gnu/gtk-2.0/modules/libgail.so
5dbd5000-5dbd6000 rw-p 0005b000 08:01 1454775    /usr/lib/i386-linux-gnu/gtk-2.0/modules/libgail.so
5dbd6000-5dc00000 r--p 00000000 08:01 1191149    /usr/share/locale/es/LC_MESSAGES/gtk20-properties.mo
5dc00000-5dcff000 rw-p 00000000 00:00 0 
5dcff000-5dd00000 ---p 00000000 00:00 0 
5dd00000-5dd02000 r--s 00000000 08:01 537662     /var/cache/fontconfig/4b14b093aebc79c320de5e86ae1d3314-le32d4.cache-4
5dd02000-5dd05000 r--s 00000000 08:01 528925     /var/cache/fontconfig/246184dc75a16901ca37d96895904249-le32d4.cache-4
5dd05000-5dd0b000 r--s 00000000 08:01 528556     /var/cache/fontconfig/53d14c92082a93e67d5078324eb314ca-le32d4.cache-4
5dd0b000-5dd10000 r-xp 00000000 08:01 1591094    /usr/lib/jvm/java-8-openjdk-i386/jre/lib/i386/libjavafx_font_freetype.so
5dd10000-5dd11000 r--p 00004000 08:01 1591094    /usr/lib/jvm/java-8-openjdk-i386/jre/lib/i386/libjavafx_font_freetype.so
5dd11000-5dd12000 rw-p 00005000 08:01 1591094    /usr/lib/jvm/java-8-openjdk-i386/jre/lib/i386/libjavafx_font_freetype.so
5dd12000-5dd1a000 r-xp 00000000 08:01 1215679    /usr/lib/i386-linux-gnu/libgailutil.so.18.0.1
5dd1a000-5dd1b000 r--p 00007000 08:01 1215679    /usr/lib/i386-linux-gnu/libgailutil.so.18.0.1
5dd1b000-5dd1c000 rw-p 00008000 08:01 1215679    /usr/lib/i386-linux-gnu/libgailutil.so.18.0.1
5dd1c000-5dd41000 r-xp 00000000 08:01 1591091    /usr/lib/jvm/java-8-openjdk-i386/jre/lib/i386/libglass.so
5dd41000-5dd42000 ---p 00025000 08:01 1591091    /usr/lib/jvm/java-8-openjdk-i386/jre/lib/i386/libglass.so
5dd42000-5dd43000 r--p 00025000 08:01 1591091    /usr/lib/jvm/java-8-openjdk-i386/jre/lib/i386/libglass.so
5dd43000-5dd44000 rw-p 00026000 08:01 1591091    /usr/lib/jvm/java-8-openjdk-i386/jre/lib/i386/libglass.so
5dd44000-5dd6a000 r--p 00000000 08:01 1182601    /usr/share/locale/es/LC_MESSAGES/libc.mo
5dd6a000-5ddea000 rw-s 120956000 00:06 12993     /dev/dri/card0
5ddea000-5de21000 r-xp 00000000 08:01 1219132    /usr/lib/i386-linux-gnu/s2tc/libtxc_dxtn.so
5de21000-5de22000 r--p 00036000 08:01 1219132    /usr/lib/i386-linux-gnu/s2tc/libtxc_dxtn.so
5de22000-5de23000 rw-p 00037000 08:01 1219132    /usr/lib/i386-linux-gnu/s2tc/libtxc_dxtn.so
5de23000-5de47000 r-xp 00000000 08:01 130993     /lib/i386-linux-gnu/libncurses.so.5.9
5de47000-5de48000 r--p 00023000 08:01 130993     /lib/i386-linux-gnu/libncurses.so.5.9
5de48000-5de49000 rw-p 00024000 08:01 130993     /lib/i386-linux-gnu/libncurses.so.5.9
5de49000-5de69000 r-xp 00000000 08:01 130910     /lib/i386-linux-gnu/libtinfo.so.5.9
5de69000-5de6b000 r--p 0001f000 08:01 130910     /lib/i386-linux-gnu/libtinfo.so.5.9
5de6b000-5de6c000 rw-p 00021000 08:01 130910     /lib/i386-linux-gnu/libtinfo.so.5.9
5de6c000-5de9e000 r-xp 00000000 08:01 1191675    /usr/lib/i386-linux-gnu/libedit.so.2.0.55
5de9e000-5de9f000 ---p 00032000 08:01 1191675    /usr/lib/i386-linux-gnu/libedit.so.2.0.55
5de9f000-5dea0000 r--p 00032000 08:01 1191675    /usr/lib/i386-linux-gnu/libedit.so.2.0.55
5dea0000-5dea1000 rw-p 00033000 08:01 1191675    /usr/lib/i386-linux-gnu/libedit.so.2.0.55
5dea1000-5dea3000 rw-p 00000000 00:00 0 
5dea3000-5deb7000 r-xp 00000000 08:01 130867     /lib/i386-linux-gnu/libgpg-error.so.0.21.0
5deb7000-5deb8000 ---p 00014000 08:01 130867     /lib/i386-linux-gnu/libgpg-error.so.0.21.0
5deb8000-5deb9000 r--p 00014000 08:01 130867     /lib/i386-linux-gnu/libgpg-error.so.0.21.0
5deb9000-5deba000 rw-p 00015000 08:01 130867     /lib/i386-linux-gnu/libgpg-error.so.0.21.0
5deba000-60bd5000 r-xp 00000000 08:01 1191678    /usr/lib/i386-linux-gnu/libLLVM-3.9.so.1
60bd5000-60de9000 r--p 02d1a000 08:01 1191678    /usr/lib/i386-linux-gnu/libLLVM-3.9.so.1
60de9000-60dfc000 rw-p 02f2e000 08:01 1191678    /usr/lib/i386-linux-gnu/libLLVM-3.9.so.1
60dfc000-60e2a000 rw-p 00000000 00:00 0 
60e2a000-60e44000 r-xp 00000000 08:01 1181737    /usr/lib/i386-linux-gnu/libelf-0.168.so
60e44000-60e45000 r--p 00019000 08:01 1181737    /usr/lib/i386-linux-gnu/libelf-0.168.so
60e45000-60e46000 rw-p 0001a000 08:01 1181737    /usr/lib/i386-linux-gnu/libelf-0.168.so
60e46000-60e4f000 r-xp 00000000 08:01 1191664    /usr/lib/i386-linux-gnu/libdrm_amdgpu.so.1.0.0
60e4f000-60e50000 ---p 00009000 08:01 1191664    /usr/lib/i386-linux-gnu/libdrm_amdgpu.so.1.0.0
60e50000-60e51000 r--p 00009000 08:01 1191664    /usr/lib/i386-linux-gnu/libdrm_amdgpu.so.1.0.0
60e51000-60e52000 rw-p 0000a000 08:01 1191664    /usr/lib/i386-linux-gnu/libdrm_amdgpu.so.1.0.0
60e52000-60e5e000 r-xp 00000000 08:01 1191673    /usr/lib/i386-linux-gnu/libdrm_radeon.so.1.0.1
60e5e000-60e5f000 r--p 0000b000 08:01 1191673    /usr/lib/i386-linux-gnu/libdrm_radeon.so.1.0.1
60e5f000-60e60000 rw-p 0000c000 08:01 1191673    /usr/lib/i386-linux-gnu/libdrm_radeon.so.1.0.1
60e60000-60e68000 r-xp 00000000 08:01 1191670    /usr/lib/i386-linux-gnu/libdrm_nouveau.so.2.0.0
60e68000-60e69000 r--p 00007000 08:01 1191670    /usr/lib/i386-linux-gnu/libdrm_nouveau.so.2.0.0
60e69000-60e6a000 rw-p 00008000 08:01 1191670    /usr/lib/i386-linux-gnu/libdrm_nouveau.so.2.0.0
60e6a000-60e78000 r-xp 00000000 08:01 1191681    /usr/lib/i386-linux-gnu/libsensors.so.4.4.0
60e78000-60e79000 r--p 0000d000 08:01 1191681    /usr/lib/i386-linux-gnu/libsensors.so.4.4.0
60e79000-60e7a000 rw-p 0000e000 08:01 1191681    /usr/lib/i386-linux-gnu/libsensors.so.4.4.0
60e7a000-60f44000 r-xp 00000000 08:01 130863     /lib/i386-linux-gnu/libgcrypt.so.20.1.6
60f44000-60f45000 ---p 000ca000 08:01 130863     /lib/i386-linux-gnu/libgcrypt.so.20.1.6
60f45000-60f46000 r--p 000ca000 08:01 130863     /lib/i386-linux-gnu/libgcrypt.so.20.1.6
60f46000-60f49000 rw-p 000cb000 08:01 130863     /lib/i386-linux-gnu/libgcrypt.so.20.1.6
60f49000-6195d000 r-xp 00000000 08:01 1191685    /usr/lib/i386-linux-gnu/dri/nouveau_dri.so
6195d000-61982000 r--p 00a13000 08:01 1191685    /usr/lib/i386-linux-gnu/dri/nouveau_dri.so
61982000-6198b000 rw-p 00a38000 08:01 1191685    /usr/lib/i386-linux-gnu/dri/nouveau_dri.so
6198b000-61b7f000 rw-p 00000000 00:00 0 
61b7f000-61b83000 r-xp 00000000 08:01 130971     /lib/i386-linux-gnu/libuuid.so.1.3.0
61b83000-61b84000 r--p 00003000 08:01 130971     /lib/i386-linux-gnu/libuuid.so.1.3.0
61b84000-61b85000 rw-p 00004000 08:01 130971     /lib/i386-linux-gnu/libuuid.so.1.3.0
61b85000-61b9e000 r-xp 00000000 08:01 131357     /lib/i386-linux-gnu/libbsd.so.0.8.3
61b9e000-61b9f000 ---p 00019000 08:01 131357     /lib/i386-linux-gnu/libbsd.so.0.8.3
61b9f000-61ba0000 r--p 00019000 08:01 131357     /lib/i386-linux-gnu/libbsd.so.0.8.3
61ba0000-61ba1000 rw-p 0001a000 08:01 131357     /lib/i386-linux-gnu/libbsd.so.0.8.3
61ba1000-61ba8000 r-xp 00000000 08:01 1187184    /usr/lib/i386-linux-gnu/libdatrie.so.1.3.3
61ba8000-61ba9000 ---p 00007000 08:01 1187184    /usr/lib/i386-linux-gnu/libdatrie.so.1.3.3
61ba9000-61baa000 r--p 00007000 08:01 1187184    /usr/lib/i386-linux-gnu/libdatrie.so.1.3.3
61baa000-61bab000 rw-p 00008000 08:01 1187184    /usr/lib/i386-linux-gnu/libdatrie.so.1.3.3
61bab000-61bd7000 r-xp 00000000 08:01 1187190    /usr/lib/i386-linux-gnu/libgraphite2.so.3.0.1
61bd7000-61bd8000 ---p 0002c000 08:01 1187190    /usr/lib/i386-linux-gnu/libgraphite2.so.3.0.1
61bd8000-61bd9000 r--p 0002c000 08:01 1187190    /usr/lib/i386-linux-gnu/libgraphite2.so.3.0.1
61bd9000-61bda000 rw-p 0002d000 08:01 1187190    /usr/lib/i386-linux-gnu/libgraphite2.so.3.0.1
61bda000-61c25000 r-xp 00000000 08:01 130896     /lib/i386-linux-gnu/libblkid.so.1.1.0
61c25000-61c27000 r--p 0004a000 08:01 130896     /lib/i386-linux-gnu/libblkid.so.1.1.0
61c27000-61c28000 rw-p 0004c000 08:01 130896     /lib/i386-linux-gnu/libblkid.so.1.1.0
61c28000-61c29000 rw-p 00000000 00:00 0 
61c29000-61c2e000 r-xp 00000000 08:01 1186970    /usr/lib/i386-linux-gnu/libXdmcp.so.6.0.0
61c2e000-61c2f000 r--p 00004000 08:01 1186970    /usr/lib/i386-linux-gnu/libXdmcp.so.6.0.0
61c2f000-61c30000 rw-p 00005000 08:01 1186970    /usr/lib/i386-linux-gnu/libXdmcp.so.6.0.0
61c30000-61c32000 r-xp 00000000 08:01 1186968    /usr/lib/i386-linux-gnu/libXau.so.6.0.0
61c32000-61c33000 r--p 00001000 08:01 1186968    /usr/lib/i386-linux-gnu/libXau.so.6.0.0
61c33000-61c34000 rw-p 00002000 08:01 1186968    /usr/lib/i386-linux-gnu/libXau.so.6.0.0
61c34000-61c44000 r-xp 00000000 08:01 1187868    /usr/lib/i386-linux-gnu/libdrm.so.2.4.0
61c44000-61c45000 r--p 0000f000 08:01 1187868    /usr/lib/i386-linux-gnu/libdrm.so.2.4.0
61c45000-61c46000 rw-p 00010000 08:01 1187868    /usr/lib/i386-linux-gnu/libdrm.so.2.4.0
61c46000-61c4a000 r-xp 00000000 08:01 1187900    /usr/lib/i386-linux-gnu/libxcb-dri2.so.0.0.0
61c4a000-61c4b000 r--p 00003000 08:01 1187900    /usr/lib/i386-linux-gnu/libxcb-dri2.so.0.0.0
61c4b000-61c4c000 rw-p 00004000 08:01 1187900    /usr/lib/i386-linux-gnu/libxcb-dri2.so.0.0.0
61c4c000-61c66000 r-xp 00000000 08:01 1187953    /usr/lib/i386-linux-gnu/libxcb-glx.so.0.0.0
61c66000-61c67000 ---p 0001a000 08:01 1187953    /usr/lib/i386-linux-gnu/libxcb-glx.so.0.0.0
61c67000-61c68000 r--p 0001a000 08:01 1187953    /usr/lib/i386-linux-gnu/libxcb-glx.so.0.0.0
61c68000-61c69000 rw-p 0001b000 08:01 1187953    /usr/lib/i386-linux-gnu/libxcb-glx.so.0.0.0
61c69000-61c7c000 r-xp 00000000 08:01 1187947    /usr/lib/i386-linux-gnu/libglapi.so.0.0.0
61c7c000-61c7d000 ---p 00013000 08:01 1187947    /usr/lib/i386-linux-gnu/libglapi.so.0.0.0
61c7d000-61c7f000 r--p 00013000 08:01 1187947    /usr/lib/i386-linux-gnu/libglapi.so.0.0.0
61c7f000-61c85000 rwxp 00015000 08:01 1187947    /usr/lib/i386-linux-gnu/libglapi.so.0.0.0
61c85000-61c8b000 r-xp 00000000 08:01 1187918    /usr/lib/i386-linux-gnu/libxcb-sync.so.1.0.0
61c8b000-61c8c000 r--p 00005000 08:01 1187918    /usr/lib/i386-linux-gnu/libxcb-sync.so.1.0.0
61c8c000-61c8d000 rw-p 00006000 08:01 1187918    /usr/lib/i386-linux-gnu/libxcb-sync.so.1.0.0
61c8d000-61c8f000 r-xp 00000000 08:01 1187912    /usr/lib/i386-linux-gnu/libxcb-present.so.0.0.0
61c8f000-61c90000 r--p 00001000 08:01 1187912    /usr/lib/i386-linux-gnu/libxcb-present.so.0.0.0
61c90000-61c91000 rw-p 00002000 08:01 1187912    /usr/lib/i386-linux-gnu/libxcb-present.so.0.0.0
61c91000-61c93000 r-xp 00000000 08:01 1187906    /usr/lib/i386-linux-gnu/libxcb-dri3.so.0.0.0
61c93000-61c94000 r--p 00001000 08:01 1187906    /usr/lib/i386-linux-gnu/libxcb-dri3.so.0.0.0
61c94000-61c95000 rw-p 00002000 08:01 1187906    /usr/lib/i386-linux-gnu/libxcb-dri3.so.0.0.0
61c95000-61d0c000 r-xp 00000000 08:01 130892     /lib/i386-linux-gnu/libpcre.so.3.13.3
61d0c000-61d0d000 r--p 00076000 08:01 130892     /lib/i386-linux-gnu/libpcre.so.3.13.3
61d0d000-61d0e000 rw-p 00077000 08:01 130892     /lib/i386-linux-gnu/libpcre.so.3.13.3
61d0e000-61d35000 r-xp 00000000 08:01 134636     /lib/i386-linux-gnu/libexpat.so.1.6.2
61d35000-61d37000 r--p 00026000 08:01 134636     /lib/i386-linux-gnu/libexpat.so.1.6.2
61d37000-61d38000 rw-p 00028000 08:01 134636     /lib/i386-linux-gnu/libexpat.so.1.6.2
61d38000-61d3f000 r-xp 00000000 08:01 1182098    /usr/lib/i386-linux-gnu/libffi.so.6.0.4
61d3f000-61d40000 r--p 00006000 08:01 1182098    /usr/lib/i386-linux-gnu/libffi.so.6.0.4
61d40000-61d41000 rw-p 00007000 08:01 1182098    /usr/lib/i386-linux-gnu/libffi.so.6.0.4
61d41000-61d4a000 r-xp 00000000 08:01 1187186    /usr/lib/i386-linux-gnu/libthai.so.0.3.0
61d4a000-61d4b000 r--p 00008000 08:01 1187186    /usr/lib/i386-linux-gnu/libthai.so.0.3.0
61d4b000-61d4c000 rw-p 00009000 08:01 1187186    /usr/lib/i386-linux-gnu/libthai.so.0.3.0
61d4c000-61de6000 r-xp 00000000 08:01 1187194    /usr/lib/i386-linux-gnu/libharfbuzz.so.0.10400.2
61de6000-61de7000 ---p 0009a000 08:01 1187194    /usr/lib/i386-linux-gnu/libharfbuzz.so.0.10400.2
61de7000-61de8000 r--p 0009a000 08:01 1187194    /usr/lib/i386-linux-gnu/libharfbuzz.so.0.10400.2
61de8000-61de9000 rw-p 0009b000 08:01 1187194    /usr/lib/i386-linux-gnu/libharfbuzz.so.0.10400.2
61de9000-61e3e000 r-xp 00000000 08:01 130900     /lib/i386-linux-gnu/libmount.so.1.1.0
61e3e000-61e3f000 r--p 00054000 08:01 130900     /lib/i386-linux-gnu/libmount.so.1.1.0
61e3f000-61e40000 rw-p 00055000 08:01 130900     /lib/i386-linux-gnu/libmount.so.1.1.0
61e40000-61e41000 rw-p 00000000 00:00 0 
61e41000-61e55000 r-xp 00000000 08:01 130854     /lib/i386-linux-gnu/libresolv-2.24.so
61e55000-61e56000 r--p 00013000 08:01 130854     /lib/i386-linux-gnu/libresolv-2.24.so
61e56000-61e57000 rw-p 00014000 08:01 130854     /lib/i386-linux-gnu/libresolv-2.24.so
61e57000-61e59000 rw-p 00000000 00:00 0 
61e59000-61e83000 r-xp 00000000 08:01 130906     /lib/i386-linux-gnu/libselinux.so.1
61e83000-61e84000 r--p 00029000 08:01 130906     /lib/i386-linux-gnu/libselinux.so.1
61e84000-61e85000 rw-p 0002a000 08:01 130906     /lib/i386-linux-gnu/libselinux.so.1
61e85000-61e86000 rw-p 00000000 00:00 0 
61e86000-61e93000 r-xp 00000000 08:01 1187154    /usr/lib/i386-linux-gnu/libxcb-render.so.0.0.0
61e93000-61e94000 r--p 0000c000 08:01 1187154    /usr/lib/i386-linux-gnu/libxcb-render.so.0.0.0
61e94000-61e95000 rw-p 0000d000 08:01 1187154    /usr/lib/i386-linux-gnu/libxcb-render.so.0.0.0
61e95000-61ebf000 r-xp 00000000 08:01 1186972    /usr/lib/i386-linux-gnu/libxcb.so.1.1.0
61ebf000-61ec0000 r--p 00029000 08:01 1186972    /usr/lib/i386-linux-gnu/libxcb.so.1.1.0
61ec0000-61ec1000 rw-p 0002a000 08:01 1186972    /usr/lib/i386-linux-gnu/libxcb.so.1.1.0
61ec1000-61ec3000 r-xp 00000000 08:01 1187156    /usr/lib/i386-linux-gnu/libxcb-shm.so.0.0.0
61ec3000-61ec4000 r--p 00001000 08:01 1187156    /usr/lib/i386-linux-gnu/libxcb-shm.so.0.0.0
61ec4000-61ec5000 rw-p 00002000 08:01 1187156    /usr/lib/i386-linux-gnu/libxcb-shm.so.0.0.0
61ec5000-61efd000 r-xp 00000000 08:01 1186961    /usr/lib/i386-linux-gnu/libpng16.so.16.28.0
61efd000-61efe000 r--p 00037000 08:01 1186961    /usr/lib/i386-linux-gnu/libpng16.so.16.28.0
61efe000-61eff000 rw-p 00038000 08:01 1186961    /usr/lib/i386-linux-gnu/libpng16.so.16.28.0
61eff000-61fa8000 r-xp 00000000 08:01 1187151    /usr/lib/i386-linux-gnu/libpixman-1.so.0.34.0
61fa8000-61fae000 r--p 000a8000 08:01 1187151    /usr/lib/i386-linux-gnu/libpixman-1.so.0.34.0
61fae000-61faf000 rw-p 000ae000 08:01 1187151    /usr/lib/i386-linux-gnu/libpixman-1.so.0.34.0
61faf000-61fc2000 r-xp 00000000 08:01 1187158    /usr/lib/i386-linux-gnu/libXext.so.6.4.0
61fc2000-61fc3000 r--p 00012000 08:01 1187158    /usr/lib/i386-linux-gnu/libXext.so.6.4.0
61fc3000-61fc4000 rw-p 00013000 08:01 1187158    /usr/lib/i386-linux-gnu/libXext.so.6.4.0
61fc4000-61fce000 r-xp 00000000 08:01 1185297    /usr/lib/i386-linux-gnu/libXcursor.so.1.0.2
61fce000-61fcf000 r--p 00009000 08:01 1185297    /usr/lib/i386-linux-gnu/libXcursor.so.1.0.2
61fcf000-61fd0000 rw-p 0000a000 08:01 1185297    /usr/lib/i386-linux-gnu/libXcursor.so.1.0.2
61fd0000-61fdb000 r-xp 00000000 08:01 1189038    /usr/lib/i386-linux-gnu/libXrandr.so.2.2.0
61fdb000-61fdc000 r--p 0000a000 08:01 1189038    /usr/lib/i386-linux-gnu/libXrandr.so.2.2.0
61fdc000-61fdd000 rw-p 0000b000 08:01 1189038    /usr/lib/i386-linux-gnu/libXrandr.so.2.2.0
61fdd000-61fee000 r-xp 00000000 08:01 1188002    /usr/lib/i386-linux-gnu/libXi.so.6.1.0
61fee000-61fef000 r--p 00010000 08:01 1188002    /usr/lib/i386-linux-gnu/libXi.so.6.1.0
61fef000-61ff0000 rw-p 00011000 08:01 1188002    /usr/lib/i386-linux-gnu/libXi.so.6.1.0
61ff0000-62059000 r-xp 00000000 08:01 1187961    /usr/lib/i386-linux-gnu/libGL.so.1.2.0
62059000-6205a000 ---p 00069000 08:01 1187961    /usr/lib/i386-linux-gnu/libGL.so.1.2.0
6205a000-6205c000 r--p 00069000 08:01 1187961    /usr/lib/i386-linux-gnu/libGL.so.1.2.0
6205c000-62061000 rwxp 0006b000 08:01 1187961    /usr/lib/i386-linux-gnu/libGL.so.1.2.0
62061000-621aa000 r-xp 00000000 08:01 1186976    /usr/lib/i386-linux-gnu/libX11.so.6.3.0
621aa000-621ab000 ---p 00149000 08:01 1186976    /usr/lib/i386-linux-gnu/libX11.so.6.3.0
621ab000-621ac000 r--p 00149000 08:01 1186976    /usr/lib/i386-linux-gnu/libX11.so.6.3.0
621ac000-621af000 rw-p 0014a000 08:01 1186976    /usr/lib/i386-linux-gnu/libX11.so.6.3.0
621af000-622d9000 r-xp 00000000 08:01 134669     /lib/i386-linux-gnu/libglib-2.0.so.0.5000.3
622d9000-622da000 r--p 00129000 08:01 134669     /lib/i386-linux-gnu/libglib-2.0.so.0.5000.3
622da000-622db000 rw-p 0012a000 08:01 134669     /lib/i386-linux-gnu/libglib-2.0.so.0.5000.3
622db000-6238a000 r-xp 00000000 08:01 1187145    /usr/lib/i386-linux-gnu/libfreetype.so.6.12.3
6238a000-6238e000 r--p 000ae000 08:01 1187145    /usr/lib/i386-linux-gnu/libfreetype.so.6.12.3
6238e000-6238f000 rw-p 000b2000 08:01 1187145    /usr/lib/i386-linux-gnu/libfreetype.so.6.12.3
6238f000-623cf000 r-xp 00000000 08:01 1187149    /usr/lib/i386-linux-gnu/libfontconfig.so.1.8.0
623cf000-623d0000 ---p 00040000 08:01 1187149    /usr/lib/i386-linux-gnu/libfontconfig.so.1.8.0
623d0000-623d1000 r--p 00040000 08:01 1187149    /usr/lib/i386-linux-gnu/libfontconfig.so.1.8.0
623d1000-623d2000 rw-p 00041000 08:01 1187149    /usr/lib/i386-linux-gnu/libfontconfig.so.1.8.0
623d2000-6242e000 r-xp 00000000 08:01 1186951    /usr/lib/i386-linux-gnu/libgobject-2.0.so.0.5000.3
6242e000-6242f000 r--p 0005b000 08:01 1186951    /usr/lib/i386-linux-gnu/libgobject-2.0.so.0.5000.3
6242f000-62430000 rw-p 0005c000 08:01 1186951    /usr/lib/i386-linux-gnu/libgobject-2.0.so.0.5000.3
62430000-62604000 r-xp 00000000 08:01 1186949    /usr/lib/i386-linux-gnu/libgio-2.0.so.0.5000.3
62604000-62607000 r--p 001d3000 08:01 1186949    /usr/lib/i386-linux-gnu/libgio-2.0.so.0.5000.3
62607000-62609000 rw-p 001d6000 08:01 1186949    /usr/lib/i386-linux-gnu/libgio-2.0.so.0.5000.3
62609000-6260a000 rw-p 00000000 00:00 0 
6260a000-62746000 r-xp 00000000 08:01 1187162    /usr/lib/i386-linux-gnu/libcairo.so.2.11400.8
62746000-62747000 ---p 0013c000 08:01 1187162    /usr/lib/i386-linux-gnu/libcairo.so.2.11400.8
62747000-62749000 r--p 0013c000 08:01 1187162    /usr/lib/i386-linux-gnu/libcairo.so.2.11400.8
62749000-6274a000 rw-p 0013e000 08:01 1187162    /usr/lib/i386-linux-gnu/libcairo.so.2.11400.8
6274a000-6274b000 rw-p 00000000 00:00 0 
6274b000-62808000 r-xp 00000000 08:01 1191265    /usr/lib/i386-linux-gnu/libgdk-x11-2.0.so.0.2400.31
62808000-62809000 ---p 000bd000 08:01 1191265    /usr/lib/i386-linux-gnu/libgdk-x11-2.0.so.0.2400.31
62809000-6280b000 r--p 000bd000 08:01 1191265    /usr/lib/i386-linux-gnu/libgdk-x11-2.0.so.0.2400.31
6280b000-6280c000 rw-p 000bf000 08:01 1191265    /usr/lib/i386-linux-gnu/libgdk-x11-2.0.so.0.2400.31
6280c000-62cf7000 r-xp 00000000 08:01 1191266    /usr/lib/i386-linux-gnu/libgtk-x11-2.0.so.0.2400.31
62cf7000-62cf8000 ---p 004eb000 08:01 1191266    /usr/lib/i386-linux-gnu/libgtk-x11-2.0.so.0.2400.31
62cf8000-62cfc000 r--p 004eb000 08:01 1191266    /usr/lib/i386-linux-gnu/libgtk-x11-2.0.so.0.2400.31
62cfc000-62cfe000 rw-p 004ef000 08:01 1191266    /usr/lib/i386-linux-gnu/libgtk-x11-2.0.so.0.2400.31
62cfe000-62d00000 rw-p 00000000 00:00 0 
62d00000-62e00000 rw-p 00000000 00:00 0 
62e00000-62e02000 r-xp 00000000 08:01 1189036    /usr/lib/i386-linux-gnu/libXinerama.so.1.0.0
62e02000-62e03000 r--p 00001000 08:01 1189036    /usr/lib/i386-linux-gnu/libXinerama.so.1.0.0
62e03000-62e04000 rw-p 00002000 08:01 1189036    /usr/lib/i386-linux-gnu/libXinerama.so.1.0.0
62e04000-62e0e000 r-xp 00000000 08:01 1187160    /usr/lib/i386-linux-gnu/libXrender.so.1.3.0
62e0e000-62e0f000 r--p 00009000 08:01 1187160    /usr/lib/i386-linux-gnu/libXrender.so.1.3.0
62e0f000-62e10000 rw-p 0000a000 08:01 1187160    /usr/lib/i386-linux-gnu/libXrender.so.1.3.0
62e10000-62e15000 r-xp 00000000 08:01 1187955    /usr/lib/i386-linux-gnu/libXfixes.so.3.1.0
62e15000-62e16000 r--p 00004000 08:01 1187955    /usr/lib/i386-linux-gnu/libXfixes.so.3.1.0
62e16000-62e17000 rw-p 00005000 08:01 1187955    /usr/lib/i386-linux-gnu/libXfixes.so.3.1.0
62e17000-62e19000 r-xp 00000000 08:01 1187957    /usr/lib/i386-linux-gnu/libXdamage.so.1.1.0
62e19000-62e1a000 r--p 00001000 08:01 1187957    /usr/lib/i386-linux-gnu/libXdamage.so.1.1.0
62e1a000-62e1b000 rw-p 00002000 08:01 1187957    /usr/lib/i386-linux-gnu/libXdamage.so.1.1.0
62e1b000-62e68000 r-xp 00000000 08:01 1187188    /usr/lib/i386-linux-gnu/libpango-1.0.so.0.4000.5
62e68000-62e69000 ---p 0004d000 08:01 1187188    /usr/lib/i386-linux-gnu/libpango-1.0.so.0.4000.5
62e69000-62e6b000 r--p 0004d000 08:01 1187188    /usr/lib/i386-linux-gnu/libpango-1.0.so.0.4000.5
62e6b000-62e6c000 rw-p 0004f000 08:01 1187188    /usr/lib/i386-linux-gnu/libpango-1.0.so.0.4000.5
62e6c000-62e81000 r-xp 00000000 08:01 1187196    /usr/lib/i386-linux-gnu/libpangoft2-1.0.so.0.4000.5
62e81000-62e82000 ---p 00015000 08:01 1187196    /usr/lib/i386-linux-gnu/libpangoft2-1.0.so.0.4000.5
62e82000-62e83000 r--p 00015000 08:01 1187196    /usr/lib/i386-linux-gnu/libpangoft2-1.0.so.0.4000.5
62e83000-62e84000 rw-p 00016000 08:01 1187196    /usr/lib/i386-linux-gnu/libpangoft2-1.0.so.0.4000.5
62e84000-62ead000 r-xp 00000000 08:01 1181912    /usr/lib/i386-linux-gnu/libgdk_pixbuf-2.0.so.0.3600.5
62ead000-62eae000 r--p 00028000 08:01 1181912    /usr/lib/i386-linux-gnu/libgdk_pixbuf-2.0.so.0.3600.5
62eae000-62eaf000 rw-p 00029000 08:01 1181912    /usr/lib/i386-linux-gnu/libgdk_pixbuf-2.0.so.0.3600.5
62eaf000-62eb2000 ---p 00000000 00:00 0 
62eb2000-62f00000 rw-p 00000000 00:00 0 
62f00000-62fff000 rw-p 00000000 00:00 0 
62fff000-63000000 ---p 00000000 00:00 0 
63000000-63001000 r--s 00000000 08:01 527316     /var/cache/fontconfig/4794a0821666d79190d59a36cb4f44b5-le32d4.cache-4
63001000-63002000 r--s 00000000 08:01 537657     /var/cache/fontconfig/3f7329c5293ffd510edef78f73874cfd-le32d4.cache-4
63002000-63026000 r-xp 00000000 08:01 1189261    /usr/lib/i386-linux-gnu/libatk-1.0.so.0.22209.1
63026000-63028000 r--p 00023000 08:01 1189261    /usr/lib/i386-linux-gnu/libatk-1.0.so.0.22209.1
63028000-63029000 rw-p 00025000 08:01 1189261    /usr/lib/i386-linux-gnu/libatk-1.0.so.0.22209.1
63029000-630bf000 r--s 007ce000 08:01 1591104    /usr/share/java/openjfx/jre/lib/ext/jfxrt.jar
630bf000-630c0000 ---p 00000000 00:00 0 
630c0000-63140000 rw-p 00000000 00:00 0 
63140000-63143000 ---p 00000000 00:00 0 
63143000-63191000 rw-p 00000000 00:00 0 
63191000-63194000 ---p 00000000 00:00 0 
63194000-63212000 rw-p 00000000 00:00 0 
63212000-63215000 ---p 00000000 00:00 0 
63215000-63293000 rw-p 00000000 00:00 0 
63293000-63296000 ---p 00000000 00:00 0 
63296000-63314000 rw-p 00000000 00:00 0 
63314000-63317000 ---p 00000000 00:00 0 
63317000-63365000 rw-p 00000000 00:00 0 
63365000-63500000 r--p 00000000 08:01 1177379    /usr/lib/locale/locale-archive
63500000-635ff000 rw-p 00000000 00:00 0 
635ff000-63600000 ---p 00000000 00:00 0 
63600000-63700000 rw-p 00000000 00:00 0 
63700000-637ed000 rw-p 00000000 00:00 0 
637ed000-63800000 ---p 00000000 00:00 0 
63800000-63801000 r-xp 00000000 08:01 1187894    /usr/lib/i386-linux-gnu/libX11-xcb.so.1.0.0
63801000-63802000 r--p 00000000 08:01 1187894    /usr/lib/i386-linux-gnu/libX11-xcb.so.1.0.0
63802000-63803000 rw-p 00001000 08:01 1187894    /usr/lib/i386-linux-gnu/libX11-xcb.so.1.0.0
63803000-63805000 r-xp 00000000 08:01 1188821    /usr/lib/i386-linux-gnu/libXcomposite.so.1.0.0
63805000-63806000 r--p 00001000 08:01 1188821    /usr/lib/i386-linux-gnu/libXcomposite.so.1.0.0
63806000-63807000 rw-p 00002000 08:01 1188821    /usr/lib/i386-linux-gnu/libXcomposite.so.1.0.0
63807000-6380a000 r-xp 00000000 08:01 1186950    /usr/lib/i386-linux-gnu/libgmodule-2.0.so.0.5000.3
6380a000-6380b000 r--p 00002000 08:01 1186950    /usr/lib/i386-linux-gnu/libgmodule-2.0.so.0.5000.3
6380b000-6380c000 rw-p 00003000 08:01 1186950    /usr/lib/i386-linux-gnu/libgmodule-2.0.so.0.5000.3
6380c000-63811000 r-xp 00000000 08:01 1187959    /usr/lib/i386-linux-gnu/libXxf86vm.so.1.0.0
63811000-63812000 r--p 00004000 08:01 1187959    /usr/lib/i386-linux-gnu/libXxf86vm.so.1.0.0
63812000-63813000 rw-p 00005000 08:01 1187959    /usr/lib/i386-linux-gnu/libXxf86vm.so.1.0.0
63813000-63816000 ---p 00000000 00:00 0 
63816000-63864000 rw-p 00000000 00:00 0 
63864000-63865000 ---p 00000000 00:00 0 
63865000-638e5000 rw-p 00000000 00:00 0 
638e5000-63ab4000 r--s 03c21000 08:01 1589158    /usr/lib/jvm/java-8-openjdk-i386/jre/lib/rt.jar
63ab4000-63efa000 rw-p 00000000 00:00 0 
63efa000-63f00000 ---p 00000000 00:00 0 
63f00000-66300000 rw-p 00000000 00:00 0 
66300000-663f0000 rw-p 00000000 00:00 0 
663f0000-66400000 ---p 00000000 00:00 0 
66400000-66402000 r--s 00000000 08:01 535924     /var/cache/fontconfig/e13b20fdb08344e0e664864cc2ede53d-le32d4.cache-4
66402000-6640e000 r-xp 00000000 08:01 1187198    /usr/lib/i386-linux-gnu/libpangocairo-1.0.so.0.4000.5
6640e000-6640f000 r--p 0000b000 08:01 1187198    /usr/lib/i386-linux-gnu/libpangocairo-1.0.so.0.4000.5
6640f000-66410000 rw-p 0000c000 08:01 1187198    /usr/lib/i386-linux-gnu/libpangocairo-1.0.so.0.4000.5
66410000-66413000 r-xp 00000000 08:01 1591093    /usr/lib/jvm/java-8-openjdk-i386/jre/lib/i386/libjavafx_font.so
66413000-66414000 r--p 00002000 08:01 1591093    /usr/lib/jvm/java-8-openjdk-i386/jre/lib/i386/libjavafx_font.so
66414000-66415000 rw-p 00003000 08:01 1591093    /usr/lib/jvm/java-8-openjdk-i386/jre/lib/i386/libjavafx_font.so
66415000-66416000 r-xp 00000000 08:01 1451693    /usr/lib/i386-linux-gnu/gtk-2.0/modules/libatk-bridge.so
66416000-66417000 r--p 00000000 08:01 1451693    /usr/lib/i386-linux-gnu/gtk-2.0/modules/libatk-bridge.so
66417000-66418000 rw-p 00001000 08:01 1451693    /usr/lib/i386-linux-gnu/gtk-2.0/modules/libatk-bridge.so
66418000-66427000 r--p 00000000 08:01 1191150    /usr/share/locale/es/LC_MESSAGES/gtk20.mo
66427000-6642e000 r--s 00000000 08:01 1179774    /usr/lib/i386-linux-gnu/gconv/gconv-modules.cache
6642e000-66431000 ---p 00000000 00:00 0 
66431000-6647f000 rw-p 00000000 00:00 0 
6647f000-66480000 ---p 00000000 00:00 0 
66480000-66500000 rw-p 00000000 00:00 0 
66500000-66600000 rw-p 00000000 00:00 0 
66600000-66621000 rw-p 00000000 00:00 0 
66621000-66700000 ---p 00000000 00:00 0 
66700000-66701000 rw-s 120b56000 00:06 12993     /dev/dri/card0
66701000-66707000 r-xp 00000000 08:01 1190493    /usr/lib/i386-linux-gnu/libXtst.so.6.1.0
66707000-66708000 r--p 00005000 08:01 1190493    /usr/lib/i386-linux-gnu/libXtst.so.6.1.0
66708000-66709000 rw-p 00006000 08:01 1190493    /usr/lib/i386-linux-gnu/libXtst.so.6.1.0
66709000-66714000 r-xp 00000000 08:01 1591100    /usr/lib/jvm/java-8-openjdk-i386/jre/lib/i386/libprism_es2.so
66714000-66715000 r--p 0000a000 08:01 1591100    /usr/lib/jvm/java-8-openjdk-i386/jre/lib/i386/libprism_es2.so
66715000-66716000 rw-p 0000b000 08:01 1591100    /usr/lib/jvm/java-8-openjdk-i386/jre/lib/i386/libprism_es2.so
66716000-66731000 r--s 001d6000 08:01 1589101    /usr/lib/jvm/java-8-openjdk-i386/jre/lib/ext/nashorn.jar
66731000-6677f000 rw-p 00000000 00:00 0 
6677f000-66780000 ---p 00000000 00:00 0 
66780000-66800000 rw-p 00000000 00:00 0 
66800000-66821000 rw-p 00000000 00:00 0 
66821000-66900000 ---p 00000000 00:00 0 
66900000-66901000 r-xp 00000000 08:01 1187930    /usr/lib/i386-linux-gnu/libxshmfence.so.1.0.0
66901000-66902000 r--p 00000000 08:01 1187930    /usr/lib/i386-linux-gnu/libxshmfence.so.1.0.0
66902000-66903000 rw-p 00001000 08:01 1187930    /usr/lib/i386-linux-gnu/libxshmfence.so.1.0.0
66903000-66904000 r-xp 00000000 08:01 1186952    /usr/lib/i386-linux-gnu/libgthread-2.0.so.0.5000.3
66904000-66905000 r--p 00000000 08:01 1186952    /usr/lib/i386-linux-gnu/libgthread-2.0.so.0.5000.3
66905000-66906000 rw-p 00001000 08:01 1186952    /usr/lib/i386-linux-gnu/libgthread-2.0.so.0.5000.3
66906000-66908000 r--s 00008000 08:06 34683060   /home/mauricio/NetBeansProjects/Tetris/dist/run2062762402/Tetris.jar
66908000-66923000 r--s 00394000 08:01 1589096    /usr/lib/jvm/java-8-openjdk-i386/jre/lib/ext/cldrdata.jar
66923000-6697e000 rw-p 00000000 00:00 0 
6697e000-6697f000 ---p 00000000 00:00 0 
6697f000-669ff000 rw-p 00000000 00:00 0 
669ff000-66a15000 rw-p 00000000 00:00 0 
66a15000-66b54000 ---p 00000000 00:00 0 
66b54000-66b66000 rw-p 00000000 00:00 0 
66b66000-66b68000 ---p 00000000 00:00 0 
66b68000-66bff000 ---p 00000000 00:00 0 
66bff000-696c0000 rw-p 00000000 00:00 0 
696c0000-916c0000 ---p 00000000 00:00 0 
916c0000-93a00000 rw-p 00000000 00:00 0 
93a00000-93c40000 ---p 00000000 00:00 0 
93c40000-a6c00000 ---p 00000000 00:00 0 
a6c00000-a6c06000 r--s 0003a000 08:01 1589103    /usr/lib/jvm/java-8-openjdk-i386/jre/lib/ext/sunjce_provider.jar
a6c06000-a6c1e000 rw-p 00000000 00:00 0 
a6c1e000-a6c1f000 ---p 00000000 00:00 0 
a6c1f000-a6c9f000 rw-p 00000000 00:00 0 
a6c9f000-a6cb5000 rw-p 00000000 00:00 0 
a6cb5000-a6df5000 ---p 00000000 00:00 0 
a6df5000-a6e05000 rw-p 00000000 00:00 0 
a6e05000-a71b5000 ---p 00000000 00:00 0 
a71b5000-a75b5000 rwxp 00000000 00:00 0 
a75b5000-b61b5000 ---p 00000000 00:00 0 
b61b5000-b61c0000 r-xp 00000000 08:01 130848     /lib/i386-linux-gnu/libnss_files-2.24.so
b61c0000-b61c1000 r--p 0000a000 08:01 130848     /lib/i386-linux-gnu/libnss_files-2.24.so
b61c1000-b61c2000 rw-p 0000b000 08:01 130848     /lib/i386-linux-gnu/libnss_files-2.24.so
b61c2000-b61c8000 rw-p 00000000 00:00 0 
b61c8000-b61de000 r-xp 00000000 08:01 130845     /lib/i386-linux-gnu/libnsl-2.24.so
b61de000-b61df000 r--p 00016000 08:01 130845     /lib/i386-linux-gnu/libnsl-2.24.so
b61df000-b61e0000 rw-p 00017000 08:01 130845     /lib/i386-linux-gnu/libnsl-2.24.so
b61e0000-b61e2000 rw-p 00000000 00:00 0 
b61e2000-b61e4000 r--s 00008000 08:01 1589102    /usr/lib/jvm/java-8-openjdk-i386/jre/lib/ext/sunec.jar
b61e4000-b61e6000 r--s 00001000 08:01 1589097    /usr/lib/jvm/java-8-openjdk-i386/jre/lib/ext/dnsns.jar
b61e6000-b61f0000 r--s 00116000 08:01 1589100    /usr/lib/jvm/java-8-openjdk-i386/jre/lib/ext/localedata.jar
b61f0000-b61f1000 r--s 0000a000 08:01 1589099    /usr/lib/jvm/java-8-openjdk-i386/jre/lib/ext/jaccess.jar
b61f1000-b61f2000 r--s 00010000 08:01 1589105    /usr/lib/jvm/java-8-openjdk-i386/jre/lib/ext/zipfs.jar
b61f2000-b61f6000 r--s 00037000 08:01 1589104    /usr/lib/jvm/java-8-openjdk-i386/jre/lib/ext/sunpkcs11.jar
b61f6000-b61fe000 r-xp 00000000 08:01 1589140    /usr/lib/jvm/java-8-openjdk-i386/jre/lib/i386/libzip.so
b61fe000-b61ff000 r--p 00007000 08:01 1589140    /usr/lib/jvm/java-8-openjdk-i386/jre/lib/i386/libzip.so
b61ff000-b6200000 rw-p 00008000 08:01 1589140    /usr/lib/jvm/java-8-openjdk-i386/jre/lib/i386/libzip.so
b6200000-b62fb000 rw-p 00000000 00:00 0 
b62fb000-b6300000 ---p 00000000 00:00 0 
b6300000-b6303000 r--s 0000f000 08:01 1589098    /usr/lib/jvm/java-8-openjdk-i386/jre/lib/ext/icedtea-sound.jar
b6303000-b630b000 rw-s 00000000 08:01 796692     /tmp/hsperfdata_mauricio/25668
b630b000-b6316000 r-xp 00000000 08:01 130850     /lib/i386-linux-gnu/libnss_nis-2.24.so
b6316000-b6317000 r--p 0000a000 08:01 130850     /lib/i386-linux-gnu/libnss_nis-2.24.so
b6317000-b6318000 rw-p 0000b000 08:01 130850     /lib/i386-linux-gnu/libnss_nis-2.24.so
b6318000-b633f000 r-xp 00000000 08:01 1589121    /usr/lib/jvm/java-8-openjdk-i386/jre/lib/i386/libjava.so
b633f000-b6340000 ---p 00027000 08:01 1589121    /usr/lib/jvm/java-8-openjdk-i386/jre/lib/i386/libjava.so
b6340000-b6341000 r--p 00027000 08:01 1589121    /usr/lib/jvm/java-8-openjdk-i386/jre/lib/i386/libjava.so
b6341000-b6342000 rw-p 00028000 08:01 1589121    /usr/lib/jvm/java-8-openjdk-i386/jre/lib/i386/libjava.so
b6342000-b6349000 r-xp 00000000 08:01 130855     /lib/i386-linux-gnu/librt-2.24.so
b6349000-b634a000 r--p 00006000 08:01 130855     /lib/i386-linux-gnu/librt-2.24.so
b634a000-b634b000 rw-p 00007000 08:01 130855     /lib/i386-linux-gnu/librt-2.24.so
b634b000-b634e000 ---p 00000000 00:00 0 
b634e000-b639c000 rw-p 00000000 00:00 0 
b639c000-b63b8000 r-xp 00000000 08:01 131468     /lib/i386-linux-gnu/libgcc_s.so.1
b63b8000-b63b9000 r--p 0001b000 08:01 131468     /lib/i386-linux-gnu/libgcc_s.so.1
b63b9000-b63ba000 rw-p 0001c000 08:01 131468     /lib/i386-linux-gnu/libgcc_s.so.1
b63ba000-b640d000 r-xp 00000000 08:01 130843     /lib/i386-linux-gnu/libm-2.24.so
b640d000-b640e000 r--p 00052000 08:01 130843     /lib/i386-linux-gnu/libm-2.24.so
b640e000-b640f000 rw-p 00053000 08:01 130843     /lib/i386-linux-gnu/libm-2.24.so
b640f000-b657f000 r-xp 00000000 08:01 1178390    /usr/lib/i386-linux-gnu/libstdc++.so.6.0.22
b657f000-b6585000 r--p 0016f000 08:01 1178390    /usr/lib/i386-linux-gnu/libstdc++.so.6.0.22
b6585000-b6586000 rw-p 00175000 08:01 1178390    /usr/lib/i386-linux-gnu/libstdc++.so.6.0.22
b6586000-b6589000 rw-p 00000000 00:00 0 
b6589000-b7040000 r-xp 00000000 08:01 1589142    /usr/lib/jvm/java-8-openjdk-i386/jre/lib/i386/server/libjvm.so
b7040000-b708c000 r--p 00ab6000 08:01 1589142    /usr/lib/jvm/java-8-openjdk-i386/jre/lib/i386/server/libjvm.so
b708c000-b70a3000 rw-p 00b02000 08:01 1589142    /usr/lib/jvm/java-8-openjdk-i386/jre/lib/i386/server/libjvm.so
b70a3000-b74c2000 rw-p 00000000 00:00 0 
b74c2000-b74c4000 rw-p 00000000 00:00 0 
b74c4000-b7675000 r-xp 00000000 08:01 130837     /lib/i386-linux-gnu/libc-2.24.so
b7675000-b7676000 ---p 001b1000 08:01 130837     /lib/i386-linux-gnu/libc-2.24.so
b7676000-b7678000 r--p 001b1000 08:01 130837     /lib/i386-linux-gnu/libc-2.24.so
b7678000-b7679000 rw-p 001b3000 08:01 130837     /lib/i386-linux-gnu/libc-2.24.so
b7679000-b767c000 rw-p 00000000 00:00 0 
b767c000-b767f000 r-xp 00000000 08:01 130842     /lib/i386-linux-gnu/libdl-2.24.so
b767f000-b7680000 r--p 00002000 08:01 130842     /lib/i386-linux-gnu/libdl-2.24.so
b7680000-b7681000 rw-p 00003000 08:01 130842     /lib/i386-linux-gnu/libdl-2.24.so
b7681000-b768e000 r-xp 00000000 08:01 1589107    /usr/lib/jvm/java-8-openjdk-i386/jre/lib/i386/jli/libjli.so
b768e000-b768f000 r--p 0000c000 08:01 1589107    /usr/lib/jvm/java-8-openjdk-i386/jre/lib/i386/jli/libjli.so
b768f000-b7690000 rw-p 0000d000 08:01 1589107    /usr/lib/jvm/java-8-openjdk-i386/jre/lib/i386/jli/libjli.so
b7690000-b76a9000 r-xp 00000000 08:01 130976     /lib/i386-linux-gnu/libz.so.1.2.8
b76a9000-b76aa000 r--p 00018000 08:01 130976     /lib/i386-linux-gnu/libz.so.1.2.8
b76aa000-b76ab000 rw-p 00019000 08:01 130976     /lib/i386-linux-gnu/libz.so.1.2.8
b76ab000-b76c4000 r-xp 00000000 08:01 130853     /lib/i386-linux-gnu/libpthread-2.24.so
b76c4000-b76c5000 r--p 00018000 08:01 130853     /lib/i386-linux-gnu/libpthread-2.24.so
b76c5000-b76c6000 rw-p 00019000 08:01 130853     /lib/i386-linux-gnu/libpthread-2.24.so
b76c6000-b76c8000 rw-p 00000000 00:00 0 
b76c8000-b76ca000 r--s 00007000 08:01 1446841    /usr/share/java/java-atk-wrapper.jar
b76ca000-b76d2000 r-xp 00000000 08:01 130846     /lib/i386-linux-gnu/libnss_compat-2.24.so
b76d2000-b76d3000 r--p 00007000 08:01 130846     /lib/i386-linux-gnu/libnss_compat-2.24.so
b76d3000-b76d4000 rw-p 00008000 08:01 130846     /lib/i386-linux-gnu/libnss_compat-2.24.so
b76d4000-b76d5000 rw-p 00000000 00:00 0 
b76d5000-b76d6000 r--p 00000000 00:00 0 
b76d6000-b76e4000 r-xp 00000000 08:01 1589139    /usr/lib/jvm/java-8-openjdk-i386/jre/lib/i386/libverify.so
b76e4000-b76e5000 r--p 0000d000 08:01 1589139    /usr/lib/jvm/java-8-openjdk-i386/jre/lib/i386/libverify.so
b76e5000-b76e6000 rw-p 0000e000 08:01 1589139    /usr/lib/jvm/java-8-openjdk-i386/jre/lib/i386/libverify.so
b76e6000-b76e9000 rw-p 00000000 00:00 0 
b76e9000-b76eb000 r--p 00000000 00:00 0          [vvar]
b76eb000-b76ed000 r-xp 00000000 00:00 0          [vdso]
b76ed000-b7710000 r-xp 00000000 08:01 130831     /lib/i386-linux-gnu/ld-2.24.so
b7710000-b7711000 r--p 00022000 08:01 130831     /lib/i386-linux-gnu/ld-2.24.so
b7711000-b7712000 rw-p 00023000 08:01 130831     /lib/i386-linux-gnu/ld-2.24.so
bfe97000-bfeb8000 rw-p 00000000 00:00 0          [stack]

VM Arguments:
jvm_args: -Dfile.encoding=UTF-8 
java_command: /home/mauricio/NetBeansProjects/Tetris/dist/run2062762402/Tetris.jar
java_class_path (initial): /home/mauricio/NetBeansProjects/Tetris/dist/run2062762402/Tetris.jar
Launcher Type: SUN_STANDARD

Environment Variables:
PATH=/usr/local/bin:/usr/bin:/bin:/usr/local/games:/usr/games
LD_LIBRARY_PATH=/usr/lib/jvm/java-8-openjdk-i386/bin/../jre/lib/amd64:/usr/lib/jvm/java-8-openjdk-i386/bin/../jre/lib/i386:
SHELL=/bin/bash
DISPLAY=:0

Signal Handlers:
SIGSEGV: [libjvm.so+0x8c1b20], sa_mask[0]=11111111011111111101111111111110, sa_flags=SA_RESTART|SA_SIGINFO
SIGBUS: [libjvm.so+0x8c1b20], sa_mask[0]=11111111011111111101111111111110, sa_flags=SA_RESTART|SA_SIGINFO
SIGFPE: [libjvm.so+0x720960], sa_mask[0]=11111111011111111101111111111110, sa_flags=SA_RESTART|SA_SIGINFO
SIGPIPE: SIG_IGN, sa_mask[0]=00000000000010000000000000000000, sa_flags=SA_RESTART
SIGXFSZ: [libjvm.so+0x720960], sa_mask[0]=11111111011111111101111111111110, sa_flags=SA_RESTART|SA_SIGINFO
SIGILL: [libjvm.so+0x720960], sa_mask[0]=11111111011111111101111111111110, sa_flags=SA_RESTART|SA_SIGINFO
SIGUSR1: SIG_DFL, sa_mask[0]=00000000000000000000000000000000, sa_flags=none
SIGUSR2: [libjvm.so+0x7207a0], sa_mask[0]=00100000000000000000000000000000, sa_flags=SA_RESTART|SA_SIGINFO
SIGHUP: [libjvm.so+0x720d00], sa_mask[0]=11111111011111111101111111111110, sa_flags=SA_RESTART|SA_SIGINFO
SIGINT: SIG_IGN, sa_mask[0]=00000000000000000000000000000000, sa_flags=none
SIGTERM: [libjvm.so+0x720d00], sa_mask[0]=11111111011111111101111111111110, sa_flags=SA_RESTART|SA_SIGINFO
SIGQUIT: [libjvm.so+0x720d00], sa_mask[0]=11111111011111111101111111111110, sa_flags=SA_RESTART|SA_SIGINFO


---------------  S Y S T E M  ---------------

OS:PRETTY_NAME="Debian GNU/Linux 9 (stretch)"
NAME="Debian GNU/Linux"
VERSION_ID="9"
VERSION="9 (stretch)"
ID=debian
HOME_URL="https://www.debian.org/"
SUPPORT_URL="https://www.debian.org/support"
BUG_REPORT_URL="https://bugs.debian.org/"

uname:Linux 4.9.0-6-686-pae #1 SMP Debian 4.9.82-1+deb9u3 (2018-03-02) i686
libc:glibc 2.24 NPTL 2.24 
rlimit: STACK 8192k, CORE 0k, NPROC 129205, NOFILE 1048576, AS infinity
load average:1,44 1,43 1,32

/proc/meminfo:
MemTotal:       16556144 kB
MemFree:        11887200 kB
MemAvailable:   12408432 kB
Buffers:          272860 kB
Cached:          1384112 kB
SwapCached:            0 kB
Active:          2636564 kB
Inactive:        1554644 kB
Active(anon):    2069696 kB
Inactive(anon):   579080 kB
Active(file):     566868 kB
Inactive(file):   975564 kB
Unevictable:          32 kB
Mlocked:              32 kB
HighTotal:      15817692 kB
HighFree:       11831152 kB
LowTotal:         738452 kB
LowFree:           56048 kB
SwapTotal:      16194556 kB
SwapFree:       16194556 kB
Dirty:                 0 kB
Writeback:             0 kB
AnonPages:       2534320 kB
Mapped:           420064 kB
Shmem:            114540 kB
Slab:             383240 kB
SReclaimable:     352508 kB
SUnreclaim:        30732 kB
KernelStack:        5232 kB
PageTables:        20280 kB
NFS_Unstable:          0 kB
Bounce:                0 kB
WritebackTmp:          0 kB
CommitLimit:    24472628 kB
Committed_AS:    7410752 kB
VmallocTotal:     122880 kB
VmallocUsed:           0 kB
VmallocChunk:          0 kB
HardwareCorrupted:     0 kB
AnonHugePages:      2048 kB
ShmemHugePages:        0 kB
ShmemPmdMapped:        0 kB
HugePages_Total:       0
HugePages_Free:        0
HugePages_Rsvd:        0
HugePages_Surp:        0
Hugepagesize:       2048 kB
DirectMap4k:       10232 kB
DirectMap2M:      901120 kB


CPU:total 4 (initial active 4) (4 cores per cpu, 1 threads per core) family 6 model 94 stepping 3, cmov, cx8, fxsr, mmx, sse, sse2, sse3, ssse3, sse4.1, sse4.2, popcnt, avx, avx2, aes, clmul, erms, 3dnowpref, lzcnt, tsc, tscinvbit, bmi1, bmi2, adx

/proc/cpuinfo:
processor	: 0
vendor_id	: GenuineIntel
cpu family	: 6
model		: 94
model name	: Intel(R) Core(TM) i5-6400 CPU @ 2.70GHz
stepping	: 3
microcode	: 0x39
cpu MHz		: 799.914
cache size	: 6144 KB
physical id	: 0
siblings	: 4
core id		: 0
cpu cores	: 4
apicid		: 0
initial apicid	: 0
fdiv_bug	: no
f00f_bug	: no
coma_bug	: no
fpu		: yes
fpu_exception	: yes
cpuid level	: 22
wp		: yes
flags		: fpu vme de pse tsc msr pae mce cx8 apic sep mtrr pge mca cmov pat pse36 clflush dts acpi mmx fxsr sse sse2 ss ht tm pbe nx pdpe1gb rdtscp lm constant_tsc art arch_perfmon pebs bts xtopology nonstop_tsc aperfmperf eagerfpu pni pclmulqdq dtes64 monitor ds_cpl vmx est tm2 ssse3 sdbg fma cx16 xtpr pdcm sse4_1 sse4_2 x2apic movbe popcnt tsc_deadline_timer aes xsave avx f16c rdrand lahf_lm abm 3dnowprefetch tpr_shadow vnmi flexpriority ept vpid fsgsbase tsc_adjust bmi1 avx2 smep bmi2 erms invpcid mpx rdseed adx smap clflushopt intel_pt xsaveopt xsavec xgetbv1 xsaves dtherm ida arat pln pts hwp hwp_notify hwp_act_window hwp_epp
bugs		: cpu_meltdown spectre_v1 spectre_v2
bogomips	: 5424.00
clflush size	: 64
cache_alignment	: 64
address sizes	: 39 bits physical, 48 bits virtual
power management:

processor	: 1
vendor_id	: GenuineIntel
cpu family	: 6
model		: 94
model name	: Intel(R) Core(TM) i5-6400 CPU @ 2.70GHz
stepping	: 3
microcode	: 0x39
cpu MHz		: 799.914
cache size	: 6144 KB
physical id	: 0
siblings	: 4
core id		: 1
cpu cores	: 4
apicid		: 2
initial apicid	: 2
fdiv_bug	: no
f00f_bug	: no
coma_bug	: no
fpu		: yes
fpu_exception	: yes
cpuid level	: 22
wp		: yes
flags		: fpu vme de pse tsc msr pae mce cx8 apic sep mtrr pge mca cmov pat pse36 clflush dts acpi mmx fxsr sse sse2 ss ht tm pbe nx pdpe1gb rdtscp lm constant_tsc art arch_perfmon pebs bts xtopology nonstop_tsc aperfmperf eagerfpu pni pclmulqdq dtes64 monitor ds_cpl vmx est tm2 ssse3 sdbg fma cx16 xtpr pdcm sse4_1 sse4_2 x2apic movbe popcnt tsc_deadline_timer aes xsave avx f16c rdrand lahf_lm abm 3dnowprefetch tpr_shadow vnmi flexpriority ept vpid fsgsbase tsc_adjust bmi1 avx2 smep bmi2 erms invpcid mpx rdseed adx smap clflushopt intel_pt xsaveopt xsavec xgetbv1 xsaves dtherm ida arat pln pts hwp hwp_notify hwp_act_window hwp_epp
bugs		: cpu_meltdown spectre_v1 spectre_v2
bogomips	: 5424.00
clflush size	: 64
cache_alignment	: 64
address sizes	: 39 bits physical, 48 bits virtual
power management:

processor	: 2
vendor_id	: GenuineIntel
cpu family	: 6
model		: 94
model name	: Intel(R) Core(TM) i5-6400 CPU @ 2.70GHz
stepping	: 3
microcode	: 0x39
cpu MHz		: 799.914
cache size	: 6144 KB
physical id	: 0
siblings	: 4
core id		: 2
cpu cores	: 4
apicid		: 4
initial apicid	: 4
fdiv_bug	: no
f00f_bug	: no
coma_bug	: no
fpu		: yes
fpu_exception	: yes
cpuid level	: 22
wp		: yes
flags		: fpu vme de pse tsc msr pae mce cx8 apic sep mtrr pge mca cmov pat pse36 clflush dts acpi mmx fxsr sse sse2 ss ht tm pbe nx pdpe1gb rdtscp lm constant_tsc art arch_perfmon pebs bts xtopology nonstop_tsc aperfmperf eagerfpu pni pclmulqdq dtes64 monitor ds_cpl vmx est tm2 ssse3 sdbg fma cx16 xtpr pdcm sse4_1 sse4_2 x2apic movbe popcnt tsc_deadline_timer aes xsave avx f16c rdrand lahf_lm abm 3dnowprefetch tpr_shadow vnmi flexpriority ept vpid fsgsbase tsc_adjust bmi1 avx2 smep bmi2 erms invpcid mpx rdseed adx smap clflushopt intel_pt xsaveopt xsavec xgetbv1 xsaves dtherm ida arat pln pts hwp hwp_notify hwp_act_window hwp_epp
bugs		: cpu_meltdown spectre_v1 spectre_v2
bogomips	: 5424.00
clflush size	: 64
cache_alignment	: 64
address sizes	: 39 bits physical, 48 bits virtual
power management:

processor	: 3
vendor_id	: GenuineIntel
cpu family	: 6
model		: 94
model name	: Intel(R) Core(TM) i5-6400 CPU @ 2.70GHz
stepping	: 3
microcode	: 0x39
cpu MHz		: 799.914
cache size	: 6144 KB
physical id	: 0
siblings	: 4
core id		: 3
cpu cores	: 4
apicid		: 6
initial apicid	: 6
fdiv_bug	: no
f00f_bug	: no
coma_bug	: no
fpu		: yes
fpu_exception	: yes
cpuid level	: 22
wp		: yes
flags		: fpu vme de pse tsc msr pae mce cx8 apic sep mtrr pge mca cmov pat pse36 clflush dts acpi mmx fxsr sse sse2 ss ht tm pbe nx pdpe1gb rdtscp lm constant_tsc art arch_perfmon pebs bts xtopology nonstop_tsc aperfmperf eagerfpu pni pclmulqdq dtes64 monitor ds_cpl vmx est tm2 ssse3 sdbg fma cx16 xtpr pdcm sse4_1 sse4_2 x2apic movbe popcnt tsc_deadline_timer aes xsave avx f16c rdrand lahf_lm abm 3dnowprefetch tpr_shadow vnmi flexpriority ept vpid fsgsbase tsc_adjust bmi1 avx2 smep bmi2 erms invpcid mpx rdseed adx smap clflushopt intel_pt xsaveopt xsavec xgetbv1 xsaves dtherm ida arat pln pts hwp hwp_notify hwp_act_window hwp_epp
bugs		: cpu_meltdown spectre_v1 spectre_v2
bogomips	: 5424.00
clflush size	: 64
cache_alignment	: 64
address sizes	: 39 bits physical, 48 bits virtual
power management:



Memory: 4k page, physical 16556144k(11887200k free), swap 16194556k(16194556k free)

vm_info: OpenJDK Server VM (25.151-b12) for linux-x86 JRE (1.8.0_151-8u151-b12-1~deb9u1-b12), built on Nov  1 2017 14:17:57 by "buildd" with gcc 6.3.0 20170516

time: Tue Mar  6 23:24:41 2018
elapsed time: 4 seconds (0d 0h 0m 4s)

