#
# There is insufficient memory for the Java Runtime Environment to continue.
# Native memory allocation (malloc) failed to allocate 699480 bytes for Chunk::new
# Possible reasons:
#   The system is out of physical RAM or swap space
#   In 32 bit mode, the process size limit was hit
# Possible solutions:
#   Reduce memory load on the system
#   Increase physical memory or swap space
#   Check if swap backing store is full
#   Use 64 bit Java on a 64 bit OS
#   Decrease Java heap size (-Xmx/-Xms)
#   Decrease number of Java threads
#   Decrease Java thread stack sizes (-Xss)
#   Set larger code cache with -XX:ReservedCodeCacheSize=
# This output file may be truncated or incomplete.
#
#  Out of Memory Error (allocation.cpp:390), pid=7352, tid=0x63292b40
#
# JRE version: OpenJDK Runtime Environment (8.0_151-b12) (build 1.8.0_151-8u151-b12-1~deb9u1-b12)
# Java VM: OpenJDK Server VM (25.151-b12 mixed mode linux-x86 )
# Failed to write core dump. Core dumps have been disabled. To enable core dumping, try "ulimit -c unlimited" before starting Java again
#

---------------  T H R E A D  ---------------

Current thread (0x637a5800):  JavaThread "C2 CompilerThread1" daemon [_thread_in_native, id=7366, stack(0x63212000,0x63293000)]

Stack: [0x63212000,0x63293000],  sp=0x63290910,  free space=506k
Native frames: (J=compiled Java code, j=interpreted, Vv=VM code, C=native code)
V  [libjvm.so+0x8c1053]
V  [libjvm.so+0x372a46]
V  [libjvm.so+0x184ef5]
V  [libjvm.so+0x4ab8de]
V  [libjvm.so+0x28c34e]
V  [libjvm.so+0x317da1]
V  [libjvm.so+0x31b23b]
V  [libjvm.so+0x27039f]
V  [libjvm.so+0x3264e7]
V  [libjvm.so+0x327dbc]
V  [libjvm.so+0x8625e7]
V  [libjvm.so+0x86b54b]
V  [libjvm.so+0x86ba1e]
V  [libjvm.so+0x7228d5]
C  [libpthread.so.0+0x627a]  start_thread+0xda
C  [libc.so.6+0xe7b56]  clone+0x66


Current CompileTask:
C2:  51267 2845   !   4       com.sun.javafx.css.StyleManager::findMatchingStyles (1260 bytes)


---------------  P R O C E S S  ---------------

Java Threads: ( => current thread )
  0x5935d400 JavaThread "Timer-5" daemon [_thread_blocked, id=7422, stack(0x01c29000,0x01c7a000)]
  0x59350c00 JavaThread "JFXMedia Player EventQueueThread" daemon [_thread_blocked, id=7414, stack(0x02c7c000,0x02ccd000)]
  0x59330400 JavaThread "Timer-4" daemon [_thread_blocked, id=7413, stack(0x02d4d000,0x02d9e000)]
  0x5932fc00 JavaThread "Timer-3" daemon [_thread_blocked, id=7412, stack(0x02d9e000,0x02def000)]
  0x59326c00 JavaThread "Timer-2" daemon [_thread_blocked, id=7411, stack(0x02def000,0x02e40000)]
  0x5933d800 JavaThread "Timer-1" daemon [_thread_blocked, id=7410, stack(0x02e40000,0x02e91000)]
  0x5933d000 JavaThread "Timer-0" daemon [_thread_blocked, id=7409, stack(0x02e91000,0x02ee2000)]
  0x59342400 JavaThread "JFXMedia Player EventQueueThread" daemon [_thread_blocked, id=7404, stack(0x10ee6000,0x10f37000)]
  0x5933ac00 JavaThread "Media Resource Disposer" daemon [_thread_blocked, id=7402, stack(0x11738000,0x11789000)]
  0x59335000 JavaThread "JFXMedia Player EventQueueThread" daemon [_thread_blocked, id=7398, stack(0x22f8c000,0x22fdd000)]
  0x5932a000 JavaThread "JFXMedia Player EventQueueThread" daemon [_thread_blocked, id=7393, stack(0x34fe1000,0x35032000)]
  0x59321400 JavaThread "JFXMedia Player EventQueueThread" daemon [_thread_blocked, id=7387, stack(0x47837000,0x47888000)]
  0x59305400 JavaThread "JFXMedia Player EventQueueThread" daemon [_thread_blocked, id=7383, stack(0x5947e000,0x594cf000)]
  0x636f2c00 JavaThread "Prism Font Disposer" daemon [_thread_blocked, id=7374, stack(0x5d650000,0x5d6a1000)]
  0x5dcd1c00 JavaThread "JavaFX-Launcher" [_thread_blocked, id=7373, stack(0x5d8f0000,0x5d941000)]
  0x5dc26c00 JavaThread "JavaFX Application Thread" [_thread_in_native, id=7372, stack(0x5d9c1000,0x5da12000)]
  0x5dc24400 JavaThread "Thread-1" daemon [_thread_blocked, id=7371, stack(0x5da12000,0x5da63000)]
  0x62d1ec00 JavaThread "QuantumRenderer-0" daemon [_thread_blocked, id=7370, stack(0x62eaf000,0x62f00000)]
  0x637aa000 JavaThread "Service Thread" daemon [_thread_blocked, id=7368, stack(0x63140000,0x63191000)]
  0x637a6c00 JavaThread "C1 CompilerThread2" daemon [_thread_blocked, id=7367, stack(0x63191000,0x63212000)]
=>0x637a5800 JavaThread "C2 CompilerThread1" daemon [_thread_in_native, id=7366, stack(0x63212000,0x63293000)]
  0x637a3800 JavaThread "C2 CompilerThread0" daemon [_thread_blocked, id=7365, stack(0x63293000,0x63314000)]
  0x637a2000 JavaThread "Signal Dispatcher" daemon [_thread_blocked, id=7364, stack(0x63314000,0x63365000)]
  0x63788400 JavaThread "Finalizer" daemon [_thread_blocked, id=7363, stack(0x63813000,0x63864000)]
  0x63785800 JavaThread "Reference Handler" daemon [_thread_blocked, id=7362, stack(0x6642e000,0x6647f000)]
  0xb6207800 JavaThread "main" [_thread_blocked, id=7356, stack(0xb63da000,0xb642b000)]

Other Threads:
  0x63781000 VMThread [stack: 0x63864000,0x638e5000] [id=7361]
  0x637abc00 WatcherThread [stack: 0x630bf000,0x63140000] [id=7369]

VM state:not at safepoint (normal execution)

VM Mutex/Monitor currently owned by a thread: None

Heap:
 PSYoungGen      total 224256K, used 17301K [0x918c0000, 0xa1d00000, 0xa6e00000)
  eden space 224000K, 7% used [0x918c0000,0x92990538,0x9f380000)
  from space 256K, 33% used [0xa1cc0000,0xa1cd5270,0xa1d00000)
  to   space 5632K, 0% used [0xa1200000,0xa1200000,0xa1780000)
 ParOldGen       total 43776K, used 11672K [0x66e00000, 0x698c0000, 0x918c0000)
  object space 43776K, 26% used [0x66e00000,0x67966260,0x698c0000)
 Metaspace       used 9924K, capacity 10446K, committed 10520K, reserved 10544K

Card table byte_map: [0x66bff000,0x66e00000] byte_map_base: 0x668c8000

Marking Bits: (ParMarkBitMap*) 0xb7140900
 Begin Bits: [0x64300000, 0x65300000)
 End Bits:   [0x65300000, 0x66300000)

Polling page: 0xb7764000

CodeCache: size=245760Kb used=6299Kb max_used=6306Kb free=239460Kb
 bounds [0xa7200000, 0xa7838000, 0xb6200000]
 total_blobs=2877 nmethods=2482 adapters=308
 compilation: enabled

Compilation events (10 events):
Event: 50,758 Thread 0x637a6c00 nmethod 2842 0xa780f308 code [0xa780f420, 0xa780f500]
Event: 50,965 Thread 0x637a5800 2843       4       javafx.beans.binding.BooleanExpression::getValue (5 bytes)
Event: 50,966 Thread 0x637a3800 2844       4       com.sun.javafx.css.CssError::setCurrentScene (55 bytes)
Event: 50,967 Thread 0x637a5800 nmethod 2843 0xa73eb508 code [0xa73eb600, 0xa73eb670]
Event: 50,967 Thread 0x637a5800 2845   !   4       com.sun.javafx.css.StyleManager::findMatchingStyles (1260 bytes)
Event: 50,967 Thread 0x637a3800 nmethod 2844 0xa746d808 code [0xa746d900, 0xa746d950]
Event: 50,968 Thread 0x637a6c00 2846       3       javafx.scene.layout.Region::minHeight (52 bytes)
Event: 50,970 Thread 0x637a6c00 nmethod 2846 0xa7453908 code [0xa7453aa0, 0xa74540e4]
Event: 50,970 Thread 0x637a6c00 2847       3       javafx.scene.layout.Region::getMinHeight (22 bytes)
Event: 50,970 Thread 0x637a6c00 nmethod 2847 0xa7453408 code [0xa7453540, 0xa745380c]

GC Heap History (10 events):
Event: 33,939 GC heap before
{Heap before GC invocations=14 (full 0):
 PSYoungGen      total 175616K, used 169824K [0x918c0000, 0xa2dc0000, 0xa6e00000)
  eden space 169216K, 100% used [0x918c0000,0x9be00000,0x9be00000)
  from space 6400K, 9% used [0x9be00000,0x9be98000,0x9c440000)
  to   space 6400K, 0% used [0xa2780000,0xa2780000,0xa2dc0000)
 ParOldGen       total 43776K, used 9810K [0x66e00000, 0x698c0000, 0x918c0000)
  object space 43776K, 22% used [0x66e00000,0x67794b88,0x698c0000)
 Metaspace       used 9714K, capacity 10239K, committed 10264K, reserved 10544K
Event: 33,940 GC heap after
Heap after GC invocations=14 (full 0):
 PSYoungGen      total 276736K, used 144K [0x918c0000, 0xa2d40000, 0xa6e00000)
  eden space 270848K, 0% used [0x918c0000,0x918c0000,0xa2140000)
  from space 5888K, 2% used [0xa2780000,0xa27a4130,0xa2d40000)
  to   space 6144K, 0% used [0xa2140000,0xa2140000,0xa2740000)
 ParOldGen       total 43776K, used 10298K [0x66e00000, 0x698c0000, 0x918c0000)
  object space 43776K, 23% used [0x66e00000,0x6780eb88,0x698c0000)
 Metaspace       used 9714K, capacity 10239K, committed 10264K, reserved 10544K
}
Event: 43,020 GC heap before
{Heap before GC invocations=15 (full 0):
 PSYoungGen      total 276736K, used 270992K [0x918c0000, 0xa2d40000, 0xa6e00000)
  eden space 270848K, 100% used [0x918c0000,0xa2140000,0xa2140000)
  from space 5888K, 2% used [0xa2780000,0xa27a4130,0xa2d40000)
  to   space 6144K, 0% used [0xa2140000,0xa2140000,0xa2740000)
 ParOldGen       total 43776K, used 10298K [0x66e00000, 0x698c0000, 0x918c0000)
  object space 43776K, 23% used [0x66e00000,0x6780eb88,0x698c0000)
 Metaspace       used 9855K, capacity 10350K, committed 10392K, reserved 10544K
Event: 43,024 GC heap after
Heap after GC invocations=15 (full 0):
 PSYoungGen      total 259072K, used 656K [0x918c0000, 0xa27c0000, 0xa6e00000)
  eden space 258304K, 0% used [0x918c0000,0x918c0000,0xa1500000)
  from space 768K, 85% used [0xa2140000,0xa21e4000,0xa2200000)
  to   space 5888K, 0% used [0xa2200000,0xa2200000,0xa27c0000)
 ParOldGen       total 43776K, used 10406K [0x66e00000, 0x698c0000, 0x918c0000)
  object space 43776K, 23% used [0x66e00000,0x67829b98,0x698c0000)
 Metaspace       used 9855K, capacity 10350K, committed 10392K, reserved 10544K
}
Event: 43,387 GC heap before
{Heap before GC invocations=16 (full 0):
 PSYoungGen      total 259072K, used 258960K [0x918c0000, 0xa27c0000, 0xa6e00000)
  eden space 258304K, 100% used [0x918c0000,0xa1500000,0xa1500000)
  from space 768K, 85% used [0xa2140000,0xa21e4000,0xa2200000)
  to   space 5888K, 0% used [0xa2200000,0xa2200000,0xa27c0000)
 ParOldGen       total 43776K, used 10406K [0x66e00000, 0x698c0000, 0x918c0000)
  object space 43776K, 23% used [0x66e00000,0x67829b98,0x698c0000)
 Metaspace       used 9857K, capacity 10350K, committed 10392K, reserved 10544K
Event: 43,388 GC heap after
Heap after GC invocations=16 (full 0):
 PSYoungGen      total 246528K, used 72K [0x918c0000, 0xa2240000, 0xa6e00000)
  eden space 246272K, 0% used [0x918c0000,0x918c0000,0xa0940000)
  from space 256K, 28% used [0xa2200000,0xa22121a8,0xa2240000)
  to   space 5888K, 0% used [0xa16c0000,0xa16c0000,0xa1c80000)
 ParOldGen       total 43776K, used 11019K [0x66e00000, 0x698c0000, 0x918c0000)
  object space 43776K, 25% used [0x66e00000,0x678c2d60,0x698c0000)
 Metaspace       used 9857K, capacity 10350K, committed 10392K, reserved 10544K
}
Event: 48,476 GC heap before
{Heap before GC invocations=17 (full 0):
 PSYoungGen      total 246528K, used 246344K [0x918c0000, 0xa2240000, 0xa6e00000)
  eden space 246272K, 100% used [0x918c0000,0xa0940000,0xa0940000)
  from space 256K, 28% used [0xa2200000,0xa22121a8,0xa2240000)
  to   space 5888K, 0% used [0xa16c0000,0xa16c0000,0xa1c80000)
 ParOldGen       total 43776K, used 11019K [0x66e00000, 0x698c0000, 0x918c0000)
  object space 43776K, 25% used [0x66e00000,0x678c2d60,0x698c0000)
 Metaspace       used 9910K, capacity 10414K, committed 10520K, reserved 10544K
Event: 48,484 GC heap after
Heap after GC invocations=17 (full 0):
 PSYoungGen      total 240640K, used 666K [0x918c0000, 0xa2240000, 0xa6e00000)
  eden space 234752K, 0% used [0x918c0000,0x918c0000,0x9fe00000)
  from space 5888K, 11% used [0xa16c0000,0xa1766b70,0xa1c80000)
  to   space 5632K, 0% used [0xa1cc0000,0xa1cc0000,0xa2240000)
 ParOldGen       total 43776K, used 11059K [0x66e00000, 0x698c0000, 0x918c0000)
  object space 43776K, 25% used [0x66e00000,0x678ccf08,0x698c0000)
 Metaspace       used 9910K, capacity 10414K, committed 10520K, reserved 10544K
}
Event: 48,622 GC heap before
{Heap before GC invocations=18 (full 0):
 PSYoungGen      total 240640K, used 235418K [0x918c0000, 0xa2240000, 0xa6e00000)
  eden space 234752K, 100% used [0x918c0000,0x9fe00000,0x9fe00000)
  from space 5888K, 11% used [0xa16c0000,0xa1766b70,0xa1c80000)
  to   space 5632K, 0% used [0xa1cc0000,0xa1cc0000,0xa2240000)
 ParOldGen       total 43776K, used 11059K [0x66e00000, 0x698c0000, 0x918c0000)
  object space 43776K, 25% used [0x66e00000,0x678ccf08,0x698c0000)
 Metaspace       used 9911K, capacity 10414K, committed 10520K, reserved 10544K
Event: 48,623 GC heap after
Heap after GC invocations=18 (full 0):
 PSYoungGen      total 224256K, used 84K [0x918c0000, 0xa1d00000, 0xa6e00000)
  eden space 224000K, 0% used [0x918c0000,0x918c0000,0x9f380000)
  from space 256K, 33% used [0xa1cc0000,0xa1cd5270,0xa1d00000)
  to   space 5632K, 0% used [0xa1200000,0xa1200000,0xa1780000)
 ParOldGen       total 43776K, used 11672K [0x66e00000, 0x698c0000, 0x918c0000)
  object space 43776K, 26% used [0x66e00000,0x67966260,0x698c0000)
 Metaspace       used 9911K, capacity 10414K, committed 10520K, reserved 10544K
}

Deoptimization events (10 events):
Event: 10,263 Thread 0x5dc26c00 Uncommon trap: reason=unstable_if action=reinterpret pc=0xa737e130 method=java.lang.AbstractStringBuilder.append(Ljava/lang/String;)Ljava/lang/AbstractStringBuilder; @ 1
Event: 10,340 Thread 0x5dc26c00 Uncommon trap: reason=unstable_if action=reinterpret pc=0xa73c0cbc method=java.util.HashMap.getNode(ILjava/lang/Object;)Ljava/util/HashMap$Node; @ 84
Event: 10,365 Thread 0x5dc26c00 Uncommon trap: reason=unstable_if action=reinterpret pc=0xa73c379c method=java.util.HashMap.getNode(ILjava/lang/Object;)Ljava/util/HashMap$Node; @ 84
Event: 38,486 Thread 0x5dc26c00 Uncommon trap: reason=unstable_if action=reinterpret pc=0xa7568388 method=java.lang.String.split(Ljava/lang/String;I)[Ljava/lang/String; @ 136
Event: 38,501 Thread 0x5dc26c00 Uncommon trap: reason=predicate action=maybe_recompile pc=0xa77ca644 method=java.util.AbstractCollection.toArray([Ljava/lang/Object;)[Ljava/lang/Object; @ 49
Event: 38,506 Thread 0x5dc26c00 Uncommon trap: reason=array_check action=maybe_recompile pc=0xa77cd938 method=java.util.AbstractCollection.toArray([Ljava/lang/Object;)[Ljava/lang/Object; @ 119
Event: 38,506 Thread 0x5dc26c00 Uncommon trap: reason=array_check action=maybe_recompile pc=0xa77cd938 method=java.util.AbstractCollection.toArray([Ljava/lang/Object;)[Ljava/lang/Object; @ 119
Event: 38,506 Thread 0x5dc26c00 Uncommon trap: reason=array_check action=maybe_recompile pc=0xa77cd938 method=java.util.AbstractCollection.toArray([Ljava/lang/Object;)[Ljava/lang/Object; @ 119
Event: 38,506 Thread 0x5dc26c00 Uncommon trap: reason=array_check action=maybe_recompile pc=0xa77cd938 method=java.util.AbstractCollection.toArray([Ljava/lang/Object;)[Ljava/lang/Object; @ 119
Event: 40,880 Thread 0x62d1ec00 Uncommon trap: reason=unstable_if action=reinterpret pc=0xa772d470 method=com.sun.javafx.geom.RectBounds.contains(Lcom/sun/javafx/geom/RectBounds;)Z @ 61

Internal exceptions (10 events):
Event: 34,105 Thread 0x5dc26c00 Exception <a 'java/lang/NullPointerException'> (0x97679aa0) thrown at [/build/openjdk-8-5vUtj8/openjdk-8-8u151-b12/src/hotspot/src/share/vm/interpreter/linkResolver.cpp, line 1285]
Event: 34,139 Thread 0x5dc26c00 Exception <a 'java/lang/NullPointerException'> (0x97687bd0) thrown at [/build/openjdk-8-5vUtj8/openjdk-8-8u151-b12/src/hotspot/src/share/vm/interpreter/linkResolver.cpp, line 1285]
Event: 43,439 Thread 0x5dc26c00 Exception <a 'java/lang/NullPointerException'> (0x94b6ac40) thrown at [/build/openjdk-8-5vUtj8/openjdk-8-8u151-b12/src/hotspot/src/share/vm/interpreter/linkResolver.cpp, line 1285]
Event: 43,451 Thread 0x5dc26c00 Exception <a 'java/lang/NullPointerException'> (0x94d19598) thrown at [/build/openjdk-8-5vUtj8/openjdk-8-8u151-b12/src/hotspot/src/share/vm/interpreter/linkResolver.cpp, line 1285]
Event: 43,462 Thread 0x5dc26c00 Exception <a 'java/lang/NullPointerException'> (0x94d276c8) thrown at [/build/openjdk-8-5vUtj8/openjdk-8-8u151-b12/src/hotspot/src/share/vm/interpreter/linkResolver.cpp, line 1285]
Event: 43,474 Thread 0x5dc26c00 Exception <a 'java/lang/NullPointerException'> (0x94d357f8) thrown at [/build/openjdk-8-5vUtj8/openjdk-8-8u151-b12/src/hotspot/src/share/vm/interpreter/linkResolver.cpp, line 1285]
Event: 48,644 Thread 0x5dc26c00 Exception <a 'java/lang/NullPointerException'> (0x922bdce0) thrown at [/build/openjdk-8-5vUtj8/openjdk-8-8u151-b12/src/hotspot/src/share/vm/interpreter/linkResolver.cpp, line 1285]
Event: 48,656 Thread 0x5dc26c00 Exception <a 'java/lang/NullPointerException'> (0x922cbf10) thrown at [/build/openjdk-8-5vUtj8/openjdk-8-8u151-b12/src/hotspot/src/share/vm/interpreter/linkResolver.cpp, line 1285]
Event: 48,667 Thread 0x5dc26c00 Exception <a 'java/lang/NullPointerException'> (0x922da040) thrown at [/build/openjdk-8-5vUtj8/openjdk-8-8u151-b12/src/hotspot/src/share/vm/interpreter/linkResolver.cpp, line 1285]
Event: 48,679 Thread 0x5dc26c00 Exception <a 'java/lang/NullPointerException'> (0x922e8170) thrown at [/build/openjdk-8-5vUtj8/openjdk-8-8u151-b12/src/hotspot/src/share/vm/interpreter/linkResolver.cpp, line 1285]

Events (10 events):
Event: 48,679 Executing VM operation: RevokeBias done
Event: 48,679 Thread 0x5937a000 Thread exited: 0x5937a000
Event: 48,689 Thread 0x5937b000 Thread added: 0x5937b000
Event: 48,690 Thread 0x5d532400 Thread added: 0x5d532400
Event: 48,690 Thread 0x5d532400 Thread exited: 0x5d532400
Event: 48,690 Thread 0x5d532400 Thread added: 0x5d532400
Event: 48,690 Thread 0x5d532400 Thread exited: 0x5d532400
Event: 48,690 Executing VM operation: RevokeBias
Event: 48,690 Executing VM operation: RevokeBias done
Event: 48,690 Thread 0x5937b000 Thread exited: 0x5937b000


Dynamic libraries:
0005d000-00100000 rw-p 00000000 00:00 0 
00100000-001fc000 rw-p 00000000 00:00 0 
001fc000-00200000 ---p 00000000 00:00 0 
00200000-002f8000 rw-p 00000000 00:00 0 
002f8000-00300000 ---p 00000000 00:00 0 
00300000-00400000 rw-p 00000000 00:00 0 
00457000-00477000 rw-p 00000000 00:00 0 
00477000-00478000 r-xp 00000000 08:01 1582295    /usr/lib/jvm/java-8-openjdk-i386/jre/bin/java
00478000-00479000 r--p 00000000 08:01 1582295    /usr/lib/jvm/java-8-openjdk-i386/jre/bin/java
00479000-0047a000 rw-p 00001000 08:01 1582295    /usr/lib/jvm/java-8-openjdk-i386/jre/bin/java
00480000-00559000 rw-p 00000000 00:00 0 
005d5000-007d5000 rw-s 127e70000 00:06 12993     /dev/dri/card0
007d5000-009d5000 rw-s 1284d9000 00:06 12993     /dev/dri/card0
009d5000-009d6000 ---p 00000000 00:00 0 
009d6000-011d6000 rw-p 00000000 00:00 0 
011d6000-011d9000 ---p 00000000 00:00 0 
011d9000-01a60000 rw-p 00000000 00:00 0          [heap]
01ad8000-01b58000 rw-s 1269c7000 00:06 12993     /dev/dri/card0
01b58000-01bd8000 rw-s 126947000 00:06 12993     /dev/dri/card0
01bd8000-01bdb000 ---p 00000000 00:00 0 
01bdb000-01c29000 rw-p 00000000 00:00 0 
01c29000-01c2c000 ---p 00000000 00:00 0 
01c2c000-01c7a000 rw-p 00000000 00:00 0 
01c7a000-01c7b000 ---p 00000000 00:00 0 
01c7b000-0247b000 rw-p 00000000 00:00 0 
0247b000-0247c000 ---p 00000000 00:00 0 
0247c000-02c7c000 rw-p 00000000 00:00 0 
02c7c000-02c7f000 ---p 00000000 00:00 0 
02c7f000-02ccd000 rw-p 00000000 00:00 0 
02ccd000-02d4d000 rw-s 1268c7000 00:06 12993     /dev/dri/card0
02d4d000-02d50000 ---p 00000000 00:00 0 
02d50000-02d9e000 rw-p 00000000 00:00 0 
02d9e000-02da1000 ---p 00000000 00:00 0 
02da1000-02def000 rw-p 00000000 00:00 0 
02def000-02df2000 ---p 00000000 00:00 0 
02df2000-02e40000 rw-p 00000000 00:00 0 
02e40000-02e43000 ---p 00000000 00:00 0 
02e43000-02e91000 rw-p 00000000 00:00 0 
02e91000-02e94000 ---p 00000000 00:00 0 
02e94000-02ee2000 rw-p 00000000 00:00 0 
02ee2000-02ee3000 ---p 00000000 00:00 0 
02ee3000-036e3000 rw-p 00000000 00:00 0 
036e3000-036e6000 ---p 00000000 00:00 0 
036e6000-03ee4000 rw-p 00000000 00:00 0 
03ee4000-03ee5000 ---p 00000000 00:00 0 
03ee5000-046e5000 rw-p 00000000 00:00 0 
046e5000-086e5000 rw-s 00000000 00:05 19922      /memfd:pulseaudio (deleted)
086e5000-0c6e5000 rw-s 00000000 00:05 1270283    /memfd:pulseaudio (deleted)
0c6e5000-0c6e6000 ---p 00000000 00:00 0 
0c6e6000-0cee6000 rw-p 00000000 00:00 0 
0cee6000-10ee6000 rw-s 00000000 00:05 1270283    /memfd:pulseaudio (deleted)
10ee6000-10ee9000 ---p 00000000 00:00 0 
10ee9000-10f37000 rw-p 00000000 00:00 0 
10f37000-10f38000 ---p 00000000 00:00 0 
10f38000-11738000 rw-p 00000000 00:00 0 
11738000-1173b000 ---p 00000000 00:00 0 
1173b000-11789000 rw-p 00000000 00:00 0 
11789000-1178c000 ---p 00000000 00:00 0 
1178c000-11f8a000 rw-p 00000000 00:00 0 
11f8a000-11f8b000 ---p 00000000 00:00 0 
11f8b000-1278b000 rw-p 00000000 00:00 0 
1278b000-1678b000 rw-s 00000000 00:05 1271838    /memfd:pulseaudio (deleted)
1678b000-1a78b000 rw-s 00000000 00:05 19922      /memfd:pulseaudio (deleted)
1a78b000-1e78b000 rw-s 00000000 00:05 1270954    /memfd:pulseaudio (deleted)
1e78b000-1e78c000 ---p 00000000 00:00 0 
1e78c000-1ef8c000 rw-p 00000000 00:00 0 
1ef8c000-22f8c000 rw-s 00000000 00:05 1270954    /memfd:pulseaudio (deleted)
22f8c000-22f8f000 ---p 00000000 00:00 0 
22f8f000-22fdd000 rw-p 00000000 00:00 0 
22fdd000-22fde000 ---p 00000000 00:00 0 
22fde000-237de000 rw-p 00000000 00:00 0 
237de000-237e1000 ---p 00000000 00:00 0 
237e1000-23fdf000 rw-p 00000000 00:00 0 
23fdf000-23fe0000 ---p 00000000 00:00 0 
23fe0000-247e0000 rw-p 00000000 00:00 0 
247e0000-287e0000 rw-s 00000000 00:05 1270277    /memfd:pulseaudio (deleted)
287e0000-2c7e0000 rw-s 00000000 00:05 19922      /memfd:pulseaudio (deleted)
2c7e0000-307e0000 rw-s 00000000 00:05 1270947    /memfd:pulseaudio (deleted)
307e0000-307e1000 ---p 00000000 00:00 0 
307e1000-30fe1000 rw-p 00000000 00:00 0 
30fe1000-34fe1000 rw-s 00000000 00:05 1270947    /memfd:pulseaudio (deleted)
34fe1000-34fe4000 ---p 00000000 00:00 0 
34fe4000-35032000 rw-p 00000000 00:00 0 
35032000-35033000 ---p 00000000 00:00 0 
35033000-35833000 rw-p 00000000 00:00 0 
35833000-35836000 ---p 00000000 00:00 0 
35836000-36034000 rw-p 00000000 00:00 0 
36034000-36035000 ---p 00000000 00:00 0 
36035000-36835000 rw-p 00000000 00:00 0 
36835000-3a835000 rw-s 00000000 00:05 1267564    /memfd:pulseaudio (deleted)
3a835000-3e835000 rw-s 00000000 00:05 19922      /memfd:pulseaudio (deleted)
3e835000-42835000 rw-s 00000000 00:05 1267562    /memfd:pulseaudio (deleted)
42835000-42836000 ---p 00000000 00:00 0 
42836000-43036000 rw-p 00000000 00:00 0 
43036000-43037000 ---p 00000000 00:00 0 
43037000-43837000 rw-p 00000000 00:00 0 
43837000-47837000 rw-s 00000000 00:05 1267562    /memfd:pulseaudio (deleted)
47837000-4783a000 ---p 00000000 00:00 0 
4783a000-47888000 rw-p 00000000 00:00 0 
47888000-4788b000 ---p 00000000 00:00 0 
4788b000-48089000 rw-p 00000000 00:00 0 
48089000-4808a000 ---p 00000000 00:00 0 
4808a000-4888a000 rw-p 00000000 00:00 0 
4888a000-4c88a000 rw-s 00000000 00:05 1267556    /memfd:pulseaudio (deleted)
4c88a000-5088a000 rw-s 00000000 00:05 19922      /memfd:pulseaudio (deleted)
5088a000-5488a000 rw-s 00000000 00:05 1267554    /memfd:pulseaudio (deleted)
5488a000-5488b000 ---p 00000000 00:00 0 
5488b000-5508b000 rw-p 00000000 00:00 0 
5508b000-5908b000 rw-s 00000000 00:05 1267554    /memfd:pulseaudio (deleted)
5908b000-59105000 r-xp 00000000 08:01 1189170    /usr/lib/i386-linux-gnu/libvorbisenc.so.2.0.11
59105000-59116000 r--p 00079000 08:01 1189170    /usr/lib/i386-linux-gnu/libvorbisenc.so.2.0.11
59116000-59117000 rw-p 0008a000 08:01 1189170    /usr/lib/i386-linux-gnu/libvorbisenc.so.2.0.11
59117000-59141000 r-xp 00000000 08:01 1189172    /usr/lib/i386-linux-gnu/libvorbis.so.0.4.8
59141000-59142000 r--p 00029000 08:01 1189172    /usr/lib/i386-linux-gnu/libvorbis.so.0.4.8
59142000-59143000 rw-p 0002a000 08:01 1189172    /usr/lib/i386-linux-gnu/libvorbis.so.0.4.8
59143000-5914a000 r-xp 00000000 08:01 1187829    /usr/lib/i386-linux-gnu/libogg.so.0.8.2
5914a000-5914b000 r--p 00006000 08:01 1187829    /usr/lib/i386-linux-gnu/libogg.so.0.8.2
5914b000-5914c000 rw-p 00007000 08:01 1187829    /usr/lib/i386-linux-gnu/libogg.so.0.8.2
5914c000-591a9000 r-xp 00000000 08:01 1190480    /usr/lib/i386-linux-gnu/libFLAC.so.8.3.0
591a9000-591aa000 r--p 0005c000 08:01 1190480    /usr/lib/i386-linux-gnu/libFLAC.so.8.3.0
591aa000-591ab000 rw-p 0005d000 08:01 1190480    /usr/lib/i386-linux-gnu/libFLAC.so.8.3.0
591ab000-591b0000 r-xp 00000000 08:01 1190478    /usr/lib/i386-linux-gnu/libasyncns.so.0.3.1
591b0000-591b1000 r--p 00004000 08:01 1190478    /usr/lib/i386-linux-gnu/libasyncns.so.0.3.1
591b1000-591b2000 rw-p 00005000 08:01 1190478    /usr/lib/i386-linux-gnu/libasyncns.so.0.3.1
591b2000-5923a000 r-xp 00000000 08:01 1190487    /usr/lib/i386-linux-gnu/libsndfile.so.1.0.27
5923a000-5923c000 r--p 00087000 08:01 1190487    /usr/lib/i386-linux-gnu/libsndfile.so.1.0.27
5923c000-5923d000 rw-p 00089000 08:01 1190487    /usr/lib/i386-linux-gnu/libsndfile.so.1.0.27
5923d000-5923f000 rw-p 00000000 00:00 0 
5923f000-59247000 r-xp 00000000 08:01 134683     /lib/i386-linux-gnu/libwrap.so.0.7.6
59247000-59248000 ---p 00008000 08:01 134683     /lib/i386-linux-gnu/libwrap.so.0.7.6
59248000-59249000 r--p 00008000 08:01 134683     /lib/i386-linux-gnu/libwrap.so.0.7.6
59249000-5924a000 rw-p 00009000 08:01 134683     /lib/i386-linux-gnu/libwrap.so.0.7.6
5924a000-59252000 r-xp 00000000 08:01 1187755    /usr/lib/i386-linux-gnu/libSM.so.6.0.1
59252000-59253000 r--p 00007000 08:01 1187755    /usr/lib/i386-linux-gnu/libSM.so.6.0.1
59253000-59254000 rw-p 00008000 08:01 1187755    /usr/lib/i386-linux-gnu/libSM.so.6.0.1
59254000-5926d000 r-xp 00000000 08:01 1187749    /usr/lib/i386-linux-gnu/libICE.so.6.3.0
5926d000-5926e000 r--p 00018000 08:01 1187749    /usr/lib/i386-linux-gnu/libICE.so.6.3.0
5926e000-5926f000 rw-p 00019000 08:01 1187749    /usr/lib/i386-linux-gnu/libICE.so.6.3.0
5926f000-59271000 rw-p 00000000 00:00 0 
59271000-592fd000 r-xp 00000000 08:01 1190498    /usr/lib/i386-linux-gnu/pulseaudio/libpulsecommon-10.0.so
592fd000-592fe000 ---p 0008c000 08:01 1190498    /usr/lib/i386-linux-gnu/pulseaudio/libpulsecommon-10.0.so
592fe000-592ff000 r--p 0008c000 08:01 1190498    /usr/lib/i386-linux-gnu/pulseaudio/libpulsecommon-10.0.so
592ff000-59300000 rw-p 0008d000 08:01 1190498    /usr/lib/i386-linux-gnu/pulseaudio/libpulsecommon-10.0.so
59300000-59384000 rw-p 00000000 00:00 0 
59384000-59400000 ---p 00000000 00:00 0 
59406000-5945e000 r-xp 00000000 08:01 1190496    /usr/lib/i386-linux-gnu/libpulse.so.0.20.1
5945e000-5945f000 r--p 00057000 08:01 1190496    /usr/lib/i386-linux-gnu/libpulse.so.0.20.1
5945f000-59460000 rw-p 00058000 08:01 1190496    /usr/lib/i386-linux-gnu/libpulse.so.0.20.1
59464000-5946c000 rw-p 00000000 00:00 0 
5946c000-59472000 r-xp 00000000 08:01 1212487    /usr/lib/i386-linux-gnu/alsa-lib/libasound_module_pcm_pulse.so
59472000-59473000 r--p 00005000 08:01 1212487    /usr/lib/i386-linux-gnu/alsa-lib/libasound_module_pcm_pulse.so
59473000-59474000 rw-p 00006000 08:01 1212487    /usr/lib/i386-linux-gnu/alsa-lib/libasound_module_pcm_pulse.so
59474000-5947e000 r--p 00000000 08:01 1212623    /usr/share/locale/es/LC_MESSAGES/pulseaudio.mo
5947e000-59481000 ---p 00000000 00:00 0 
59481000-594cf000 rw-p 00000000 00:00 0 
594cf000-594e0000 r-xp 00000000 08:01 1589133    /usr/lib/jvm/java-8-openjdk-i386/jre/lib/i386/libnio.so
594e0000-594e1000 r--p 00010000 08:01 1589133    /usr/lib/jvm/java-8-openjdk-i386/jre/lib/i386/libnio.so
594e1000-594e2000 rw-p 00011000 08:01 1589133    /usr/lib/jvm/java-8-openjdk-i386/jre/lib/i386/libnio.so
594e2000-5b0e3000 rw-p 00000000 00:00 0 
5b0e3000-5b0e6000 ---p 00000000 00:00 0 
5b0e6000-5b8e4000 rw-p 00000000 00:00 0 
5b8e4000-5b9e4000 rw-p 00000000 00:00 0 
5b9e4000-5bb02000 r-xp 00000000 08:01 1190549    /usr/lib/i386-linux-gnu/libasound.so.2.0.0
5bb02000-5bb07000 r--p 0011d000 08:01 1190549    /usr/lib/i386-linux-gnu/libasound.so.2.0.0
5bb07000-5bb08000 rw-p 00122000 08:01 1190549    /usr/lib/i386-linux-gnu/libasound.so.2.0.0
5bb08000-5bcc6000 r-xp 00000000 08:01 1591092    /usr/lib/jvm/java-8-openjdk-i386/jre/lib/i386/libgstreamer-lite.so
5bcc6000-5bccb000 r--p 001bd000 08:01 1591092    /usr/lib/jvm/java-8-openjdk-i386/jre/lib/i386/libgstreamer-lite.so
5bccb000-5bcce000 rw-p 001c2000 08:01 1591092    /usr/lib/jvm/java-8-openjdk-i386/jre/lib/i386/libgstreamer-lite.so
5bcce000-5bccf000 rw-p 00000000 00:00 0 
5bccf000-5bcfe000 r-xp 00000000 08:01 1591097    /usr/lib/jvm/java-8-openjdk-i386/jre/lib/i386/libjfxmedia.so
5bcfe000-5bcff000 r--p 0002e000 08:01 1591097    /usr/lib/jvm/java-8-openjdk-i386/jre/lib/i386/libjfxmedia.so
5bcff000-5bd00000 rw-p 0002f000 08:01 1591097    /usr/lib/jvm/java-8-openjdk-i386/jre/lib/i386/libjfxmedia.so
5bd00000-5bdfb000 rw-p 00000000 00:00 0 
5bdfb000-5be00000 ---p 00000000 00:00 0 
5be00000-5befb000 rw-p 00000000 00:00 0 
5befb000-5bf00000 ---p 00000000 00:00 0 
5bf00000-5bffe000 rw-p 00000000 00:00 0 
5bffe000-5c000000 ---p 00000000 00:00 0 
5c000000-5c200000 rw-s 127c31000 00:06 12993     /dev/dri/card0
5c200000-5cc00000 rwxp 00000000 00:00 0 
5cc00000-5cccf000 rw-p 00000000 00:00 0 
5cccf000-5cd00000 ---p 00000000 00:00 0 
5cd00000-5ce00000 rw-p 00000000 00:00 0 
5ce00000-5d000000 rw-p 00000000 00:00 0 
5d000000-5d100000 rw-p 00000000 00:00 0 
5d100000-5d200000 rw-p 00000000 00:00 0 
5d206000-5d21c000 r-xp 00000000 08:01 1589132    /usr/lib/jvm/java-8-openjdk-i386/jre/lib/i386/libnet.so
5d21c000-5d21d000 r--p 00015000 08:01 1589132    /usr/lib/jvm/java-8-openjdk-i386/jre/lib/i386/libnet.so
5d21d000-5d21e000 rw-p 00016000 08:01 1589132    /usr/lib/jvm/java-8-openjdk-i386/jre/lib/i386/libnet.so
5d21e000-5d281000 r--p 00000000 08:01 1708611    /usr/share/fonts/truetype/hack/Hack-Bold.ttf
5d281000-5d2e5000 r--p 00000000 08:01 1708610    /usr/share/fonts/truetype/hack/Hack-Italic.ttf
5d2e5000-5d347000 r--p 00000000 08:01 1708612    /usr/share/fonts/truetype/hack/Hack-Regular.ttf
5d347000-5d447000 rw-p 00000000 00:00 0 
5d447000-5d500000 r--p 00000000 08:01 1439533    /usr/share/fonts/truetype/dejavu/DejaVuSans.ttf
5d500000-5d5fc000 rw-p 00000000 00:00 0 
5d5fc000-5d600000 ---p 00000000 00:00 0 
5d601000-5d605000 r-xp 00000000 08:01 130985     /lib/i386-linux-gnu/libcap.so.2.25
5d605000-5d606000 r--p 00003000 08:01 130985     /lib/i386-linux-gnu/libcap.so.2.25
5d606000-5d607000 rw-p 00004000 08:01 130985     /lib/i386-linux-gnu/libcap.so.2.25
5d607000-5d612000 r-xp 00000000 08:01 1591090    /usr/lib/jvm/java-8-openjdk-i386/jre/lib/i386/libfxplugins.so
5d612000-5d613000 r--p 0000a000 08:01 1591090    /usr/lib/jvm/java-8-openjdk-i386/jre/lib/i386/libfxplugins.so
5d613000-5d614000 rw-p 0000b000 08:01 1591090    /usr/lib/jvm/java-8-openjdk-i386/jre/lib/i386/libfxplugins.so
5d619000-5d631000 rw-p 00000000 00:00 0 
5d631000-5d644000 r--s 00346000 08:01 1589157    /usr/lib/jvm/java-8-openjdk-i386/jre/lib/resources.jar
5d644000-5d64e000 r-xp 00000000 08:01 1199065    /usr/lib/i386-linux-gnu/gtk-2.0/2.10.0/engines/libpixmap.so
5d64e000-5d64f000 r--p 00009000 08:01 1199065    /usr/lib/i386-linux-gnu/gtk-2.0/2.10.0/engines/libpixmap.so
5d64f000-5d650000 rw-p 0000a000 08:01 1199065    /usr/lib/i386-linux-gnu/gtk-2.0/2.10.0/engines/libpixmap.so
5d650000-5d653000 ---p 00000000 00:00 0 
5d653000-5d6a1000 rw-p 00000000 00:00 0 
5d6a1000-5d6a9000 r--s 00000000 08:01 530841     /var/cache/fontconfig/945677eb7aeaf62f1d50efc3fb3ec7d8-le32d4.cache-4
5d6a9000-5d6da000 r--s 00000000 08:01 537827     /var/cache/fontconfig/0bd3dc0958fa2205aaaa8ebb13e2872b-le32d4.cache-4
5d6da000-5d6df000 r--s 00000000 08:01 537759     /var/cache/fontconfig/3047814df9a2f067bd2d96a2b9c36e5a-le32d4.cache-4
5d6df000-5d6e5000 r--s 00000000 08:01 537754     /var/cache/fontconfig/bf3b770c553c462765856025a94f1ce6-le32d4.cache-4
5d6e5000-5d6e7000 r--s 00000000 08:01 537748     /var/cache/fontconfig/a0107c79d978dfcc5e42cb1335b71036-le32d4.cache-4
5d6e7000-5d6f0000 r--s 00000000 08:01 537593     /var/cache/fontconfig/d589a48862398ed80a3d6066f4f56f4c-le32d4.cache-4
5d6f0000-5d7f0000 rw-p 00000000 00:00 0 
5d7f0000-5d8f0000 rw-p 00000000 00:00 0 
5d8f0000-5d8f3000 ---p 00000000 00:00 0 
5d8f3000-5d941000 rw-p 00000000 00:00 0 
5d941000-5d9c1000 rw-s 126f88000 00:06 12993     /dev/dri/card0
5d9c1000-5d9c4000 ---p 00000000 00:00 0 
5d9c4000-5da12000 rw-p 00000000 00:00 0 
5da12000-5da15000 ---p 00000000 00:00 0 
5da15000-5da63000 rw-p 00000000 00:00 0 
5da63000-5da74000 r-xp 00000000 08:01 1178776    /usr/lib/i386-linux-gnu/liblz4.so.1.7.1
5da74000-5da75000 r--p 00010000 08:01 1178776    /usr/lib/i386-linux-gnu/liblz4.so.1.7.1
5da75000-5da76000 rw-p 00011000 08:01 1178776    /usr/lib/i386-linux-gnu/liblz4.so.1.7.1
5da76000-5daa0000 r-xp 00000000 08:01 130902     /lib/i386-linux-gnu/liblzma.so.5.2.2
5daa0000-5daa1000 r--p 00029000 08:01 130902     /lib/i386-linux-gnu/liblzma.so.5.2.2
5daa1000-5daa2000 rw-p 0002a000 08:01 130902     /lib/i386-linux-gnu/liblzma.so.5.2.2
5daa2000-5db31000 r-xp 00000000 08:01 130955     /lib/i386-linux-gnu/libsystemd.so.0.17.0
5db31000-5db33000 r--p 0008e000 08:01 130955     /lib/i386-linux-gnu/libsystemd.so.0.17.0
5db33000-5db34000 rw-p 00090000 08:01 130955     /lib/i386-linux-gnu/libsystemd.so.0.17.0
5db34000-5db65000 r-xp 00000000 08:01 1189430    /usr/lib/i386-linux-gnu/libatk-bridge-2.0.so.0.0.0
5db65000-5db66000 r--p 00030000 08:01 1189430    /usr/lib/i386-linux-gnu/libatk-bridge-2.0.so.0.0.0
5db66000-5db67000 rw-p 00031000 08:01 1189430    /usr/lib/i386-linux-gnu/libatk-bridge-2.0.so.0.0.0
5db67000-5db68000 rw-p 00000000 00:00 0 
5db68000-5dbc1000 r-xp 00000000 08:01 134679     /lib/i386-linux-gnu/libdbus-1.so.3.14.14
5dbc1000-5dbc2000 ---p 00059000 08:01 134679     /lib/i386-linux-gnu/libdbus-1.so.3.14.14
5dbc2000-5dbc3000 r--p 00059000 08:01 134679     /lib/i386-linux-gnu/libdbus-1.so.3.14.14
5dbc3000-5dbc4000 rw-p 0005a000 08:01 134679     /lib/i386-linux-gnu/libdbus-1.so.3.14.14
5dbc4000-5dbf2000 r-xp 00000000 08:01 1189428    /usr/lib/i386-linux-gnu/libatspi.so.0.0.1
5dbf2000-5dbf3000 ---p 0002e000 08:01 1189428    /usr/lib/i386-linux-gnu/libatspi.so.0.0.1
5dbf3000-5dbf5000 r--p 0002e000 08:01 1189428    /usr/lib/i386-linux-gnu/libatspi.so.0.0.1
5dbf5000-5dbf6000 rw-p 00030000 08:01 1189428    /usr/lib/i386-linux-gnu/libatspi.so.0.0.1
5dbf6000-5dbfe000 r-xp 00000000 08:01 1215679    /usr/lib/i386-linux-gnu/libgailutil.so.18.0.1
5dbfe000-5dbff000 r--p 00007000 08:01 1215679    /usr/lib/i386-linux-gnu/libgailutil.so.18.0.1
5dbff000-5dc00000 rw-p 00008000 08:01 1215679    /usr/lib/i386-linux-gnu/libgailutil.so.18.0.1
5dc00000-5dcfd000 rw-p 00000000 00:00 0 
5dcfd000-5dd00000 ---p 00000000 00:00 0 
5dd01000-5dd04000 r--s 00000000 08:01 537737     /var/cache/fontconfig/e49e89034d371f0f9de17aab02136486-le32d4.cache-4
5dd04000-5dd06000 r--s 00000000 08:01 537662     /var/cache/fontconfig/4b14b093aebc79c320de5e86ae1d3314-le32d4.cache-4
5dd06000-5dd09000 r--s 00000000 08:01 528925     /var/cache/fontconfig/246184dc75a16901ca37d96895904249-le32d4.cache-4
5dd09000-5dd17000 r--s 00000000 08:01 537517     /var/cache/fontconfig/9b89f8e3dae116d678bbf48e5f21f69b-le32d4.cache-4
5dd17000-5dd1d000 r--s 00000000 08:01 528556     /var/cache/fontconfig/53d14c92082a93e67d5078324eb314ca-le32d4.cache-4
5dd1d000-5dd22000 r-xp 00000000 08:01 1591094    /usr/lib/jvm/java-8-openjdk-i386/jre/lib/i386/libjavafx_font_freetype.so
5dd22000-5dd23000 r--p 00004000 08:01 1591094    /usr/lib/jvm/java-8-openjdk-i386/jre/lib/i386/libjavafx_font_freetype.so
5dd23000-5dd24000 rw-p 00005000 08:01 1591094    /usr/lib/jvm/java-8-openjdk-i386/jre/lib/i386/libjavafx_font_freetype.so
5dd24000-5dd7f000 r-xp 00000000 08:01 1454775    /usr/lib/i386-linux-gnu/gtk-2.0/modules/libgail.so
5dd7f000-5dd80000 r--p 0005a000 08:01 1454775    /usr/lib/i386-linux-gnu/gtk-2.0/modules/libgail.so
5dd80000-5dd81000 rw-p 0005b000 08:01 1454775    /usr/lib/i386-linux-gnu/gtk-2.0/modules/libgail.so
5dd81000-5ddab000 r--p 00000000 08:01 1191149    /usr/share/locale/es/LC_MESSAGES/gtk20-properties.mo
5ddab000-5ddd0000 r-xp 00000000 08:01 1591091    /usr/lib/jvm/java-8-openjdk-i386/jre/lib/i386/libglass.so
5ddd0000-5ddd1000 ---p 00025000 08:01 1591091    /usr/lib/jvm/java-8-openjdk-i386/jre/lib/i386/libglass.so
5ddd1000-5ddd2000 r--p 00025000 08:01 1591091    /usr/lib/jvm/java-8-openjdk-i386/jre/lib/i386/libglass.so
5ddd2000-5ddd3000 rw-p 00026000 08:01 1591091    /usr/lib/jvm/java-8-openjdk-i386/jre/lib/i386/libglass.so
5ddd3000-5ddf9000 r--p 00000000 08:01 1182601    /usr/share/locale/es/LC_MESSAGES/libc.mo
5ddf9000-5de79000 rw-s 123766000 00:06 12993     /dev/dri/card0
5de79000-5deb0000 r-xp 00000000 08:01 1219132    /usr/lib/i386-linux-gnu/s2tc/libtxc_dxtn.so
5deb0000-5deb1000 r--p 00036000 08:01 1219132    /usr/lib/i386-linux-gnu/s2tc/libtxc_dxtn.so
5deb1000-5deb2000 rw-p 00037000 08:01 1219132    /usr/lib/i386-linux-gnu/s2tc/libtxc_dxtn.so
5deb2000-5ded6000 r-xp 00000000 08:01 130993     /lib/i386-linux-gnu/libncurses.so.5.9
5ded6000-5ded7000 r--p 00023000 08:01 130993     /lib/i386-linux-gnu/libncurses.so.5.9
5ded7000-5ded8000 rw-p 00024000 08:01 130993     /lib/i386-linux-gnu/libncurses.so.5.9
5ded8000-5def8000 r-xp 00000000 08:01 130910     /lib/i386-linux-gnu/libtinfo.so.5.9
5def8000-5defa000 r--p 0001f000 08:01 130910     /lib/i386-linux-gnu/libtinfo.so.5.9
5defa000-5defb000 rw-p 00021000 08:01 130910     /lib/i386-linux-gnu/libtinfo.so.5.9
5defb000-5df2d000 r-xp 00000000 08:01 1191675    /usr/lib/i386-linux-gnu/libedit.so.2.0.55
5df2d000-5df2e000 ---p 00032000 08:01 1191675    /usr/lib/i386-linux-gnu/libedit.so.2.0.55
5df2e000-5df2f000 r--p 00032000 08:01 1191675    /usr/lib/i386-linux-gnu/libedit.so.2.0.55
5df2f000-5df30000 rw-p 00033000 08:01 1191675    /usr/lib/i386-linux-gnu/libedit.so.2.0.55
5df30000-5df32000 rw-p 00000000 00:00 0 
5df32000-5df46000 r-xp 00000000 08:01 130867     /lib/i386-linux-gnu/libgpg-error.so.0.21.0
5df46000-5df47000 ---p 00014000 08:01 130867     /lib/i386-linux-gnu/libgpg-error.so.0.21.0
5df47000-5df48000 r--p 00014000 08:01 130867     /lib/i386-linux-gnu/libgpg-error.so.0.21.0
5df48000-5df49000 rw-p 00015000 08:01 130867     /lib/i386-linux-gnu/libgpg-error.so.0.21.0
5df49000-60c64000 r-xp 00000000 08:01 1191678    /usr/lib/i386-linux-gnu/libLLVM-3.9.so.1
60c64000-60e78000 r--p 02d1a000 08:01 1191678    /usr/lib/i386-linux-gnu/libLLVM-3.9.so.1
60e78000-60e8b000 rw-p 02f2e000 08:01 1191678    /usr/lib/i386-linux-gnu/libLLVM-3.9.so.1
60e8b000-60eb9000 rw-p 00000000 00:00 0 
60eb9000-60ed3000 r-xp 00000000 08:01 1181737    /usr/lib/i386-linux-gnu/libelf-0.168.so
60ed3000-60ed4000 r--p 00019000 08:01 1181737    /usr/lib/i386-linux-gnu/libelf-0.168.so
60ed4000-60ed5000 rw-p 0001a000 08:01 1181737    /usr/lib/i386-linux-gnu/libelf-0.168.so
60ed5000-60ede000 r-xp 00000000 08:01 1191664    /usr/lib/i386-linux-gnu/libdrm_amdgpu.so.1.0.0
60ede000-60edf000 ---p 00009000 08:01 1191664    /usr/lib/i386-linux-gnu/libdrm_amdgpu.so.1.0.0
60edf000-60ee0000 r--p 00009000 08:01 1191664    /usr/lib/i386-linux-gnu/libdrm_amdgpu.so.1.0.0
60ee0000-60ee1000 rw-p 0000a000 08:01 1191664    /usr/lib/i386-linux-gnu/libdrm_amdgpu.so.1.0.0
60ee1000-60eed000 r-xp 00000000 08:01 1191673    /usr/lib/i386-linux-gnu/libdrm_radeon.so.1.0.1
60eed000-60eee000 r--p 0000b000 08:01 1191673    /usr/lib/i386-linux-gnu/libdrm_radeon.so.1.0.1
60eee000-60eef000 rw-p 0000c000 08:01 1191673    /usr/lib/i386-linux-gnu/libdrm_radeon.so.1.0.1
60eef000-60ef7000 r-xp 00000000 08:01 1191670    /usr/lib/i386-linux-gnu/libdrm_nouveau.so.2.0.0
60ef7000-60ef8000 r--p 00007000 08:01 1191670    /usr/lib/i386-linux-gnu/libdrm_nouveau.so.2.0.0
60ef8000-60ef9000 rw-p 00008000 08:01 1191670    /usr/lib/i386-linux-gnu/libdrm_nouveau.so.2.0.0
60ef9000-60f07000 r-xp 00000000 08:01 1191681    /usr/lib/i386-linux-gnu/libsensors.so.4.4.0
60f07000-60f08000 r--p 0000d000 08:01 1191681    /usr/lib/i386-linux-gnu/libsensors.so.4.4.0
60f08000-60f09000 rw-p 0000e000 08:01 1191681    /usr/lib/i386-linux-gnu/libsensors.so.4.4.0
60f09000-60fd3000 r-xp 00000000 08:01 130863     /lib/i386-linux-gnu/libgcrypt.so.20.1.6
60fd3000-60fd4000 ---p 000ca000 08:01 130863     /lib/i386-linux-gnu/libgcrypt.so.20.1.6
60fd4000-60fd5000 r--p 000ca000 08:01 130863     /lib/i386-linux-gnu/libgcrypt.so.20.1.6
60fd5000-60fd8000 rw-p 000cb000 08:01 130863     /lib/i386-linux-gnu/libgcrypt.so.20.1.6
60fd8000-619ec000 r-xp 00000000 08:01 1191685    /usr/lib/i386-linux-gnu/dri/nouveau_dri.so
619ec000-61a11000 r--p 00a13000 08:01 1191685    /usr/lib/i386-linux-gnu/dri/nouveau_dri.so
61a11000-61a1a000 rw-p 00a38000 08:01 1191685    /usr/lib/i386-linux-gnu/dri/nouveau_dri.so
61a1a000-61c0e000 rw-p 00000000 00:00 0 
61c0e000-61c12000 r-xp 00000000 08:01 130971     /lib/i386-linux-gnu/libuuid.so.1.3.0
61c12000-61c13000 r--p 00003000 08:01 130971     /lib/i386-linux-gnu/libuuid.so.1.3.0
61c13000-61c14000 rw-p 00004000 08:01 130971     /lib/i386-linux-gnu/libuuid.so.1.3.0
61c14000-61c2d000 r-xp 00000000 08:01 131357     /lib/i386-linux-gnu/libbsd.so.0.8.3
61c2d000-61c2e000 ---p 00019000 08:01 131357     /lib/i386-linux-gnu/libbsd.so.0.8.3
61c2e000-61c2f000 r--p 00019000 08:01 131357     /lib/i386-linux-gnu/libbsd.so.0.8.3
61c2f000-61c30000 rw-p 0001a000 08:01 131357     /lib/i386-linux-gnu/libbsd.so.0.8.3
61c30000-61c37000 r-xp 00000000 08:01 1187184    /usr/lib/i386-linux-gnu/libdatrie.so.1.3.3
61c37000-61c38000 ---p 00007000 08:01 1187184    /usr/lib/i386-linux-gnu/libdatrie.so.1.3.3
61c38000-61c39000 r--p 00007000 08:01 1187184    /usr/lib/i386-linux-gnu/libdatrie.so.1.3.3
61c39000-61c3a000 rw-p 00008000 08:01 1187184    /usr/lib/i386-linux-gnu/libdatrie.so.1.3.3
61c3a000-61c66000 r-xp 00000000 08:01 1187190    /usr/lib/i386-linux-gnu/libgraphite2.so.3.0.1
61c66000-61c67000 ---p 0002c000 08:01 1187190    /usr/lib/i386-linux-gnu/libgraphite2.so.3.0.1
61c67000-61c68000 r--p 0002c000 08:01 1187190    /usr/lib/i386-linux-gnu/libgraphite2.so.3.0.1
61c68000-61c69000 rw-p 0002d000 08:01 1187190    /usr/lib/i386-linux-gnu/libgraphite2.so.3.0.1
61c69000-61cb4000 r-xp 00000000 08:01 130896     /lib/i386-linux-gnu/libblkid.so.1.1.0
61cb4000-61cb6000 r--p 0004a000 08:01 130896     /lib/i386-linux-gnu/libblkid.so.1.1.0
61cb6000-61cb7000 rw-p 0004c000 08:01 130896     /lib/i386-linux-gnu/libblkid.so.1.1.0
61cb7000-61cb8000 rw-p 00000000 00:00 0 
61cb8000-61cbd000 r-xp 00000000 08:01 1186970    /usr/lib/i386-linux-gnu/libXdmcp.so.6.0.0
61cbd000-61cbe000 r--p 00004000 08:01 1186970    /usr/lib/i386-linux-gnu/libXdmcp.so.6.0.0
61cbe000-61cbf000 rw-p 00005000 08:01 1186970    /usr/lib/i386-linux-gnu/libXdmcp.so.6.0.0
61cbf000-61cc1000 r-xp 00000000 08:01 1186968    /usr/lib/i386-linux-gnu/libXau.so.6.0.0
61cc1000-61cc2000 r--p 00001000 08:01 1186968    /usr/lib/i386-linux-gnu/libXau.so.6.0.0
61cc2000-61cc3000 rw-p 00002000 08:01 1186968    /usr/lib/i386-linux-gnu/libXau.so.6.0.0
61cc3000-61cd3000 r-xp 00000000 08:01 1187868    /usr/lib/i386-linux-gnu/libdrm.so.2.4.0
61cd3000-61cd4000 r--p 0000f000 08:01 1187868    /usr/lib/i386-linux-gnu/libdrm.so.2.4.0
61cd4000-61cd5000 rw-p 00010000 08:01 1187868    /usr/lib/i386-linux-gnu/libdrm.so.2.4.0
61cd5000-61cd9000 r-xp 00000000 08:01 1187900    /usr/lib/i386-linux-gnu/libxcb-dri2.so.0.0.0
61cd9000-61cda000 r--p 00003000 08:01 1187900    /usr/lib/i386-linux-gnu/libxcb-dri2.so.0.0.0
61cda000-61cdb000 rw-p 00004000 08:01 1187900    /usr/lib/i386-linux-gnu/libxcb-dri2.so.0.0.0
61cdb000-61cf5000 r-xp 00000000 08:01 1187953    /usr/lib/i386-linux-gnu/libxcb-glx.so.0.0.0
61cf5000-61cf6000 ---p 0001a000 08:01 1187953    /usr/lib/i386-linux-gnu/libxcb-glx.so.0.0.0
61cf6000-61cf7000 r--p 0001a000 08:01 1187953    /usr/lib/i386-linux-gnu/libxcb-glx.so.0.0.0
61cf7000-61cf8000 rw-p 0001b000 08:01 1187953    /usr/lib/i386-linux-gnu/libxcb-glx.so.0.0.0
61cf8000-61d0b000 r-xp 00000000 08:01 1187947    /usr/lib/i386-linux-gnu/libglapi.so.0.0.0
61d0b000-61d0c000 ---p 00013000 08:01 1187947    /usr/lib/i386-linux-gnu/libglapi.so.0.0.0
61d0c000-61d0e000 r--p 00013000 08:01 1187947    /usr/lib/i386-linux-gnu/libglapi.so.0.0.0
61d0e000-61d14000 rwxp 00015000 08:01 1187947    /usr/lib/i386-linux-gnu/libglapi.so.0.0.0
61d14000-61d1a000 r-xp 00000000 08:01 1187918    /usr/lib/i386-linux-gnu/libxcb-sync.so.1.0.0
61d1a000-61d1b000 r--p 00005000 08:01 1187918    /usr/lib/i386-linux-gnu/libxcb-sync.so.1.0.0
61d1b000-61d1c000 rw-p 00006000 08:01 1187918    /usr/lib/i386-linux-gnu/libxcb-sync.so.1.0.0
61d1c000-61d1e000 r-xp 00000000 08:01 1187912    /usr/lib/i386-linux-gnu/libxcb-present.so.0.0.0
61d1e000-61d1f000 r--p 00001000 08:01 1187912    /usr/lib/i386-linux-gnu/libxcb-present.so.0.0.0
61d1f000-61d20000 rw-p 00002000 08:01 1187912    /usr/lib/i386-linux-gnu/libxcb-present.so.0.0.0
61d20000-61d97000 r-xp 00000000 08:01 130892     /lib/i386-linux-gnu/libpcre.so.3.13.3
61d97000-61d98000 r--p 00076000 08:01 130892     /lib/i386-linux-gnu/libpcre.so.3.13.3
61d98000-61d99000 rw-p 00077000 08:01 130892     /lib/i386-linux-gnu/libpcre.so.3.13.3
61d99000-61dc0000 r-xp 00000000 08:01 134636     /lib/i386-linux-gnu/libexpat.so.1.6.2
61dc0000-61dc2000 r--p 00026000 08:01 134636     /lib/i386-linux-gnu/libexpat.so.1.6.2
61dc2000-61dc3000 rw-p 00028000 08:01 134636     /lib/i386-linux-gnu/libexpat.so.1.6.2
61dc3000-61dcc000 r-xp 00000000 08:01 1187186    /usr/lib/i386-linux-gnu/libthai.so.0.3.0
61dcc000-61dcd000 r--p 00008000 08:01 1187186    /usr/lib/i386-linux-gnu/libthai.so.0.3.0
61dcd000-61dce000 rw-p 00009000 08:01 1187186    /usr/lib/i386-linux-gnu/libthai.so.0.3.0
61dce000-61e68000 r-xp 00000000 08:01 1187194    /usr/lib/i386-linux-gnu/libharfbuzz.so.0.10400.2
61e68000-61e69000 ---p 0009a000 08:01 1187194    /usr/lib/i386-linux-gnu/libharfbuzz.so.0.10400.2
61e69000-61e6a000 r--p 0009a000 08:01 1187194    /usr/lib/i386-linux-gnu/libharfbuzz.so.0.10400.2
61e6a000-61e6b000 rw-p 0009b000 08:01 1187194    /usr/lib/i386-linux-gnu/libharfbuzz.so.0.10400.2
61e6b000-61ec0000 r-xp 00000000 08:01 130900     /lib/i386-linux-gnu/libmount.so.1.1.0
61ec0000-61ec1000 r--p 00054000 08:01 130900     /lib/i386-linux-gnu/libmount.so.1.1.0
61ec1000-61ec2000 rw-p 00055000 08:01 130900     /lib/i386-linux-gnu/libmount.so.1.1.0
61ec2000-61ec3000 rw-p 00000000 00:00 0 
61ec3000-61ed7000 r-xp 00000000 08:01 130854     /lib/i386-linux-gnu/libresolv-2.24.so
61ed7000-61ed8000 r--p 00013000 08:01 130854     /lib/i386-linux-gnu/libresolv-2.24.so
61ed8000-61ed9000 rw-p 00014000 08:01 130854     /lib/i386-linux-gnu/libresolv-2.24.so
61ed9000-61edb000 rw-p 00000000 00:00 0 
61edb000-61f05000 r-xp 00000000 08:01 130906     /lib/i386-linux-gnu/libselinux.so.1
61f05000-61f06000 r--p 00029000 08:01 130906     /lib/i386-linux-gnu/libselinux.so.1
61f06000-61f07000 rw-p 0002a000 08:01 130906     /lib/i386-linux-gnu/libselinux.so.1
61f07000-61f08000 rw-p 00000000 00:00 0 
61f08000-61f15000 r-xp 00000000 08:01 1187154    /usr/lib/i386-linux-gnu/libxcb-render.so.0.0.0
61f15000-61f16000 r--p 0000c000 08:01 1187154    /usr/lib/i386-linux-gnu/libxcb-render.so.0.0.0
61f16000-61f17000 rw-p 0000d000 08:01 1187154    /usr/lib/i386-linux-gnu/libxcb-render.so.0.0.0
61f17000-61f41000 r-xp 00000000 08:01 1186972    /usr/lib/i386-linux-gnu/libxcb.so.1.1.0
61f41000-61f42000 r--p 00029000 08:01 1186972    /usr/lib/i386-linux-gnu/libxcb.so.1.1.0
61f42000-61f43000 rw-p 0002a000 08:01 1186972    /usr/lib/i386-linux-gnu/libxcb.so.1.1.0
61f43000-61f7b000 r-xp 00000000 08:01 1186961    /usr/lib/i386-linux-gnu/libpng16.so.16.28.0
61f7b000-61f7c000 r--p 00037000 08:01 1186961    /usr/lib/i386-linux-gnu/libpng16.so.16.28.0
61f7c000-61f7d000 rw-p 00038000 08:01 1186961    /usr/lib/i386-linux-gnu/libpng16.so.16.28.0
61f7d000-62026000 r-xp 00000000 08:01 1187151    /usr/lib/i386-linux-gnu/libpixman-1.so.0.34.0
62026000-6202c000 r--p 000a8000 08:01 1187151    /usr/lib/i386-linux-gnu/libpixman-1.so.0.34.0
6202c000-6202d000 rw-p 000ae000 08:01 1187151    /usr/lib/i386-linux-gnu/libpixman-1.so.0.34.0
6202d000-62040000 r-xp 00000000 08:01 1187158    /usr/lib/i386-linux-gnu/libXext.so.6.4.0
62040000-62041000 r--p 00012000 08:01 1187158    /usr/lib/i386-linux-gnu/libXext.so.6.4.0
62041000-62042000 rw-p 00013000 08:01 1187158    /usr/lib/i386-linux-gnu/libXext.so.6.4.0
62042000-6204c000 r-xp 00000000 08:01 1185297    /usr/lib/i386-linux-gnu/libXcursor.so.1.0.2
6204c000-6204d000 r--p 00009000 08:01 1185297    /usr/lib/i386-linux-gnu/libXcursor.so.1.0.2
6204d000-6204e000 rw-p 0000a000 08:01 1185297    /usr/lib/i386-linux-gnu/libXcursor.so.1.0.2
6204e000-620b7000 r-xp 00000000 08:01 1187961    /usr/lib/i386-linux-gnu/libGL.so.1.2.0
620b7000-620b8000 ---p 00069000 08:01 1187961    /usr/lib/i386-linux-gnu/libGL.so.1.2.0
620b8000-620ba000 r--p 00069000 08:01 1187961    /usr/lib/i386-linux-gnu/libGL.so.1.2.0
620ba000-620bf000 rwxp 0006b000 08:01 1187961    /usr/lib/i386-linux-gnu/libGL.so.1.2.0
620bf000-62208000 r-xp 00000000 08:01 1186976    /usr/lib/i386-linux-gnu/libX11.so.6.3.0
62208000-62209000 ---p 00149000 08:01 1186976    /usr/lib/i386-linux-gnu/libX11.so.6.3.0
62209000-6220a000 r--p 00149000 08:01 1186976    /usr/lib/i386-linux-gnu/libX11.so.6.3.0
6220a000-6220d000 rw-p 0014a000 08:01 1186976    /usr/lib/i386-linux-gnu/libX11.so.6.3.0
6220d000-62337000 r-xp 00000000 08:01 134669     /lib/i386-linux-gnu/libglib-2.0.so.0.5000.3
62337000-62338000 r--p 00129000 08:01 134669     /lib/i386-linux-gnu/libglib-2.0.so.0.5000.3
62338000-62339000 rw-p 0012a000 08:01 134669     /lib/i386-linux-gnu/libglib-2.0.so.0.5000.3
62339000-623e8000 r-xp 00000000 08:01 1187145    /usr/lib/i386-linux-gnu/libfreetype.so.6.12.3
623e8000-623ec000 r--p 000ae000 08:01 1187145    /usr/lib/i386-linux-gnu/libfreetype.so.6.12.3
623ec000-623ed000 rw-p 000b2000 08:01 1187145    /usr/lib/i386-linux-gnu/libfreetype.so.6.12.3
623ed000-6242d000 r-xp 00000000 08:01 1187149    /usr/lib/i386-linux-gnu/libfontconfig.so.1.8.0
6242d000-6242e000 ---p 00040000 08:01 1187149    /usr/lib/i386-linux-gnu/libfontconfig.so.1.8.0
6242e000-6242f000 r--p 00040000 08:01 1187149    /usr/lib/i386-linux-gnu/libfontconfig.so.1.8.0
6242f000-62430000 rw-p 00041000 08:01 1187149    /usr/lib/i386-linux-gnu/libfontconfig.so.1.8.0
62430000-62604000 r-xp 00000000 08:01 1186949    /usr/lib/i386-linux-gnu/libgio-2.0.so.0.5000.3
62604000-62607000 r--p 001d3000 08:01 1186949    /usr/lib/i386-linux-gnu/libgio-2.0.so.0.5000.3
62607000-62609000 rw-p 001d6000 08:01 1186949    /usr/lib/i386-linux-gnu/libgio-2.0.so.0.5000.3
62609000-6260a000 rw-p 00000000 00:00 0 
6260a000-62746000 r-xp 00000000 08:01 1187162    /usr/lib/i386-linux-gnu/libcairo.so.2.11400.8
62746000-62747000 ---p 0013c000 08:01 1187162    /usr/lib/i386-linux-gnu/libcairo.so.2.11400.8
62747000-62749000 r--p 0013c000 08:01 1187162    /usr/lib/i386-linux-gnu/libcairo.so.2.11400.8
62749000-6274a000 rw-p 0013e000 08:01 1187162    /usr/lib/i386-linux-gnu/libcairo.so.2.11400.8
6274a000-6274b000 rw-p 00000000 00:00 0 
6274b000-62808000 r-xp 00000000 08:01 1191265    /usr/lib/i386-linux-gnu/libgdk-x11-2.0.so.0.2400.31
62808000-62809000 ---p 000bd000 08:01 1191265    /usr/lib/i386-linux-gnu/libgdk-x11-2.0.so.0.2400.31
62809000-6280b000 r--p 000bd000 08:01 1191265    /usr/lib/i386-linux-gnu/libgdk-x11-2.0.so.0.2400.31
6280b000-6280c000 rw-p 000bf000 08:01 1191265    /usr/lib/i386-linux-gnu/libgdk-x11-2.0.so.0.2400.31
6280c000-62cf7000 r-xp 00000000 08:01 1191266    /usr/lib/i386-linux-gnu/libgtk-x11-2.0.so.0.2400.31
62cf7000-62cf8000 ---p 004eb000 08:01 1191266    /usr/lib/i386-linux-gnu/libgtk-x11-2.0.so.0.2400.31
62cf8000-62cfc000 r--p 004eb000 08:01 1191266    /usr/lib/i386-linux-gnu/libgtk-x11-2.0.so.0.2400.31
62cfc000-62cfe000 rw-p 004ef000 08:01 1191266    /usr/lib/i386-linux-gnu/libgtk-x11-2.0.so.0.2400.31
62cfe000-62d00000 rw-p 00000000 00:00 0 
62d00000-62e00000 rw-p 00000000 00:00 0 
62e00000-62e5c000 r-xp 00000000 08:01 1186951    /usr/lib/i386-linux-gnu/libgobject-2.0.so.0.5000.3
62e5c000-62e5d000 r--p 0005b000 08:01 1186951    /usr/lib/i386-linux-gnu/libgobject-2.0.so.0.5000.3
62e5d000-62e5e000 rw-p 0005c000 08:01 1186951    /usr/lib/i386-linux-gnu/libgobject-2.0.so.0.5000.3
62e5e000-62eab000 r-xp 00000000 08:01 1187188    /usr/lib/i386-linux-gnu/libpango-1.0.so.0.4000.5
62eab000-62eac000 ---p 0004d000 08:01 1187188    /usr/lib/i386-linux-gnu/libpango-1.0.so.0.4000.5
62eac000-62eae000 r--p 0004d000 08:01 1187188    /usr/lib/i386-linux-gnu/libpango-1.0.so.0.4000.5
62eae000-62eaf000 rw-p 0004f000 08:01 1187188    /usr/lib/i386-linux-gnu/libpango-1.0.so.0.4000.5
62eaf000-62eb2000 ---p 00000000 00:00 0 
62eb2000-62f00000 rw-p 00000000 00:00 0 
62f00000-63000000 rw-p 00000000 00:00 0 
63000000-63007000 r-xp 00000000 08:01 1182098    /usr/lib/i386-linux-gnu/libffi.so.6.0.4
63007000-63008000 r--p 00006000 08:01 1182098    /usr/lib/i386-linux-gnu/libffi.so.6.0.4
63008000-63009000 rw-p 00007000 08:01 1182098    /usr/lib/i386-linux-gnu/libffi.so.6.0.4
63009000-63014000 r-xp 00000000 08:01 1189038    /usr/lib/i386-linux-gnu/libXrandr.so.2.2.0
63014000-63015000 r--p 0000a000 08:01 1189038    /usr/lib/i386-linux-gnu/libXrandr.so.2.2.0
63015000-63016000 rw-p 0000b000 08:01 1189038    /usr/lib/i386-linux-gnu/libXrandr.so.2.2.0
63016000-63027000 r-xp 00000000 08:01 1188002    /usr/lib/i386-linux-gnu/libXi.so.6.1.0
63027000-63028000 r--p 00010000 08:01 1188002    /usr/lib/i386-linux-gnu/libXi.so.6.1.0
63028000-63029000 rw-p 00011000 08:01 1188002    /usr/lib/i386-linux-gnu/libXi.so.6.1.0
63029000-630bf000 r--s 007ce000 08:01 1591104    /usr/share/java/openjfx/jre/lib/ext/jfxrt.jar
630bf000-630c0000 ---p 00000000 00:00 0 
630c0000-63140000 rw-p 00000000 00:00 0 
63140000-63143000 ---p 00000000 00:00 0 
63143000-63191000 rw-p 00000000 00:00 0 
63191000-63194000 ---p 00000000 00:00 0 
63194000-63212000 rw-p 00000000 00:00 0 
63212000-63215000 ---p 00000000 00:00 0 
63215000-63293000 rw-p 00000000 00:00 0 
63293000-63296000 ---p 00000000 00:00 0 
63296000-63314000 rw-p 00000000 00:00 0 
63314000-63317000 ---p 00000000 00:00 0 
63317000-63365000 rw-p 00000000 00:00 0 
63365000-63500000 r--p 00000000 08:01 1177379    /usr/lib/locale/locale-archive
63500000-63600000 rw-p 00000000 00:00 0 
63600000-63700000 rw-p 00000000 00:00 0 
63700000-637ee000 rw-p 00000000 00:00 0 
637ee000-63800000 ---p 00000000 00:00 0 
63800000-63801000 r-xp 00000000 08:01 1187894    /usr/lib/i386-linux-gnu/libX11-xcb.so.1.0.0
63801000-63802000 r--p 00000000 08:01 1187894    /usr/lib/i386-linux-gnu/libX11-xcb.so.1.0.0
63802000-63803000 rw-p 00001000 08:01 1187894    /usr/lib/i386-linux-gnu/libX11-xcb.so.1.0.0
63803000-63805000 r-xp 00000000 08:01 1187906    /usr/lib/i386-linux-gnu/libxcb-dri3.so.0.0.0
63805000-63806000 r--p 00001000 08:01 1187906    /usr/lib/i386-linux-gnu/libxcb-dri3.so.0.0.0
63806000-63807000 rw-p 00002000 08:01 1187906    /usr/lib/i386-linux-gnu/libxcb-dri3.so.0.0.0
63807000-63811000 r-xp 00000000 08:01 1187160    /usr/lib/i386-linux-gnu/libXrender.so.1.3.0
63811000-63812000 r--p 00009000 08:01 1187160    /usr/lib/i386-linux-gnu/libXrender.so.1.3.0
63812000-63813000 rw-p 0000a000 08:01 1187160    /usr/lib/i386-linux-gnu/libXrender.so.1.3.0
63813000-63816000 ---p 00000000 00:00 0 
63816000-63864000 rw-p 00000000 00:00 0 
63864000-63865000 ---p 00000000 00:00 0 
63865000-638e5000 rw-p 00000000 00:00 0 
638e5000-63ab4000 r--s 03c21000 08:01 1589158    /usr/lib/jvm/java-8-openjdk-i386/jre/lib/rt.jar
63ab4000-63efa000 rw-p 00000000 00:00 0 
63efa000-63f00000 ---p 00000000 00:00 0 
63f00000-66300000 rw-p 00000000 00:00 0 
66300000-663fc000 rw-p 00000000 00:00 0 
663fc000-66400000 ---p 00000000 00:00 0 
66400000-66401000 r-xp 00000000 08:01 1187930    /usr/lib/i386-linux-gnu/libxshmfence.so.1.0.0
66401000-66402000 r--p 00000000 08:01 1187930    /usr/lib/i386-linux-gnu/libxshmfence.so.1.0.0
66402000-66403000 rw-p 00001000 08:01 1187930    /usr/lib/i386-linux-gnu/libxshmfence.so.1.0.0
66403000-6642c000 r-xp 00000000 08:01 1181912    /usr/lib/i386-linux-gnu/libgdk_pixbuf-2.0.so.0.3600.5
6642c000-6642d000 r--p 00028000 08:01 1181912    /usr/lib/i386-linux-gnu/libgdk_pixbuf-2.0.so.0.3600.5
6642d000-6642e000 rw-p 00029000 08:01 1181912    /usr/lib/i386-linux-gnu/libgdk_pixbuf-2.0.so.0.3600.5
6642e000-66431000 ---p 00000000 00:00 0 
66431000-6647f000 rw-p 00000000 00:00 0 
6647f000-66480000 ---p 00000000 00:00 0 
66480000-66500000 rw-p 00000000 00:00 0 
66500000-66600000 rw-p 00000000 00:00 0 
66600000-66602000 r--s 00000000 08:01 535924     /var/cache/fontconfig/e13b20fdb08344e0e664864cc2ede53d-le32d4.cache-4
66602000-66604000 r-xp 00000000 08:01 1187156    /usr/lib/i386-linux-gnu/libxcb-shm.so.0.0.0
66604000-66605000 r--p 00001000 08:01 1187156    /usr/lib/i386-linux-gnu/libxcb-shm.so.0.0.0
66605000-66606000 rw-p 00002000 08:01 1187156    /usr/lib/i386-linux-gnu/libxcb-shm.so.0.0.0
66606000-66608000 r-xp 00000000 08:01 1189036    /usr/lib/i386-linux-gnu/libXinerama.so.1.0.0
66608000-66609000 r--p 00001000 08:01 1189036    /usr/lib/i386-linux-gnu/libXinerama.so.1.0.0
66609000-6660a000 rw-p 00002000 08:01 1189036    /usr/lib/i386-linux-gnu/libXinerama.so.1.0.0
6660a000-6662e000 r-xp 00000000 08:01 1189261    /usr/lib/i386-linux-gnu/libatk-1.0.so.0.22209.1
6662e000-66630000 r--p 00023000 08:01 1189261    /usr/lib/i386-linux-gnu/libatk-1.0.so.0.22209.1
66630000-66631000 rw-p 00025000 08:01 1189261    /usr/lib/i386-linux-gnu/libatk-1.0.so.0.22209.1
66631000-6667f000 rw-p 00000000 00:00 0 
6667f000-66680000 ---p 00000000 00:00 0 
66680000-66700000 rw-p 00000000 00:00 0 
66700000-66721000 rw-p 00000000 00:00 0 
66721000-66800000 ---p 00000000 00:00 0 
66800000-66801000 r--s 00000000 08:01 537832     /var/cache/fontconfig/69fb4bbe1b2fa860e172a32ebf28505c-le32d4.cache-4
66801000-66806000 r-xp 00000000 08:01 1187955    /usr/lib/i386-linux-gnu/libXfixes.so.3.1.0
66806000-66807000 r--p 00004000 08:01 1187955    /usr/lib/i386-linux-gnu/libXfixes.so.3.1.0
66807000-66808000 rw-p 00005000 08:01 1187955    /usr/lib/i386-linux-gnu/libXfixes.so.3.1.0
66808000-6680a000 r-xp 00000000 08:01 1187957    /usr/lib/i386-linux-gnu/libXdamage.so.1.1.0
6680a000-6680b000 r--p 00001000 08:01 1187957    /usr/lib/i386-linux-gnu/libXdamage.so.1.1.0
6680b000-6680c000 rw-p 00002000 08:01 1187957    /usr/lib/i386-linux-gnu/libXdamage.so.1.1.0
6680c000-66821000 r-xp 00000000 08:01 1187196    /usr/lib/i386-linux-gnu/libpangoft2-1.0.so.0.4000.5
66821000-66822000 ---p 00015000 08:01 1187196    /usr/lib/i386-linux-gnu/libpangoft2-1.0.so.0.4000.5
66822000-66823000 r--p 00015000 08:01 1187196    /usr/lib/i386-linux-gnu/libpangoft2-1.0.so.0.4000.5
66823000-66824000 rw-p 00016000 08:01 1187196    /usr/lib/i386-linux-gnu/libpangoft2-1.0.so.0.4000.5
66824000-6687f000 rw-p 00000000 00:00 0 
6687f000-66880000 ---p 00000000 00:00 0 
66880000-66900000 rw-p 00000000 00:00 0 
66900000-6692f000 rw-p 00000000 00:00 0 
6692f000-66a00000 ---p 00000000 00:00 0 
66a00000-66a01000 r--s 00000000 08:01 527316     /var/cache/fontconfig/4794a0821666d79190d59a36cb4f44b5-le32d4.cache-4
66a01000-66a03000 r-xp 00000000 08:01 1188821    /usr/lib/i386-linux-gnu/libXcomposite.so.1.0.0
66a03000-66a04000 r--p 00001000 08:01 1188821    /usr/lib/i386-linux-gnu/libXcomposite.so.1.0.0
66a04000-66a05000 rw-p 00002000 08:01 1188821    /usr/lib/i386-linux-gnu/libXcomposite.so.1.0.0
66a05000-66a08000 r-xp 00000000 08:01 1186950    /usr/lib/i386-linux-gnu/libgmodule-2.0.so.0.5000.3
66a08000-66a09000 r--p 00002000 08:01 1186950    /usr/lib/i386-linux-gnu/libgmodule-2.0.so.0.5000.3
66a09000-66a0a000 rw-p 00003000 08:01 1186950    /usr/lib/i386-linux-gnu/libgmodule-2.0.so.0.5000.3
66a0a000-66a0d000 r-xp 00000000 08:01 1591093    /usr/lib/jvm/java-8-openjdk-i386/jre/lib/i386/libjavafx_font.so
66a0d000-66a0e000 r--p 00002000 08:01 1591093    /usr/lib/jvm/java-8-openjdk-i386/jre/lib/i386/libjavafx_font.so
66a0e000-66a0f000 rw-p 00003000 08:01 1591093    /usr/lib/jvm/java-8-openjdk-i386/jre/lib/i386/libjavafx_font.so
66a0f000-66a10000 r-xp 00000000 08:01 1451693    /usr/lib/i386-linux-gnu/gtk-2.0/modules/libatk-bridge.so
66a10000-66a11000 r--p 00000000 08:01 1451693    /usr/lib/i386-linux-gnu/gtk-2.0/modules/libatk-bridge.so
66a11000-66a12000 rw-p 00001000 08:01 1451693    /usr/lib/i386-linux-gnu/gtk-2.0/modules/libatk-bridge.so
66a12000-66a21000 r--p 00000000 08:01 1191150    /usr/share/locale/es/LC_MESSAGES/gtk20.mo
66a21000-66a28000 r--s 00000000 08:01 1179774    /usr/lib/i386-linux-gnu/gconv/gconv-modules.cache
66a28000-66a29000 ---p 00000000 00:00 0 
66a29000-66aa9000 rw-p 00000000 00:00 0 
66aa9000-66abf000 rw-p 00000000 00:00 0 
66abf000-66bff000 ---p 00000000 00:00 0 
66bff000-66c15000 rw-p 00000000 00:00 0 
66c15000-66d54000 ---p 00000000 00:00 0 
66d54000-66dd7000 rw-p 00000000 00:00 0 
66dd7000-66ddf000 ---p 00000000 00:00 0 
66ddf000-66dff000 ---p 00000000 00:00 0 
66dff000-698c0000 rw-p 00000000 00:00 0 
698c0000-918c0000 ---p 00000000 00:00 0 
918c0000-a1d00000 rw-p 00000000 00:00 0 
a1d00000-a2dc0000 ---p 00000000 00:00 0 
a2dc0000-a6e00000 ---p 00000000 00:00 0 
a6e00000-a6e01000 r--s 00000000 08:01 537657     /var/cache/fontconfig/3f7329c5293ffd510edef78f73874cfd-le32d4.cache-4
a6e01000-a6e02000 rw-s 126a47000 00:06 12993     /dev/dri/card0
a6e02000-a6e08000 r-xp 00000000 08:01 1190493    /usr/lib/i386-linux-gnu/libXtst.so.6.1.0
a6e08000-a6e09000 r--p 00005000 08:01 1190493    /usr/lib/i386-linux-gnu/libXtst.so.6.1.0
a6e09000-a6e0a000 rw-p 00006000 08:01 1190493    /usr/lib/i386-linux-gnu/libXtst.so.6.1.0
a6e0a000-a6e16000 r-xp 00000000 08:01 1187198    /usr/lib/i386-linux-gnu/libpangocairo-1.0.so.0.4000.5
a6e16000-a6e17000 r--p 0000b000 08:01 1187198    /usr/lib/i386-linux-gnu/libpangocairo-1.0.so.0.4000.5
a6e17000-a6e18000 rw-p 0000c000 08:01 1187198    /usr/lib/i386-linux-gnu/libpangocairo-1.0.so.0.4000.5
a6e18000-a6e23000 r-xp 00000000 08:01 1591100    /usr/lib/jvm/java-8-openjdk-i386/jre/lib/i386/libprism_es2.so
a6e23000-a6e24000 r--p 0000a000 08:01 1591100    /usr/lib/jvm/java-8-openjdk-i386/jre/lib/i386/libprism_es2.so
a6e24000-a6e25000 rw-p 0000b000 08:01 1591100    /usr/lib/jvm/java-8-openjdk-i386/jre/lib/i386/libprism_es2.so
a6e25000-a6e40000 r--s 001d6000 08:01 1589101    /usr/lib/jvm/java-8-openjdk-i386/jre/lib/ext/nashorn.jar
a6e40000-a6e59000 rw-p 00000000 00:00 0 
a6e59000-a7200000 ---p 00000000 00:00 0 
a7200000-a7838000 rwxp 00000000 00:00 0 
a7838000-b6200000 ---p 00000000 00:00 0 
b6200000-b62fb000 rw-p 00000000 00:00 0 
b62fb000-b6300000 ---p 00000000 00:00 0 
b6300000-b6305000 r-xp 00000000 08:01 1187959    /usr/lib/i386-linux-gnu/libXxf86vm.so.1.0.0
b6305000-b6306000 r--p 00004000 08:01 1187959    /usr/lib/i386-linux-gnu/libXxf86vm.so.1.0.0
b6306000-b6307000 rw-p 00005000 08:01 1187959    /usr/lib/i386-linux-gnu/libXxf86vm.so.1.0.0
b6307000-b6308000 r-xp 00000000 08:01 1186952    /usr/lib/i386-linux-gnu/libgthread-2.0.so.0.5000.3
b6308000-b6309000 r--p 00000000 08:01 1186952    /usr/lib/i386-linux-gnu/libgthread-2.0.so.0.5000.3
b6309000-b630a000 rw-p 00001000 08:01 1186952    /usr/lib/i386-linux-gnu/libgthread-2.0.so.0.5000.3
b630a000-b630c000 r--s 00008000 08:01 1589102    /usr/lib/jvm/java-8-openjdk-i386/jre/lib/ext/sunec.jar
b630c000-b6327000 r--s 00394000 08:01 1589096    /usr/lib/jvm/java-8-openjdk-i386/jre/lib/ext/cldrdata.jar
b6327000-b632d000 r--s 0003a000 08:01 1589103    /usr/lib/jvm/java-8-openjdk-i386/jre/lib/ext/sunjce_provider.jar
b632d000-b6337000 r--s 00116000 08:01 1589100    /usr/lib/jvm/java-8-openjdk-i386/jre/lib/ext/localedata.jar
b6337000-b634f000 rw-p 00000000 00:00 0 
b634f000-b635a000 r-xp 00000000 08:01 130848     /lib/i386-linux-gnu/libnss_files-2.24.so
b635a000-b635b000 r--p 0000a000 08:01 130848     /lib/i386-linux-gnu/libnss_files-2.24.so
b635b000-b635c000 rw-p 0000b000 08:01 130848     /lib/i386-linux-gnu/libnss_files-2.24.so
b635c000-b6362000 rw-p 00000000 00:00 0 
b6362000-b636d000 r-xp 00000000 08:01 130850     /lib/i386-linux-gnu/libnss_nis-2.24.so
b636d000-b636e000 r--p 0000a000 08:01 130850     /lib/i386-linux-gnu/libnss_nis-2.24.so
b636e000-b636f000 rw-p 0000b000 08:01 130850     /lib/i386-linux-gnu/libnss_nis-2.24.so
b636f000-b6385000 r-xp 00000000 08:01 130845     /lib/i386-linux-gnu/libnsl-2.24.so
b6385000-b6386000 r--p 00016000 08:01 130845     /lib/i386-linux-gnu/libnsl-2.24.so
b6386000-b6387000 rw-p 00017000 08:01 130845     /lib/i386-linux-gnu/libnsl-2.24.so
b6387000-b6389000 rw-p 00000000 00:00 0 
b6389000-b638a000 r--s 00008000 08:06 34683055   /home/mauricio/NetBeansProjects/Tetris/dist/run959046229/Tetris.jar
b638a000-b638c000 r--s 00001000 08:01 1589097    /usr/lib/jvm/java-8-openjdk-i386/jre/lib/ext/dnsns.jar
b638c000-b638d000 r--s 0000a000 08:01 1589099    /usr/lib/jvm/java-8-openjdk-i386/jre/lib/ext/jaccess.jar
b638d000-b638e000 r--s 00010000 08:01 1589105    /usr/lib/jvm/java-8-openjdk-i386/jre/lib/ext/zipfs.jar
b638e000-b6392000 r--s 00037000 08:01 1589104    /usr/lib/jvm/java-8-openjdk-i386/jre/lib/ext/sunpkcs11.jar
b6392000-b6395000 r--s 0000f000 08:01 1589098    /usr/lib/jvm/java-8-openjdk-i386/jre/lib/ext/icedtea-sound.jar
b6395000-b639d000 r-xp 00000000 08:01 1589140    /usr/lib/jvm/java-8-openjdk-i386/jre/lib/i386/libzip.so
b639d000-b639e000 r--p 00007000 08:01 1589140    /usr/lib/jvm/java-8-openjdk-i386/jre/lib/i386/libzip.so
b639e000-b639f000 rw-p 00008000 08:01 1589140    /usr/lib/jvm/java-8-openjdk-i386/jre/lib/i386/libzip.so
b639f000-b63a7000 rw-s 00000000 08:01 796697     /tmp/hsperfdata_mauricio/7352
b63a7000-b63ce000 r-xp 00000000 08:01 1589121    /usr/lib/jvm/java-8-openjdk-i386/jre/lib/i386/libjava.so
b63ce000-b63cf000 ---p 00027000 08:01 1589121    /usr/lib/jvm/java-8-openjdk-i386/jre/lib/i386/libjava.so
b63cf000-b63d0000 r--p 00027000 08:01 1589121    /usr/lib/jvm/java-8-openjdk-i386/jre/lib/i386/libjava.so
b63d0000-b63d1000 rw-p 00028000 08:01 1589121    /usr/lib/jvm/java-8-openjdk-i386/jre/lib/i386/libjava.so
b63d1000-b63d8000 r-xp 00000000 08:01 130855     /lib/i386-linux-gnu/librt-2.24.so
b63d8000-b63d9000 r--p 00006000 08:01 130855     /lib/i386-linux-gnu/librt-2.24.so
b63d9000-b63da000 rw-p 00007000 08:01 130855     /lib/i386-linux-gnu/librt-2.24.so
b63da000-b63dd000 ---p 00000000 00:00 0 
b63dd000-b642b000 rw-p 00000000 00:00 0 
b642b000-b6447000 r-xp 00000000 08:01 131468     /lib/i386-linux-gnu/libgcc_s.so.1
b6447000-b6448000 r--p 0001b000 08:01 131468     /lib/i386-linux-gnu/libgcc_s.so.1
b6448000-b6449000 rw-p 0001c000 08:01 131468     /lib/i386-linux-gnu/libgcc_s.so.1
b6449000-b649c000 r-xp 00000000 08:01 130843     /lib/i386-linux-gnu/libm-2.24.so
b649c000-b649d000 r--p 00052000 08:01 130843     /lib/i386-linux-gnu/libm-2.24.so
b649d000-b649e000 rw-p 00053000 08:01 130843     /lib/i386-linux-gnu/libm-2.24.so
b649e000-b660e000 r-xp 00000000 08:01 1178390    /usr/lib/i386-linux-gnu/libstdc++.so.6.0.22
b660e000-b6614000 r--p 0016f000 08:01 1178390    /usr/lib/i386-linux-gnu/libstdc++.so.6.0.22
b6614000-b6615000 rw-p 00175000 08:01 1178390    /usr/lib/i386-linux-gnu/libstdc++.so.6.0.22
b6615000-b6618000 rw-p 00000000 00:00 0 
b6618000-b70cf000 r-xp 00000000 08:01 1589142    /usr/lib/jvm/java-8-openjdk-i386/jre/lib/i386/server/libjvm.so
b70cf000-b711b000 r--p 00ab6000 08:01 1589142    /usr/lib/jvm/java-8-openjdk-i386/jre/lib/i386/server/libjvm.so
b711b000-b7132000 rw-p 00b02000 08:01 1589142    /usr/lib/jvm/java-8-openjdk-i386/jre/lib/i386/server/libjvm.so
b7132000-b7551000 rw-p 00000000 00:00 0 
b7551000-b7553000 rw-p 00000000 00:00 0 
b7553000-b7704000 r-xp 00000000 08:01 130837     /lib/i386-linux-gnu/libc-2.24.so
b7704000-b7705000 ---p 001b1000 08:01 130837     /lib/i386-linux-gnu/libc-2.24.so
b7705000-b7707000 r--p 001b1000 08:01 130837     /lib/i386-linux-gnu/libc-2.24.so
b7707000-b7708000 rw-p 001b3000 08:01 130837     /lib/i386-linux-gnu/libc-2.24.so
b7708000-b770b000 rw-p 00000000 00:00 0 
b770b000-b770e000 r-xp 00000000 08:01 130842     /lib/i386-linux-gnu/libdl-2.24.so
b770e000-b770f000 r--p 00002000 08:01 130842     /lib/i386-linux-gnu/libdl-2.24.so
b770f000-b7710000 rw-p 00003000 08:01 130842     /lib/i386-linux-gnu/libdl-2.24.so
b7710000-b771d000 r-xp 00000000 08:01 1589107    /usr/lib/jvm/java-8-openjdk-i386/jre/lib/i386/jli/libjli.so
b771d000-b771e000 r--p 0000c000 08:01 1589107    /usr/lib/jvm/java-8-openjdk-i386/jre/lib/i386/jli/libjli.so
b771e000-b771f000 rw-p 0000d000 08:01 1589107    /usr/lib/jvm/java-8-openjdk-i386/jre/lib/i386/jli/libjli.so
b771f000-b7738000 r-xp 00000000 08:01 130976     /lib/i386-linux-gnu/libz.so.1.2.8
b7738000-b7739000 r--p 00018000 08:01 130976     /lib/i386-linux-gnu/libz.so.1.2.8
b7739000-b773a000 rw-p 00019000 08:01 130976     /lib/i386-linux-gnu/libz.so.1.2.8
b773a000-b7753000 r-xp 00000000 08:01 130853     /lib/i386-linux-gnu/libpthread-2.24.so
b7753000-b7754000 r--p 00018000 08:01 130853     /lib/i386-linux-gnu/libpthread-2.24.so
b7754000-b7755000 rw-p 00019000 08:01 130853     /lib/i386-linux-gnu/libpthread-2.24.so
b7755000-b7757000 rw-p 00000000 00:00 0 
b7757000-b7759000 r--s 00007000 08:01 1446841    /usr/share/java/java-atk-wrapper.jar
b7759000-b7761000 r-xp 00000000 08:01 130846     /lib/i386-linux-gnu/libnss_compat-2.24.so
b7761000-b7762000 r--p 00007000 08:01 130846     /lib/i386-linux-gnu/libnss_compat-2.24.so
b7762000-b7763000 rw-p 00008000 08:01 130846     /lib/i386-linux-gnu/libnss_compat-2.24.so
b7763000-b7764000 rw-p 00000000 00:00 0 
b7764000-b7765000 r--p 00000000 00:00 0 
b7765000-b7773000 r-xp 00000000 08:01 1589139    /usr/lib/jvm/java-8-openjdk-i386/jre/lib/i386/libverify.so
b7773000-b7774000 r--p 0000d000 08:01 1589139    /usr/lib/jvm/java-8-openjdk-i386/jre/lib/i386/libverify.so
b7774000-b7775000 rw-p 0000e000 08:01 1589139    /usr/lib/jvm/java-8-openjdk-i386/jre/lib/i386/libverify.so
b7775000-b7778000 rw-p 00000000 00:00 0 
b7778000-b777a000 r--p 00000000 00:00 0          [vvar]
b777a000-b777c000 r-xp 00000000 00:00 0          [vdso]
b777c000-b779f000 r-xp 00000000 08:01 130831     /lib/i386-linux-gnu/ld-2.24.so
b779f000-b77a0000 r--p 00022000 08:01 130831     /lib/i386-linux-gnu/ld-2.24.so
b77a0000-b77a1000 rw-p 00023000 08:01 130831     /lib/i386-linux-gnu/ld-2.24.so
b77a1000-bb7a1000 rw-s 00000000 00:05 1270957    /memfd:pulseaudio (deleted)
bb7a1000-bf7a1000 rw-s 00000000 00:05 1270348    /memfd:pulseaudio (deleted)
bf800000-bf8f9000 rw-p 00000000 00:00 0 
bf8f9000-bf900000 ---p 00000000 00:00 0 
bf900000-bf9f9000 rw-p 00000000 00:00 0 
bf9f9000-bfa00000 ---p 00000000 00:00 0 
bfa00000-bfafc000 rw-p 00000000 00:00 0 
bfafc000-bfb00000 ---p 00000000 00:00 0 
bfc82000-bfca3000 rw-p 00000000 00:00 0          [stack]
bfd00000-bfd32000 rw-p 00000000 00:00 0 
bfd32000-bfe00000 ---p 00000000 00:00 0 
bfe00000-c0000000 rw-s 1237e6000 00:06 12993     /dev/dri/card0

VM Arguments:
jvm_args: -Dfile.encoding=UTF-8 
java_command: /home/mauricio/NetBeansProjects/Tetris/dist/run959046229/Tetris.jar
java_class_path (initial): /home/mauricio/NetBeansProjects/Tetris/dist/run959046229/Tetris.jar
Launcher Type: SUN_STANDARD

Environment Variables:
PATH=/usr/local/bin:/usr/bin:/bin:/usr/local/games:/usr/games
LD_LIBRARY_PATH=/usr/lib/jvm/java-8-openjdk-i386/bin/../jre/lib/amd64:/usr/lib/jvm/java-8-openjdk-i386/bin/../jre/lib/i386:
SHELL=/bin/bash
DISPLAY=:0

Signal Handlers:
SIGSEGV: [libjvm.so+0x8c1b20], sa_mask[0]=11111111011111111101111111111110, sa_flags=SA_RESTART|SA_SIGINFO
SIGBUS: [libjvm.so+0x8c1b20], sa_mask[0]=11111111011111111101111111111110, sa_flags=SA_RESTART|SA_SIGINFO
SIGFPE: [libjvm.so+0x720960], sa_mask[0]=11111111011111111101111111111110, sa_flags=SA_RESTART|SA_SIGINFO
SIGPIPE: SIG_IGN, sa_mask[0]=00000000000010000000000000000000, sa_flags=SA_RESTART
SIGXFSZ: [libjvm.so+0x720960], sa_mask[0]=11111111011111111101111111111110, sa_flags=SA_RESTART|SA_SIGINFO
SIGILL: [libjvm.so+0x720960], sa_mask[0]=11111111011111111101111111111110, sa_flags=SA_RESTART|SA_SIGINFO
SIGUSR1: SIG_DFL, sa_mask[0]=00000000000000000000000000000000, sa_flags=none
SIGUSR2: [libjvm.so+0x7207a0], sa_mask[0]=00100000000000000000000000000000, sa_flags=SA_RESTART|SA_SIGINFO
SIGHUP: [libjvm.so+0x720d00], sa_mask[0]=11111111011111111101111111111110, sa_flags=SA_RESTART|SA_SIGINFO
SIGINT: SIG_IGN, sa_mask[0]=00000000000000000000000000000000, sa_flags=none
SIGTERM: [libjvm.so+0x720d00], sa_mask[0]=11111111011111111101111111111110, sa_flags=SA_RESTART|SA_SIGINFO
SIGQUIT: [libjvm.so+0x720d00], sa_mask[0]=11111111011111111101111111111110, sa_flags=SA_RESTART|SA_SIGINFO


---------------  S Y S T E M  ---------------

OS:PRETTY_NAME="Debian GNU/Linux 9 (stretch)"
NAME="Debian GNU/Linux"
VERSION_ID="9"
VERSION="9 (stretch)"
ID=debian
HOME_URL="https://www.debian.org/"
SUPPORT_URL="https://www.debian.org/support"
BUG_REPORT_URL="https://bugs.debian.org/"

uname:Linux 4.9.0-6-686-pae #1 SMP Debian 4.9.82-1+deb9u3 (2018-03-02) i686
libc:glibc 2.24 NPTL 2.24 
rlimit: STACK 8192k, CORE 0k, NPROC 129205, NOFILE 1048576, AS infinity
load average:1,19 1,01 0,90

/proc/meminfo:
MemTotal:       16556144 kB
MemFree:        11778228 kB
MemAvailable:   12107376 kB
Buffers:          325112 kB
Cached:          1188216 kB
SwapCached:            0 kB
Active:          3035468 kB
Inactive:        1311716 kB
Active(anon):    2294812 kB
Inactive(anon):   676272 kB
Active(file):     740656 kB
Inactive(file):   635444 kB
Unevictable:          32 kB
Mlocked:              32 kB
HighTotal:      15817692 kB
HighFree:       11723396 kB
LowTotal:         738452 kB
LowFree:           54832 kB
SwapTotal:      16194556 kB
SwapFree:       16194556 kB
Dirty:                 0 kB
Writeback:             0 kB
AnonPages:       2833888 kB
Mapped:           443564 kB
Shmem:            137228 kB
Slab:             332444 kB
SReclaimable:     301008 kB
SUnreclaim:        31436 kB
KernelStack:        5384 kB
PageTables:        21232 kB
NFS_Unstable:          0 kB
Bounce:               72 kB
WritebackTmp:          0 kB
CommitLimit:    24472628 kB
Committed_AS:    7997276 kB
VmallocTotal:     122880 kB
VmallocUsed:           0 kB
VmallocChunk:          0 kB
HardwareCorrupted:     0 kB
AnonHugePages:      2048 kB
ShmemHugePages:        0 kB
ShmemPmdMapped:        0 kB
HugePages_Total:       0
HugePages_Free:        0
HugePages_Rsvd:        0
HugePages_Surp:        0
Hugepagesize:       2048 kB
DirectMap4k:       10232 kB
DirectMap2M:      901120 kB


CPU:total 4 (initial active 4) (4 cores per cpu, 1 threads per core) family 6 model 94 stepping 3, cmov, cx8, fxsr, mmx, sse, sse2, sse3, ssse3, sse4.1, sse4.2, popcnt, avx, avx2, aes, clmul, erms, 3dnowpref, lzcnt, tsc, tscinvbit, bmi1, bmi2, adx

/proc/cpuinfo:
processor	: 0
vendor_id	: GenuineIntel
cpu family	: 6
model		: 94
model name	: Intel(R) Core(TM) i5-6400 CPU @ 2.70GHz
stepping	: 3
microcode	: 0x39
cpu MHz		: 799.914
cache size	: 6144 KB
physical id	: 0
siblings	: 4
core id		: 0
cpu cores	: 4
apicid		: 0
initial apicid	: 0
fdiv_bug	: no
f00f_bug	: no
coma_bug	: no
fpu		: yes
fpu_exception	: yes
cpuid level	: 22
wp		: yes
flags		: fpu vme de pse tsc msr pae mce cx8 apic sep mtrr pge mca cmov pat pse36 clflush dts acpi mmx fxsr sse sse2 ss ht tm pbe nx pdpe1gb rdtscp lm constant_tsc art arch_perfmon pebs bts xtopology nonstop_tsc aperfmperf eagerfpu pni pclmulqdq dtes64 monitor ds_cpl vmx est tm2 ssse3 sdbg fma cx16 xtpr pdcm sse4_1 sse4_2 x2apic movbe popcnt tsc_deadline_timer aes xsave avx f16c rdrand lahf_lm abm 3dnowprefetch tpr_shadow vnmi flexpriority ept vpid fsgsbase tsc_adjust bmi1 avx2 smep bmi2 erms invpcid mpx rdseed adx smap clflushopt intel_pt xsaveopt xsavec xgetbv1 xsaves dtherm ida arat pln pts hwp hwp_notify hwp_act_window hwp_epp
bugs		: cpu_meltdown spectre_v1 spectre_v2
bogomips	: 5424.00
clflush size	: 64
cache_alignment	: 64
address sizes	: 39 bits physical, 48 bits virtual
power management:

processor	: 1
vendor_id	: GenuineIntel
cpu family	: 6
model		: 94
model name	: Intel(R) Core(TM) i5-6400 CPU @ 2.70GHz
stepping	: 3
microcode	: 0x39
cpu MHz		: 799.914
cache size	: 6144 KB
physical id	: 0
siblings	: 4
core id		: 1
cpu cores	: 4
apicid		: 2
initial apicid	: 2
fdiv_bug	: no
f00f_bug	: no
coma_bug	: no
fpu		: yes
fpu_exception	: yes
cpuid level	: 22
wp		: yes
flags		: fpu vme de pse tsc msr pae mce cx8 apic sep mtrr pge mca cmov pat pse36 clflush dts acpi mmx fxsr sse sse2 ss ht tm pbe nx pdpe1gb rdtscp lm constant_tsc art arch_perfmon pebs bts xtopology nonstop_tsc aperfmperf eagerfpu pni pclmulqdq dtes64 monitor ds_cpl vmx est tm2 ssse3 sdbg fma cx16 xtpr pdcm sse4_1 sse4_2 x2apic movbe popcnt tsc_deadline_timer aes xsave avx f16c rdrand lahf_lm abm 3dnowprefetch tpr_shadow vnmi flexpriority ept vpid fsgsbase tsc_adjust bmi1 avx2 smep bmi2 erms invpcid mpx rdseed adx smap clflushopt intel_pt xsaveopt xsavec xgetbv1 xsaves dtherm ida arat pln pts hwp hwp_notify hwp_act_window hwp_epp
bugs		: cpu_meltdown spectre_v1 spectre_v2
bogomips	: 5424.00
clflush size	: 64
cache_alignment	: 64
address sizes	: 39 bits physical, 48 bits virtual
power management:

processor	: 2
vendor_id	: GenuineIntel
cpu family	: 6
model		: 94
model name	: Intel(R) Core(TM) i5-6400 CPU @ 2.70GHz
stepping	: 3
microcode	: 0x39
cpu MHz		: 799.914
cache size	: 6144 KB
physical id	: 0
siblings	: 4
core id		: 2
cpu cores	: 4
apicid		: 4
initial apicid	: 4
fdiv_bug	: no
f00f_bug	: no
coma_bug	: no
fpu		: yes
fpu_exception	: yes
cpuid level	: 22
wp		: yes
flags		: fpu vme de pse tsc msr pae mce cx8 apic sep mtrr pge mca cmov pat pse36 clflush dts acpi mmx fxsr sse sse2 ss ht tm pbe nx pdpe1gb rdtscp lm constant_tsc art arch_perfmon pebs bts xtopology nonstop_tsc aperfmperf eagerfpu pni pclmulqdq dtes64 monitor ds_cpl vmx est tm2 ssse3 sdbg fma cx16 xtpr pdcm sse4_1 sse4_2 x2apic movbe popcnt tsc_deadline_timer aes xsave avx f16c rdrand lahf_lm abm 3dnowprefetch tpr_shadow vnmi flexpriority ept vpid fsgsbase tsc_adjust bmi1 avx2 smep bmi2 erms invpcid mpx rdseed adx smap clflushopt intel_pt xsaveopt xsavec xgetbv1 xsaves dtherm ida arat pln pts hwp hwp_notify hwp_act_window hwp_epp
bugs		: cpu_meltdown spectre_v1 spectre_v2
bogomips	: 5424.00
clflush size	: 64
cache_alignment	: 64
address sizes	: 39 bits physical, 48 bits virtual
power management:

processor	: 3
vendor_id	: GenuineIntel
cpu family	: 6
model		: 94
model name	: Intel(R) Core(TM) i5-6400 CPU @ 2.70GHz
stepping	: 3
microcode	: 0x39
cpu MHz		: 799.914
cache size	: 6144 KB
physical id	: 0
siblings	: 4
core id		: 3
cpu cores	: 4
apicid		: 6
initial apicid	: 6
fdiv_bug	: no
f00f_bug	: no
coma_bug	: no
fpu		: yes
fpu_exception	: yes
cpuid level	: 22
wp		: yes
flags		: fpu vme de pse tsc msr pae mce cx8 apic sep mtrr pge mca cmov pat pse36 clflush dts acpi mmx fxsr sse sse2 ss ht tm pbe nx pdpe1gb rdtscp lm constant_tsc art arch_perfmon pebs bts xtopology nonstop_tsc aperfmperf eagerfpu pni pclmulqdq dtes64 monitor ds_cpl vmx est tm2 ssse3 sdbg fma cx16 xtpr pdcm sse4_1 sse4_2 x2apic movbe popcnt tsc_deadline_timer aes xsave avx f16c rdrand lahf_lm abm 3dnowprefetch tpr_shadow vnmi flexpriority ept vpid fsgsbase tsc_adjust bmi1 avx2 smep bmi2 erms invpcid mpx rdseed adx smap clflushopt intel_pt xsaveopt xsavec xgetbv1 xsaves dtherm ida arat pln pts hwp hwp_notify hwp_act_window hwp_epp
bugs		: cpu_meltdown spectre_v1 spectre_v2
bogomips	: 5424.00
clflush size	: 64
cache_alignment	: 64
address sizes	: 39 bits physical, 48 bits virtual
power management:



Memory: 4k page, physical 16556144k(11778228k free), swap 16194556k(16194556k free)

vm_info: OpenJDK Server VM (25.151-b12) for linux-x86 JRE (1.8.0_151-8u151-b12-1~deb9u1-b12), built on Nov  1 2017 14:17:57 by "buildd" with gcc 6.3.0 20170516

time: Wed Mar  7 11:04:19 2018
elapsed time: 51 seconds (0d 0h 0m 51s)

